TranslationUnitDecl 0x196d518 <<invalid sloc>> <invalid sloc>
|-TypedefDecl 0x196dd40 <<invalid sloc>> <invalid sloc> implicit __int128_t '__int128'
| `-BuiltinType 0x196dae0 '__int128'
|-TypedefDecl 0x196ddb0 <<invalid sloc>> <invalid sloc> implicit __uint128_t 'unsigned __int128'
| `-BuiltinType 0x196db00 'unsigned __int128'
|-TypedefDecl 0x196e0b8 <<invalid sloc>> <invalid sloc> implicit __NSConstantString 'struct __NSConstantString_tag'
| `-RecordType 0x196de90 'struct __NSConstantString_tag'
|   `-Record 0x196de08 '__NSConstantString_tag'
|-TypedefDecl 0x196e150 <<invalid sloc>> <invalid sloc> implicit __builtin_ms_va_list 'char *'
| `-PointerType 0x196e110 'char *'
|   `-BuiltinType 0x196d5c0 'char'
|-TypedefDecl 0x196e448 <<invalid sloc>> <invalid sloc> implicit referenced __builtin_va_list 'struct __va_list_tag[1]'
| `-ConstantArrayType 0x196e3f0 'struct __va_list_tag[1]' 1 
|   `-RecordType 0x196e230 'struct __va_list_tag'
|     `-Record 0x196e1a8 '__va_list_tag'
|-TypedefDecl 0x196e4b8 </usr/lib/llvm-14/lib/clang/14.0.0/include/stddef.h:46:1, col:23> col:23 referenced size_t 'unsigned long'
| `-BuiltinType 0x196d6e0 'unsigned long'
|-TypedefDecl 0x19f6b30 </usr/lib/llvm-14/lib/clang/14.0.0/include/stdarg.h:14:1, col:27> col:27 va_list '__builtin_va_list':'struct __va_list_tag[1]'
| `-TypedefType 0x19f6b00 '__builtin_va_list' sugar
|   |-Typedef 0x196e448 '__builtin_va_list'
|   `-ConstantArrayType 0x196e3f0 'struct __va_list_tag[1]' 1 
|     `-RecordType 0x196e230 'struct __va_list_tag'
|       `-Record 0x196e1a8 '__va_list_tag'
|-TypedefDecl 0x19f6b98 <line:32:1, col:27> col:27 referenced __gnuc_va_list '__builtin_va_list':'struct __va_list_tag[1]'
| `-TypedefType 0x19f6b00 '__builtin_va_list' sugar
|   |-Typedef 0x196e448 '__builtin_va_list'
|   `-ConstantArrayType 0x196e3f0 'struct __va_list_tag[1]' 1 
|     `-RecordType 0x196e230 'struct __va_list_tag'
|       `-Record 0x196e1a8 '__va_list_tag'
|-TypedefDecl 0x19f6c08 </usr/include/x86_64-linux-gnu/bits/types.h:31:1, col:23> col:23 __u_char 'unsigned char'
| `-BuiltinType 0x196d680 'unsigned char'
|-TypedefDecl 0x19f6c78 <line:32:1, col:28> col:28 __u_short 'unsigned short'
| `-BuiltinType 0x196d6a0 'unsigned short'
|-TypedefDecl 0x19f6ce8 <line:33:1, col:22> col:22 __u_int 'unsigned int'
| `-BuiltinType 0x196d6c0 'unsigned int'
|-TypedefDecl 0x19f6d58 <line:34:1, col:27> col:27 __u_long 'unsigned long'
| `-BuiltinType 0x196d6e0 'unsigned long'
|-TypedefDecl 0x19f6dc8 <line:37:1, col:21> col:21 referenced __int8_t 'signed char'
| `-BuiltinType 0x196d5e0 'signed char'
|-TypedefDecl 0x19f6e38 <line:38:1, col:23> col:23 referenced __uint8_t 'unsigned char'
| `-BuiltinType 0x196d680 'unsigned char'
|-TypedefDecl 0x19f6ea8 <line:39:1, col:26> col:26 referenced __int16_t 'short'
| `-BuiltinType 0x196d600 'short'
|-TypedefDecl 0x19f6f18 <line:40:1, col:28> col:28 referenced __uint16_t 'unsigned short'
| `-BuiltinType 0x196d6a0 'unsigned short'
|-TypedefDecl 0x19f6f88 <line:41:1, col:20> col:20 referenced __int32_t 'int'
| `-BuiltinType 0x196d620 'int'
|-TypedefDecl 0x19f6ff8 <line:42:1, col:22> col:22 referenced __uint32_t 'unsigned int'
| `-BuiltinType 0x196d6c0 'unsigned int'
|-TypedefDecl 0x19f7068 <line:44:1, col:25> col:25 referenced __int64_t 'long'
| `-BuiltinType 0x196d640 'long'
|-TypedefDecl 0x19f70d8 <line:45:1, col:27> col:27 referenced __uint64_t 'unsigned long'
| `-BuiltinType 0x196d6e0 'unsigned long'
|-TypedefDecl 0x19f7160 <line:52:1, col:18> col:18 __int_least8_t '__int8_t':'signed char'
| `-TypedefType 0x19f7130 '__int8_t' sugar
|   |-Typedef 0x19f6dc8 '__int8_t'
|   `-BuiltinType 0x196d5e0 'signed char'
|-TypedefDecl 0x19f71f0 <line:53:1, col:19> col:19 __uint_least8_t '__uint8_t':'unsigned char'
| `-TypedefType 0x19f71c0 '__uint8_t' sugar
|   |-Typedef 0x19f6e38 '__uint8_t'
|   `-BuiltinType 0x196d680 'unsigned char'
|-TypedefDecl 0x19f7280 <line:54:1, col:19> col:19 __int_least16_t '__int16_t':'short'
| `-TypedefType 0x19f7250 '__int16_t' sugar
|   |-Typedef 0x19f6ea8 '__int16_t'
|   `-BuiltinType 0x196d600 'short'
|-TypedefDecl 0x19f7310 <line:55:1, col:20> col:20 __uint_least16_t '__uint16_t':'unsigned short'
| `-TypedefType 0x19f72e0 '__uint16_t' sugar
|   |-Typedef 0x19f6f18 '__uint16_t'
|   `-BuiltinType 0x196d6a0 'unsigned short'
|-TypedefDecl 0x19f73a0 <line:56:1, col:19> col:19 __int_least32_t '__int32_t':'int'
| `-TypedefType 0x19f7370 '__int32_t' sugar
|   |-Typedef 0x19f6f88 '__int32_t'
|   `-BuiltinType 0x196d620 'int'
|-TypedefDecl 0x19f7430 <line:57:1, col:20> col:20 __uint_least32_t '__uint32_t':'unsigned int'
| `-TypedefType 0x19f7400 '__uint32_t' sugar
|   |-Typedef 0x19f6ff8 '__uint32_t'
|   `-BuiltinType 0x196d6c0 'unsigned int'
|-TypedefDecl 0x19f74c0 <line:58:1, col:19> col:19 __int_least64_t '__int64_t':'long'
| `-TypedefType 0x19f7490 '__int64_t' sugar
|   |-Typedef 0x19f7068 '__int64_t'
|   `-BuiltinType 0x196d640 'long'
|-TypedefDecl 0x19f7550 <line:59:1, col:20> col:20 __uint_least64_t '__uint64_t':'unsigned long'
| `-TypedefType 0x19f7520 '__uint64_t' sugar
|   |-Typedef 0x19f70d8 '__uint64_t'
|   `-BuiltinType 0x196d6e0 'unsigned long'
|-TypedefDecl 0x19f75c0 <line:63:1, col:18> col:18 __quad_t 'long'
| `-BuiltinType 0x196d640 'long'
|-TypedefDecl 0x19f7630 <line:64:1, col:27> col:27 __u_quad_t 'unsigned long'
| `-BuiltinType 0x196d6e0 'unsigned long'
|-TypedefDecl 0x19f76a0 <line:72:1, col:18> col:18 __intmax_t 'long'
| `-BuiltinType 0x196d640 'long'
|-TypedefDecl 0x19f7710 <line:73:1, col:27> col:27 __uintmax_t 'unsigned long'
| `-BuiltinType 0x196d6e0 'unsigned long'
|-TypedefDecl 0x19f7780 <line:137:22, line:145:25> col:25 __dev_t 'unsigned long'
| `-BuiltinType 0x196d6e0 'unsigned long'
|-TypedefDecl 0x19f77f0 <line:137:22, line:146:25> col:25 __uid_t 'unsigned int'
| `-BuiltinType 0x196d6c0 'unsigned int'
|-TypedefDecl 0x19f7860 <line:137:22, line:147:25> col:25 __gid_t 'unsigned int'
| `-BuiltinType 0x196d6c0 'unsigned int'
|-TypedefDecl 0x19f78d0 <line:137:22, line:148:25> col:25 __ino_t 'unsigned long'
| `-BuiltinType 0x196d6e0 'unsigned long'
|-TypedefDecl 0x19f7940 <line:137:22, line:149:27> col:27 __ino64_t 'unsigned long'
| `-BuiltinType 0x196d6e0 'unsigned long'
|-TypedefDecl 0x19f79b0 <line:137:22, line:150:26> col:26 __mode_t 'unsigned int'
| `-BuiltinType 0x196d6c0 'unsigned int'
|-TypedefDecl 0x19f7a20 <line:137:22, line:151:27> col:27 __nlink_t 'unsigned long'
| `-BuiltinType 0x196d6e0 'unsigned long'
|-TypedefDecl 0x19f7a90 <line:137:22, line:152:25> col:25 referenced __off_t 'long'
| `-BuiltinType 0x196d640 'long'
|-TypedefDecl 0x1a04870 <line:137:22, line:153:27> col:27 referenced __off64_t 'long'
| `-BuiltinType 0x196d640 'long'
|-TypedefDecl 0x1a048e0 <line:137:22, line:154:25> col:25 __pid_t 'int'
| `-BuiltinType 0x196d620 'int'
|-RecordDecl 0x1a04938 </usr/include/x86_64-linux-gnu/bits/typesizes.h:73:24, col:47> col:24 struct definition
| `-FieldDecl 0x1a04a80 <col:33, col:44> col:37 __val 'int[2]'
|-TypedefDecl 0x1a04b28 </usr/include/x86_64-linux-gnu/bits/types.h:137:22, line:155:26> col:26 __fsid_t 'struct __fsid_t':'__fsid_t'
| `-ElaboratedType 0x1a04ad0 'struct __fsid_t' sugar
|   `-RecordType 0x1a049c0 '__fsid_t'
|     `-Record 0x1a04938 ''
|-TypedefDecl 0x1a04bb0 <line:137:22, line:156:27> col:27 __clock_t 'long'
| `-BuiltinType 0x196d640 'long'
|-TypedefDecl 0x1a04c20 <line:137:22, line:157:26> col:26 __rlim_t 'unsigned long'
| `-BuiltinType 0x196d6e0 'unsigned long'
|-TypedefDecl 0x1a04c90 <line:137:22, line:158:28> col:28 __rlim64_t 'unsigned long'
| `-BuiltinType 0x196d6e0 'unsigned long'
|-TypedefDecl 0x1a04d00 <line:137:22, line:159:24> col:24 __id_t 'unsigned int'
| `-BuiltinType 0x196d6c0 'unsigned int'
|-TypedefDecl 0x1a04d70 <line:137:22, line:160:26> col:26 __time_t 'long'
| `-BuiltinType 0x196d640 'long'
|-TypedefDecl 0x1a04de0 <line:137:22, line:161:30> col:30 __useconds_t 'unsigned int'
| `-BuiltinType 0x196d6c0 'unsigned int'
|-TypedefDecl 0x1a04e50 <line:137:22, line:162:31> col:31 __suseconds_t 'long'
| `-BuiltinType 0x196d640 'long'
|-TypedefDecl 0x1a04ec0 <line:137:22, line:163:33> col:33 __suseconds64_t 'long'
| `-BuiltinType 0x196d640 'long'
|-TypedefDecl 0x1a04f30 <line:137:22, line:165:27> col:27 __daddr_t 'int'
| `-BuiltinType 0x196d620 'int'
|-TypedefDecl 0x1a04fa0 <line:137:22, line:166:25> col:25 __key_t 'int'
| `-BuiltinType 0x196d620 'int'
|-TypedefDecl 0x1a05010 <line:137:22, line:169:29> col:29 __clockid_t 'int'
| `-BuiltinType 0x196d620 'int'
|-TypedefDecl 0x1a05080 <line:137:22, line:172:27> col:27 __timer_t 'void *'
| `-PointerType 0x196dca0 'void *'
|   `-BuiltinType 0x196d580 'void'
|-TypedefDecl 0x1a050f0 <line:137:22, line:175:29> col:29 __blksize_t 'long'
| `-BuiltinType 0x196d640 'long'
|-TypedefDecl 0x1a05160 <line:137:22, line:180:28> col:28 __blkcnt_t 'long'
| `-BuiltinType 0x196d640 'long'
|-TypedefDecl 0x1a051d0 <line:137:22, line:181:30> col:30 __blkcnt64_t 'long'
| `-BuiltinType 0x196d640 'long'
|-TypedefDecl 0x1a05240 <line:137:22, line:184:30> col:30 __fsblkcnt_t 'unsigned long'
| `-BuiltinType 0x196d6e0 'unsigned long'
|-TypedefDecl 0x1a052b0 <line:137:22, line:185:32> col:32 __fsblkcnt64_t 'unsigned long'
| `-BuiltinType 0x196d6e0 'unsigned long'
|-TypedefDecl 0x1a05320 <line:137:22, line:188:30> col:30 __fsfilcnt_t 'unsigned long'
| `-BuiltinType 0x196d6e0 'unsigned long'
|-TypedefDecl 0x1a05390 <line:137:22, line:189:32> col:32 __fsfilcnt64_t 'unsigned long'
| `-BuiltinType 0x196d6e0 'unsigned long'
|-TypedefDecl 0x1a05400 <line:137:22, line:192:28> col:28 __fsword_t 'long'
| `-BuiltinType 0x196d640 'long'
|-TypedefDecl 0x1a05470 <line:137:22, line:194:27> col:27 referenced __ssize_t 'long'
| `-BuiltinType 0x196d640 'long'
|-TypedefDecl 0x1a054e0 <line:137:22, line:197:33> col:33 __syscall_slong_t 'long'
| `-BuiltinType 0x196d640 'long'
|-TypedefDecl 0x1a05550 <line:137:22, line:199:33> col:33 __syscall_ulong_t 'unsigned long'
| `-BuiltinType 0x196d6e0 'unsigned long'
|-TypedefDecl 0x1a055e0 <line:203:1, col:19> col:19 __loff_t '__off64_t':'long'
| `-TypedefType 0x1a055b0 '__off64_t' sugar
|   |-Typedef 0x1a04870 '__off64_t'
|   `-BuiltinType 0x196d640 'long'
|-TypedefDecl 0x1a05650 <line:204:1, col:15> col:15 __caddr_t 'char *'
| `-PointerType 0x196e110 'char *'
|   `-BuiltinType 0x196d5c0 'char'
|-TypedefDecl 0x1a056c0 <line:137:22, line:207:25> col:25 __intptr_t 'long'
| `-BuiltinType 0x196d640 'long'
|-TypedefDecl 0x1a05730 <line:137:22, line:210:23> col:23 __socklen_t 'unsigned int'
| `-BuiltinType 0x196d6c0 'unsigned int'
|-TypedefDecl 0x1a057a0 <line:215:1, col:13> col:13 __sig_atomic_t 'int'
| `-BuiltinType 0x196d620 'int'
|-RecordDecl 0x1a06890 </usr/include/x86_64-linux-gnu/bits/types/__mbstate_t.h:13:9, line:21:1> line:13:9 struct definition
| |-FieldDecl 0x1a06948 <line:15:3, col:7> col:7 __count 'int'
| |-RecordDecl 0x1a06998 <line:16:3, line:20:3> line:16:3 union definition
| | |-FieldDecl 0x1a06a58 <<built-in>:98:23, /usr/include/x86_64-linux-gnu/bits/types/__mbstate_t.h:18:19> col:19 __wch 'unsigned int'
| | `-FieldDecl 0x1a06b48 <line:19:5, col:18> col:10 __wchb 'char[4]'
| `-FieldDecl 0x1a06bf8 <line:16:3, line:20:5> col:5 __value 'union (unnamed union at /usr/include/x86_64-linux-gnu/bits/types/__mbstate_t.h:16:3)':'union __mbstate_t::(unnamed at /usr/include/x86_64-linux-gnu/bits/types/__mbstate_t.h:16:3)'
|-TypedefDecl 0x1a06ca8 <line:13:1, line:21:3> col:3 referenced __mbstate_t 'struct __mbstate_t':'__mbstate_t'
| `-ElaboratedType 0x1a06c50 'struct __mbstate_t' sugar
|   `-RecordType 0x1a06910 '__mbstate_t'
|     `-Record 0x1a06890 ''
|-RecordDecl 0x1a06d18 </usr/include/x86_64-linux-gnu/bits/types/__fpos_t.h:10:9, line:14:1> line:10:16 struct _G_fpos_t definition
| |-FieldDecl 0x1a06df0 <line:12:3, col:11> col:11 __pos '__off_t':'long'
| `-FieldDecl 0x1a06e70 <line:13:3, col:15> col:15 __state '__mbstate_t':'__mbstate_t'
|-TypedefDecl 0x1a06f18 <line:10:1, line:14:3> col:3 referenced __fpos_t 'struct _G_fpos_t':'struct _G_fpos_t'
| `-ElaboratedType 0x1a06ec0 'struct _G_fpos_t' sugar
|   `-RecordType 0x1a06da0 'struct _G_fpos_t'
|     `-Record 0x1a06d18 '_G_fpos_t'
|-RecordDecl 0x1a06f88 </usr/include/x86_64-linux-gnu/bits/types/__fpos64_t.h:10:9, line:14:1> line:10:16 struct _G_fpos64_t definition
| |-FieldDecl 0x1a07040 <line:12:3, col:13> col:13 __pos '__off64_t':'long'
| `-FieldDecl 0x1a070a0 <line:13:3, col:15> col:15 __state '__mbstate_t':'__mbstate_t'
|-TypedefDecl 0x1a07148 <line:10:1, line:14:3> col:3 __fpos64_t 'struct _G_fpos64_t':'struct _G_fpos64_t'
| `-ElaboratedType 0x1a070f0 'struct _G_fpos64_t' sugar
|   `-RecordType 0x1a07010 'struct _G_fpos64_t'
|     `-Record 0x1a06f88 '_G_fpos64_t'
|-RecordDecl 0x1a071b8 </usr/include/x86_64-linux-gnu/bits/types/__FILE.h:4:1, col:8> col:8 struct _IO_FILE
|-TypedefDecl 0x1a072b0 <line:5:1, col:25> col:25 __FILE 'struct _IO_FILE':'struct _IO_FILE'
| `-ElaboratedType 0x1a07260 'struct _IO_FILE' sugar
|   `-RecordType 0x1a07240 'struct _IO_FILE'
|     `-Record 0x1a076c8 '_IO_FILE'
|-RecordDecl 0x1a07308 prev 0x1a071b8 </usr/include/x86_64-linux-gnu/bits/types/FILE.h:4:1, col:8> col:8 struct _IO_FILE
|-TypedefDecl 0x1a073a8 <line:7:1, col:25> col:25 referenced FILE 'struct _IO_FILE':'struct _IO_FILE'
| `-ElaboratedType 0x1a07260 'struct _IO_FILE' sugar
|   `-RecordType 0x1a07240 'struct _IO_FILE'
|     `-Record 0x1a076c8 '_IO_FILE'
|-RecordDecl 0x1a07400 prev 0x1a07308 </usr/include/x86_64-linux-gnu/bits/types/struct_FILE.h:35:1, col:8> col:8 struct _IO_FILE
|-RecordDecl 0x1a07480 <line:36:1, col:8> col:8 struct _IO_marker
|-RecordDecl 0x1a07520 <line:37:1, col:8> col:8 struct _IO_codecvt
|-RecordDecl 0x1a075c0 <line:38:1, col:8> col:8 struct _IO_wide_data
|-TypedefDecl 0x1a07670 <line:43:1, col:14> col:14 referenced _IO_lock_t 'void'
| `-BuiltinType 0x196d580 'void'
|-RecordDecl 0x1a076c8 prev 0x1a07400 <line:49:1, line:99:1> line:49:8 struct _IO_FILE definition
| |-FieldDecl 0x1a07760 <line:51:3, col:7> col:7 _flags 'int'
| |-FieldDecl 0x1a077c8 <line:54:3, col:9> col:9 _IO_read_ptr 'char *'
| |-FieldDecl 0x1a07830 <line:55:3, col:9> col:9 _IO_read_end 'char *'
| |-FieldDecl 0x1a0a948 <line:56:3, col:9> col:9 _IO_read_base 'char *'
| |-FieldDecl 0x1a0a9b0 <line:57:3, col:9> col:9 _IO_write_base 'char *'
| |-FieldDecl 0x1a0aa18 <line:58:3, col:9> col:9 _IO_write_ptr 'char *'
| |-FieldDecl 0x1a0aa80 <line:59:3, col:9> col:9 _IO_write_end 'char *'
| |-FieldDecl 0x1a0aae8 <line:60:3, col:9> col:9 _IO_buf_base 'char *'
| |-FieldDecl 0x1a0ab50 <line:61:3, col:9> col:9 _IO_buf_end 'char *'
| |-FieldDecl 0x1a0abb8 <line:64:3, col:9> col:9 _IO_save_base 'char *'
| |-FieldDecl 0x1a0ac20 <line:65:3, col:9> col:9 _IO_backup_base 'char *'
| |-FieldDecl 0x1a0ac88 <line:66:3, col:9> col:9 _IO_save_end 'char *'
| |-FieldDecl 0x1a0ad90 <line:68:3, col:22> col:22 _markers 'struct _IO_marker *'
| |-FieldDecl 0x1a0ae60 <line:70:3, col:20> col:20 _chain 'struct _IO_FILE *'
| |-FieldDecl 0x1a0aec8 <line:72:3, col:7> col:7 _fileno 'int'
| |-FieldDecl 0x1a0af30 <line:73:3, col:7> col:7 _flags2 'int'
| |-FieldDecl 0x1a0af90 <line:74:3, col:11> col:11 _old_offset '__off_t':'long'
| |-FieldDecl 0x1a0aff8 <line:77:3, col:18> col:18 _cur_column 'unsigned short'
| |-FieldDecl 0x1a0b060 <line:78:3, col:15> col:15 _vtable_offset 'signed char'
| |-FieldDecl 0x1a0b148 <line:79:3, col:19> col:8 _shortbuf 'char[1]'
| |-FieldDecl 0x1a0b1f8 <line:81:3, col:15> col:15 _lock '_IO_lock_t *'
| |-FieldDecl 0x1a0b258 <line:89:3, col:13> col:13 _offset '__off64_t':'long'
| |-FieldDecl 0x1a0b360 <line:91:3, col:23> col:23 _codecvt 'struct _IO_codecvt *'
| |-FieldDecl 0x1a0b460 <line:92:3, col:25> col:25 _wide_data 'struct _IO_wide_data *'
| |-FieldDecl 0x1a0b4d8 <line:93:3, col:20> col:20 _freeres_list 'struct _IO_FILE *'
| |-FieldDecl 0x1a0b540 <line:94:3, col:9> col:9 _freeres_buf 'void *'
| |-FieldDecl 0x1a0b5c0 <line:95:3, col:10> col:10 __pad5 'size_t':'unsigned long'
| |-FieldDecl 0x1a0b628 <line:96:3, col:7> col:7 _mode 'int'
| `-FieldDecl 0x1a0b888 <line:98:3, col:74> col:8 _unused2 'char[20]'
|-TypedefDecl 0x1a0d4f0 prev 0x19f6b30 </usr/include/stdio.h:52:1, col:24> col:24 va_list '__gnuc_va_list':'struct __va_list_tag[1]'
| `-TypedefType 0x1a0b8e0 '__gnuc_va_list' sugar
|   |-Typedef 0x19f6b98 '__gnuc_va_list'
|   `-TypedefType 0x19f6b00 '__builtin_va_list' sugar
|     |-Typedef 0x196e448 '__builtin_va_list'
|     `-ConstantArrayType 0x196e3f0 'struct __va_list_tag[1]' 1 
|       `-RecordType 0x196e230 'struct __va_list_tag'
|         `-Record 0x196e1a8 '__va_list_tag'
|-TypedefDecl 0x1a0d558 <line:63:1, col:17> col:17 off_t '__off_t':'long'
| `-TypedefType 0x1a06dc0 '__off_t' sugar
|   |-Typedef 0x19f7a90 '__off_t'
|   `-BuiltinType 0x196d640 'long'
|-TypedefDecl 0x1a0d5e0 <line:77:1, col:19> col:19 ssize_t '__ssize_t':'long'
| `-TypedefType 0x1a0d5b0 '__ssize_t' sugar
|   |-Typedef 0x1a05470 '__ssize_t'
|   `-BuiltinType 0x196d640 'long'
|-TypedefDecl 0x1a0d670 <line:84:1, col:18> col:18 referenced fpos_t '__fpos_t':'struct _G_fpos_t'
| `-TypedefType 0x1a0d640 '__fpos_t' sugar
|   |-Typedef 0x1a06f18 '__fpos_t'
|   `-ElaboratedType 0x1a06ec0 'struct _G_fpos_t' sugar
|     `-RecordType 0x1a06da0 'struct _G_fpos_t'
|       `-Record 0x1a06d18 '_G_fpos_t'
|-VarDecl 0x1a0d728 <line:143:1, col:14> col:14 stdin 'FILE *' extern
|-VarDecl 0x1a0d7e8 <line:144:1, col:14> col:14 stdout 'FILE *' extern
|-VarDecl 0x1a0d860 <line:145:1, col:14> col:14 stderr 'FILE *' extern
|-FunctionDecl 0x1a0d9b0 <line:152:1, /usr/include/x86_64-linux-gnu/sys/cdefs.h:79:54> /usr/include/stdio.h:152:12 remove 'int (const char *)' extern
| |-ParmVarDecl 0x1a0d8e0 <col:20, col:32> col:32 __filename 'const char *'
| `-NoThrowAttr 0x1a0da58 </usr/include/x86_64-linux-gnu/sys/cdefs.h:79:35>
|-FunctionDecl 0x1a0dc20 </usr/include/stdio.h:154:1, /usr/include/x86_64-linux-gnu/sys/cdefs.h:79:54> /usr/include/stdio.h:154:12 rename 'int (const char *, const char *)' extern
| |-ParmVarDecl 0x1a0dac8 <col:20, col:32> col:32 __old 'const char *'
| |-ParmVarDecl 0x1a0db48 <col:39, col:51> col:51 __new 'const char *'
| `-NoThrowAttr 0x1a0dcd0 </usr/include/x86_64-linux-gnu/sys/cdefs.h:79:35>
|-FunctionDecl 0x1a0dfc0 </usr/include/stdio.h:158:1, /usr/include/x86_64-linux-gnu/sys/cdefs.h:79:54> /usr/include/stdio.h:158:12 renameat 'int (int, const char *, int, const char *)' extern
| |-ParmVarDecl 0x1a0dd40 <col:22, col:26> col:26 __oldfd 'int'
| |-ParmVarDecl 0x1a0ddc0 <col:35, col:47> col:47 __old 'const char *'
| |-ParmVarDecl 0x1a0de40 <col:54, col:58> col:58 __newfd 'int'
| |-ParmVarDecl 0x1a0dec0 <line:159:8, col:20> col:20 __new 'const char *'
| `-NoThrowAttr 0x1a0e080 </usr/include/x86_64-linux-gnu/sys/cdefs.h:79:35>
|-FunctionDecl 0x1a0e1e0 </usr/include/stdio.h:178:1, col:34> col:12 fclose 'int (FILE *)' extern
| `-ParmVarDecl 0x1a0e0e8 <col:20, col:26> col:26 __stream 'FILE *'
|-FunctionDecl 0x1a0e378 <line:188:1, /usr/include/x86_64-linux-gnu/sys/cdefs.h:281:58> /usr/include/stdio.h:188:14 tmpfile 'FILE *(void)' extern
| `-RestrictAttr 0x1a0e418 </usr/include/x86_64-linux-gnu/sys/cdefs.h:281:47> malloc
|-FunctionDecl 0x1a12bd0 </usr/include/stdio.h:205:1, /usr/include/x86_64-linux-gnu/sys/cdefs.h:79:54> /usr/include/stdio.h:205:14 tmpnam 'char *(char *)' extern
| |-ParmVarDecl 0x1a12ad0 <col:22, col:35> col:26 'char *':'char *'
| `-NoThrowAttr 0x1a12c78 </usr/include/x86_64-linux-gnu/sys/cdefs.h:79:35>
|-FunctionDecl 0x1a12dc8 </usr/include/stdio.h:210:1, /usr/include/x86_64-linux-gnu/sys/cdefs.h:79:54> /usr/include/stdio.h:210:14 tmpnam_r 'char *(char *)' extern
| |-ParmVarDecl 0x1a12d30 <col:24, col:41> col:29 __s 'char *':'char *'
| `-NoThrowAttr 0x1a12e70 </usr/include/x86_64-linux-gnu/sys/cdefs.h:79:35>
|-FunctionDecl 0x1a13040 </usr/include/stdio.h:222:1, /usr/include/x86_64-linux-gnu/sys/cdefs.h:281:58> /usr/include/stdio.h:222:14 tempnam 'char *(const char *, const char *)' extern
| |-ParmVarDecl 0x1a12ee0 <col:23, col:35> col:35 __dir 'const char *'
| |-ParmVarDecl 0x1a12f60 <col:42, col:54> col:54 __pfx 'const char *'
| |-NoThrowAttr 0x1a130f0 </usr/include/x86_64-linux-gnu/sys/cdefs.h:79:35>
| `-RestrictAttr 0x1a13148 <line:281:47> malloc
|-FunctionDecl 0x1a13218 </usr/include/stdio.h:230:1, col:34> col:12 fflush 'int (FILE *)' extern
| `-ParmVarDecl 0x1a13180 <col:20, col:26> col:26 __stream 'FILE *'
|-FunctionDecl 0x1a13368 <line:239:1, col:43> col:12 fflush_unlocked 'int (FILE *)' extern
| `-ParmVarDecl 0x1a132d0 <col:29, col:35> col:35 __stream 'FILE *'
|-FunctionDecl 0x1a135f8 <line:258:14> col:14 implicit fopen 'FILE *(const char *, const char *)' extern
| |-ParmVarDecl 0x1a136f0 <<invalid sloc>> <invalid sloc> 'const char *'
| |-ParmVarDecl 0x1a13758 <<invalid sloc>> <invalid sloc> 'const char *'
| `-BuiltinAttr 0x1a13698 <<invalid sloc>> Implicit 838
|-FunctionDecl 0x1a137d0 prev 0x1a135f8 <col:1, /usr/include/x86_64-linux-gnu/sys/cdefs.h:281:58> /usr/include/stdio.h:258:14 fopen 'FILE *(const char *, const char *)' extern
| |-ParmVarDecl 0x1a13428 <col:21, col:44> col:44 __filename 'const char *restrict'
| |-ParmVarDecl 0x1a134a8 <line:259:7, col:30> col:30 __modes 'const char *restrict'
| |-BuiltinAttr 0x1a138d8 <<invalid sloc>> Inherited Implicit 838
| `-RestrictAttr 0x1a13880 </usr/include/x86_64-linux-gnu/sys/cdefs.h:281:47> malloc
|-FunctionDecl 0x1a15bd8 </usr/include/stdio.h:265:1, line:267:34> line:265:14 freopen 'FILE *(const char *restrict, const char *restrict, FILE *restrict)' extern
| |-ParmVarDecl 0x1a13918 <col:23, col:46> col:46 __filename 'const char *restrict'
| |-ParmVarDecl 0x1a13998 <line:266:9, col:32> col:32 __modes 'const char *restrict'
| `-ParmVarDecl 0x1a13a10 <line:267:9, col:26> col:26 __stream 'FILE *restrict'
|-FunctionDecl 0x1a15e38 <line:293:1, /usr/include/x86_64-linux-gnu/sys/cdefs.h:281:58> /usr/include/stdio.h:293:14 fdopen 'FILE *(int, const char *)' extern
| |-ParmVarDecl 0x1a15ca8 <col:22, col:26> col:26 __fd 'int'
| |-ParmVarDecl 0x1a15d28 <col:32, col:44> col:44 __modes 'const char *'
| |-NoThrowAttr 0x1a15ee8 </usr/include/x86_64-linux-gnu/sys/cdefs.h:79:35>
| `-RestrictAttr 0x1a15f40 <line:281:47> malloc
|-FunctionDecl 0x1a16198 </usr/include/stdio.h:308:1, /usr/include/x86_64-linux-gnu/sys/cdefs.h:281:58> /usr/include/stdio.h:308:14 fmemopen 'FILE *(void *, size_t, const char *)' extern
| |-ParmVarDecl 0x1a15f80 <col:24, col:30> col:30 __s 'void *'
| |-ParmVarDecl 0x1a15ff8 <col:35, col:42> col:42 __len 'size_t':'unsigned long'
| |-ParmVarDecl 0x1a16078 <col:49, col:61> col:61 __modes 'const char *'
| |-NoThrowAttr 0x1a16250 </usr/include/x86_64-linux-gnu/sys/cdefs.h:79:35>
| `-RestrictAttr 0x1a162a8 <line:281:47> malloc
|-FunctionDecl 0x1a164f8 </usr/include/stdio.h:314:1, /usr/include/x86_64-linux-gnu/sys/cdefs.h:281:58> /usr/include/stdio.h:314:14 open_memstream 'FILE *(char **, size_t *)' extern
| |-ParmVarDecl 0x1a16310 <col:30, col:37> col:37 __bufloc 'char **'
| |-ParmVarDecl 0x1a163e8 <col:47, col:55> col:55 __sizeloc 'size_t *'
| |-NoThrowAttr 0x1a165a8 </usr/include/x86_64-linux-gnu/sys/cdefs.h:79:35>
| `-RestrictAttr 0x1a16600 <line:281:47> malloc
|-FunctionDecl 0x1a167c8 </usr/include/stdio.h:328:1, /usr/include/x86_64-linux-gnu/sys/cdefs.h:79:54> /usr/include/stdio.h:328:13 setbuf 'void (FILE *restrict, char *restrict)' extern
| |-ParmVarDecl 0x1a16638 <col:21, col:38> col:38 __stream 'FILE *restrict'
| |-ParmVarDecl 0x1a166b8 <col:48, col:65> col:65 __buf 'char *restrict'
| `-NoThrowAttr 0x1a16878 </usr/include/x86_64-linux-gnu/sys/cdefs.h:79:35>
|-FunctionDecl 0x1a16bc0 </usr/include/stdio.h:332:1, /usr/include/x86_64-linux-gnu/sys/cdefs.h:79:54> /usr/include/stdio.h:332:12 setvbuf 'int (FILE *restrict, char *restrict, int, size_t)' extern
| |-ParmVarDecl 0x1a168e0 <col:21, col:38> col:38 __stream 'FILE *restrict'
| |-ParmVarDecl 0x1a16960 <col:48, col:65> col:65 __buf 'char *restrict'
| |-ParmVarDecl 0x1a169e0 <line:333:7, col:11> col:11 __modes 'int'
| |-ParmVarDecl 0x1a16a58 <col:20, col:27> col:27 __n 'size_t':'unsigned long'
| `-NoThrowAttr 0x1a16c80 </usr/include/x86_64-linux-gnu/sys/cdefs.h:79:35>
|-FunctionDecl 0x1a16f08 </usr/include/stdio.h:338:1, /usr/include/x86_64-linux-gnu/sys/cdefs.h:79:54> /usr/include/stdio.h:338:13 setbuffer 'void (FILE *restrict, char *restrict, size_t)' extern
| |-ParmVarDecl 0x1a16ce8 <col:24, col:41> col:41 __stream 'FILE *restrict'
| |-ParmVarDecl 0x1a16d68 <col:51, col:68> col:68 __buf 'char *restrict'
| |-ParmVarDecl 0x1a16de0 <line:339:10, col:17> col:17 __size 'size_t':'unsigned long'
| `-NoThrowAttr 0x1a16fc0 </usr/include/x86_64-linux-gnu/sys/cdefs.h:79:35>
|-FunctionDecl 0x1a17118 </usr/include/stdio.h:342:1, /usr/include/x86_64-linux-gnu/sys/cdefs.h:79:54> /usr/include/stdio.h:342:13 setlinebuf 'void (FILE *)' extern
| |-ParmVarDecl 0x1a17028 <col:25, col:31> col:31 __stream 'FILE *'
| `-NoThrowAttr 0x1a171c0 </usr/include/x86_64-linux-gnu/sys/cdefs.h:79:35>
|-FunctionDecl 0x1a17410 </usr/include/stdio.h:350:12> col:12 implicit fprintf 'int (FILE *, const char *, ...)' extern
| |-ParmVarDecl 0x1a17508 <<invalid sloc>> <invalid sloc> 'FILE *'
| |-ParmVarDecl 0x1a17570 <<invalid sloc>> <invalid sloc> 'const char *'
| |-BuiltinAttr 0x1a174b0 <<invalid sloc>> Implicit 825
| `-FormatAttr 0x1a175e8 <col:12> Implicit printf 2 3
|-FunctionDecl 0x1a17620 prev 0x1a17410 <col:1, line:351:43> line:350:12 fprintf 'int (FILE *, const char *, ...)' extern
| |-ParmVarDecl 0x1a17228 <col:21, col:38> col:38 __stream 'FILE *restrict'
| |-ParmVarDecl 0x1a172a8 <line:351:7, col:30> col:30 __format 'const char *restrict'
| |-BuiltinAttr 0x1a17700 <<invalid sloc>> Inherited Implicit 825
| `-FormatAttr 0x1a17728 <line:350:12> Inherited printf 2 3
|-FunctionDecl 0x1a17888 <line:356:12> col:12 implicit used printf 'int (const char *, ...)' extern
| |-ParmVarDecl 0x1a17980 <<invalid sloc>> <invalid sloc> 'const char *'
| |-BuiltinAttr 0x1a17928 <<invalid sloc>> Implicit 824
| `-FormatAttr 0x1a179f0 <col:12> Implicit printf 1 2
|-FunctionDecl 0x1a17a28 prev 0x1a17888 <col:1, col:56> col:12 used printf 'int (const char *, ...)' extern
| |-ParmVarDecl 0x1a17778 <col:20, col:43> col:43 __format 'const char *restrict'
| |-BuiltinAttr 0x1a17b00 <<invalid sloc>> Inherited Implicit 824
| `-FormatAttr 0x1a17b40 <col:12> Inherited printf 1 2
|-FunctionDecl 0x1a17d38 <line:358:12> col:12 implicit sprintf 'int (char *, const char *, ...)' extern
| |-ParmVarDecl 0x1a17e30 <<invalid sloc>> <invalid sloc> 'char *'
| |-ParmVarDecl 0x1a17e98 <<invalid sloc>> <invalid sloc> 'const char *'
| |-BuiltinAttr 0x1a17dd8 <<invalid sloc>> Implicit 827
| `-FormatAttr 0x1a17f10 <col:12> Implicit printf 2 3
|-FunctionDecl 0x1a17f48 prev 0x1a17d38 <col:1, /usr/include/x86_64-linux-gnu/sys/cdefs.h:80:49> /usr/include/stdio.h:358:12 sprintf 'int (char *, const char *, ...)' extern
| |-ParmVarDecl 0x1a17b90 <col:21, col:38> col:38 __s 'char *restrict'
| |-ParmVarDecl 0x1a17c10 <line:359:7, col:30> col:30 __format 'const char *restrict'
| |-BuiltinAttr 0x1a18050 <<invalid sloc>> Inherited Implicit 827
| |-FormatAttr 0x1a18078 <line:358:12> Inherited printf 2 3
| `-NoThrowAttr 0x1a17ff8 </usr/include/x86_64-linux-gnu/sys/cdefs.h:80:37>
|-FunctionDecl 0x1a18390 </usr/include/stdio.h:365:12> col:12 implicit vfprintf 'int (FILE *, const char *, struct __va_list_tag *)' extern
| |-ParmVarDecl 0x1a18488 <<invalid sloc>> <invalid sloc> 'FILE *'
| |-ParmVarDecl 0x1a184f0 <<invalid sloc>> <invalid sloc> 'const char *'
| |-ParmVarDecl 0x1a18558 <<invalid sloc>> <invalid sloc> 'struct __va_list_tag *'
| |-BuiltinAttr 0x1a18430 <<invalid sloc>> Implicit 829
| `-FormatAttr 0x1a185d8 <col:12> Implicit printf 2 0
|-FunctionDecl 0x1a18610 prev 0x1a18390 <col:1, line:366:28> line:365:12 vfprintf 'int (FILE *, const char *, struct __va_list_tag *)' extern
| |-ParmVarDecl 0x1a180c0 <col:22, col:39> col:39 __s 'FILE *restrict'
| |-ParmVarDecl 0x1a18140 <col:44, col:67> col:67 __format 'const char *restrict'
| |-ParmVarDecl 0x1a18220 <line:366:8, col:23> col:23 __arg 'struct __va_list_tag *':'struct __va_list_tag *'
| |-BuiltinAttr 0x1a186f8 <<invalid sloc>> Inherited Implicit 829
| `-FormatAttr 0x1a18720 <line:365:12> Inherited printf 2 0
|-FunctionDecl 0x1a18900 <line:371:12> col:12 implicit vprintf 'int (const char *, struct __va_list_tag *)' extern
| |-ParmVarDecl 0x1a189f8 <<invalid sloc>> <invalid sloc> 'const char *'
| |-ParmVarDecl 0x1a18a60 <<invalid sloc>> <invalid sloc> 'struct __va_list_tag *'
| |-BuiltinAttr 0x1a189a0 <<invalid sloc>> Implicit 828
| `-FormatAttr 0x1a18ad8 <col:12> Implicit printf 1 0
|-FunctionDecl 0x1a18bf0 prev 0x1a18900 <col:1, col:74> col:12 vprintf 'int (const char *, struct __va_list_tag *)' extern
| |-ParmVarDecl 0x1a18770 <col:21, col:44> col:44 __format 'const char *restrict'
| |-ParmVarDecl 0x1a187e8 <col:54, col:69> col:69 __arg 'struct __va_list_tag *':'struct __va_list_tag *'
| |-BuiltinAttr 0x1a18cd0 <<invalid sloc>> Inherited Implicit 828
| `-FormatAttr 0x1a18cf8 <col:12> Inherited printf 1 0
|-FunctionDecl 0x1a18f70 <line:373:12> col:12 implicit vsprintf 'int (char *, const char *, struct __va_list_tag *)' extern
| |-ParmVarDecl 0x1a19068 <<invalid sloc>> <invalid sloc> 'char *'
| |-ParmVarDecl 0x1a190d0 <<invalid sloc>> <invalid sloc> 'const char *'
| |-ParmVarDecl 0x1a19138 <<invalid sloc>> <invalid sloc> 'struct __va_list_tag *'
| |-BuiltinAttr 0x1a19010 <<invalid sloc>> Implicit 831
| `-FormatAttr 0x1a191b8 <col:12> Implicit printf 2 0
|-FunctionDecl 0x1a191f0 prev 0x1a18f70 <col:1, /usr/include/x86_64-linux-gnu/sys/cdefs.h:80:49> /usr/include/stdio.h:373:12 vsprintf 'int (char *, const char *, struct __va_list_tag *)' extern
| |-ParmVarDecl 0x1a18d48 <col:22, col:39> col:39 __s 'char *restrict'
| |-ParmVarDecl 0x1a18dc8 <col:44, col:67> col:67 __format 'const char *restrict'
| |-ParmVarDecl 0x1a18e40 <line:374:8, col:23> col:23 __arg 'struct __va_list_tag *':'struct __va_list_tag *'
| |-BuiltinAttr 0x1a19300 <<invalid sloc>> Inherited Implicit 831
| |-FormatAttr 0x1a19328 <line:373:12> Inherited printf 2 0
| `-NoThrowAttr 0x1a192a8 </usr/include/x86_64-linux-gnu/sys/cdefs.h:80:37>
|-FunctionDecl 0x1a19608 </usr/include/stdio.h:378:12> col:12 implicit snprintf 'int (char *, unsigned long, const char *, ...)' extern
| |-ParmVarDecl 0x1a19700 <<invalid sloc>> <invalid sloc> 'char *'
| |-ParmVarDecl 0x1a19768 <<invalid sloc>> <invalid sloc> 'unsigned long'
| |-ParmVarDecl 0x1a197d0 <<invalid sloc>> <invalid sloc> 'const char *'
| |-BuiltinAttr 0x1a196a8 <<invalid sloc>> Implicit 826
| `-FormatAttr 0x1a19850 <col:12> Implicit printf 3 4
|-FunctionDecl 0x1a19888 prev 0x1a19608 <col:1, line:380:62> line:378:12 snprintf 'int (char *, unsigned long, const char *, ...)' extern
| |-ParmVarDecl 0x1a19378 <col:22, col:39> col:39 __s 'char *restrict'
| |-ParmVarDecl 0x1a193f0 <col:44, col:51> col:51 __maxlen 'size_t':'unsigned long'
| |-ParmVarDecl 0x1a19470 <line:379:8, col:31> col:31 __format 'const char *restrict'
| |-BuiltinAttr 0x1a199d0 <<invalid sloc>> Inherited Implicit 826
| |-NoThrowAttr 0x1a19940 </usr/include/x86_64-linux-gnu/sys/cdefs.h:80:37>
| `-FormatAttr 0x1a19998 </usr/include/stdio.h:380:32, col:60> printf 3 4
|-FunctionDecl 0x1a19d30 <line:382:12> col:12 implicit vsnprintf 'int (char *, unsigned long, const char *, struct __va_list_tag *)' extern
| |-ParmVarDecl 0x1a19e28 <<invalid sloc>> <invalid sloc> 'char *'
| |-ParmVarDecl 0x1a19e90 <<invalid sloc>> <invalid sloc> 'unsigned long'
| |-ParmVarDecl 0x1a19ef8 <<invalid sloc>> <invalid sloc> 'const char *'
| |-ParmVarDecl 0x1a19f60 <<invalid sloc>> <invalid sloc> 'struct __va_list_tag *'
| |-BuiltinAttr 0x1a19dd0 <<invalid sloc>> Implicit 830
| `-FormatAttr 0x1a19fe8 <col:12> Implicit printf 3 0
|-FunctionDecl 0x1a1a020 prev 0x1a19d30 <col:1, line:384:62> line:382:12 vsnprintf 'int (char *, unsigned long, const char *, struct __va_list_tag *)' extern
| |-ParmVarDecl 0x1a19a10 <col:23, col:40> col:40 __s 'char *restrict'
| |-ParmVarDecl 0x1a19a88 <col:45, col:52> col:52 __maxlen 'size_t':'unsigned long'
| |-ParmVarDecl 0x1a19b08 <line:383:9, col:32> col:32 __format 'const char *restrict'
| |-ParmVarDecl 0x1a19b80 <col:42, col:57> col:57 __arg 'struct __va_list_tag *':'struct __va_list_tag *'
| |-BuiltinAttr 0x1a1a170 <<invalid sloc>> Inherited Implicit 830
| |-NoThrowAttr 0x1a1a0e0 </usr/include/x86_64-linux-gnu/sys/cdefs.h:80:37>
| `-FormatAttr 0x1a1a138 </usr/include/stdio.h:384:32, col:60> printf 3 0
|-FunctionDecl 0x1a1a420 <line:403:1, line:405:52> line:403:12 vdprintf 'int (int, const char *restrict, struct __va_list_tag *)' extern
| |-ParmVarDecl 0x1a1a1b0 <col:22, col:26> col:26 __fd 'int'
| |-ParmVarDecl 0x1a1a230 <col:32, col:55> col:55 __fmt 'const char *restrict'
| |-ParmVarDecl 0x1a1a2a8 <line:404:8, col:23> col:23 __arg 'struct __va_list_tag *':'struct __va_list_tag *'
| `-FormatAttr 0x1a1a4d8 <line:405:22, col:50> printf 2 0
|-FunctionDecl 0x1a1a748 <line:406:1, line:407:52> line:406:12 dprintf 'int (int, const char *restrict, ...)' extern
| |-ParmVarDecl 0x1a1a558 <col:21, col:25> col:25 __fd 'int'
| |-ParmVarDecl 0x1a1a5d8 <col:31, col:54> col:54 __fmt 'const char *restrict'
| `-FormatAttr 0x1a1a7f8 <line:407:22, col:50> printf 2 3
|-FunctionDecl 0x1a1a990 <line:415:12> col:12 implicit fscanf 'int (FILE *restrict, const char *restrict, ...)' extern
| |-ParmVarDecl 0x1a1aa88 <<invalid sloc>> <invalid sloc> 'FILE *restrict'
| |-ParmVarDecl 0x1a1aaf0 <<invalid sloc>> <invalid sloc> 'const char *restrict'
| |-BuiltinAttr 0x1a1aa30 <<invalid sloc>> Implicit 833
| `-FormatAttr 0x1a1ab68 <col:12> Implicit scanf 2 3
|-FunctionDecl 0x1a1bc30 prev 0x1a1a990 <col:1, line:416:42> line:415:12 fscanf 'int (FILE *restrict, const char *restrict, ...)' extern
| |-ParmVarDecl 0x1a1a870 <col:20, col:37> col:37 __stream 'FILE *restrict'
| |-ParmVarDecl 0x1a1a8f0 <line:416:6, col:29> col:29 __format 'const char *restrict'
| |-BuiltinAttr 0x1a1bd10 <<invalid sloc>> Inherited Implicit 833
| `-FormatAttr 0x1a1bd38 <line:415:12> Inherited scanf 2 3
|-FunctionDecl 0x1a1be20 <line:421:12> col:12 implicit used scanf 'int (const char *restrict, ...)' extern
| |-ParmVarDecl 0x1a1bf18 <<invalid sloc>> <invalid sloc> 'const char *restrict'
| |-BuiltinAttr 0x1a1bec0 <<invalid sloc>> Implicit 832
| `-FormatAttr 0x1a1bf88 <col:12> Implicit scanf 1 2
|-FunctionDecl 0x1a1bfc0 prev 0x1a1be20 <col:1, col:55> col:12 used scanf 'int (const char *restrict, ...)' extern
| |-ParmVarDecl 0x1a1bd88 <col:19, col:42> col:42 __format 'const char *restrict'
| |-BuiltinAttr 0x1a1c098 <<invalid sloc>> Inherited Implicit 832
| `-FormatAttr 0x1a1c0c0 <col:12> Inherited scanf 1 2
|-FunctionDecl 0x1a1c2b8 <line:423:12> col:12 implicit sscanf 'int (const char *restrict, const char *restrict, ...)' extern
| |-ParmVarDecl 0x1a1c3b0 <<invalid sloc>> <invalid sloc> 'const char *restrict'
| |-ParmVarDecl 0x1a1c418 <<invalid sloc>> <invalid sloc> 'const char *restrict'
| |-BuiltinAttr 0x1a1c358 <<invalid sloc>> Implicit 834
| `-FormatAttr 0x1a1c490 <col:12> Implicit scanf 2 3
|-FunctionDecl 0x1a1c4c8 prev 0x1a1c2b8 <col:1, /usr/include/x86_64-linux-gnu/sys/cdefs.h:79:54> /usr/include/stdio.h:423:12 sscanf 'int (const char *restrict, const char *restrict, ...)' extern
| |-ParmVarDecl 0x1a1c110 <col:20, col:43> col:43 __s 'const char *restrict'
| |-ParmVarDecl 0x1a1c190 <line:424:6, col:29> col:29 __format 'const char *restrict'
| |-BuiltinAttr 0x1a1c5d0 <<invalid sloc>> Inherited Implicit 834
| |-FormatAttr 0x1a1c5f8 <line:423:12> Inherited scanf 2 3
| `-NoThrowAttr 0x1a1c578 </usr/include/x86_64-linux-gnu/sys/cdefs.h:79:35>
|-TypedefDecl 0x1a1c648 </usr/include/x86_64-linux-gnu/bits/floatn-common.h:214:1, col:15> col:15 _Float32 'float'
| `-BuiltinType 0x196d720 'float'
|-TypedefDecl 0x1a1c6b8 <line:251:1, col:16> col:16 _Float64 'double'
| `-BuiltinType 0x196d740 'double'
|-TypedefDecl 0x1a1c728 <line:268:1, col:16> col:16 _Float32x 'double'
| `-BuiltinType 0x196d740 'double'
|-TypedefDecl 0x1a1c798 <line:285:1, col:21> col:21 _Float64x 'long double'
| `-BuiltinType 0x196d760 'long double'
|-FunctionDecl 0x1a1c990 prev 0x1a1bc30 </usr/include/stdio.h:434:1, /usr/include/x86_64-linux-gnu/sys/cdefs.h:247:79> /usr/include/stdio.h:434:24 fscanf 'int (FILE *restrict, const char *restrict, ...)' extern
| |-ParmVarDecl 0x1a1c800 <col:33, col:50> col:50 __stream 'FILE *restrict'
| |-ParmVarDecl 0x1a1c880 <line:435:5, col:28> col:28 __format 'const char *restrict'
| |-BuiltinAttr 0x1a1cab8 <<invalid sloc>> Inherited Implicit 833
| |-FormatAttr 0x1a1cae0 <line:415:12> Inherited scanf 2 3
| `-AsmLabelAttr 0x1a1ca30 <<scratch space>:32:1> "__isoc99_fscanf" IsLiteralLabel
|-FunctionDecl 0x1a28070 prev 0x1a1bfc0 </usr/include/stdio.h:437:1, /usr/include/x86_64-linux-gnu/sys/cdefs.h:247:79> /usr/include/stdio.h:437:24 used scanf 'int (const char *restrict, ...)' extern
| |-ParmVarDecl 0x1a1cb30 <col:32, col:55> col:55 __format 'const char *restrict'
| |-BuiltinAttr 0x1a28190 <<invalid sloc>> Inherited Implicit 832
| |-FormatAttr 0x1a281b8 <line:421:12> Inherited scanf 1 2
| `-AsmLabelAttr 0x1a28110 <<scratch space>:34:1> "__isoc99_scanf" IsLiteralLabel
|-FunctionDecl 0x1a28358 prev 0x1a1c4c8 </usr/include/stdio.h:439:1, /usr/include/x86_64-linux-gnu/sys/cdefs.h:79:54> /usr/include/stdio.h:439:28 sscanf 'int (const char *restrict, const char *restrict, ...)' extern
| |-ParmVarDecl 0x1a28208 <col:37, col:60> col:60 __s 'const char *restrict'
| |-ParmVarDecl 0x1a28288 <line:440:9, col:32> col:32 __format 'const char *restrict'
| |-BuiltinAttr 0x1a284a8 <<invalid sloc>> Inherited Implicit 834
| |-FormatAttr 0x1a284d0 <line:423:12> Inherited scanf 2 3
| |-AsmLabelAttr 0x1a283f8 <<scratch space>:36:1> "__isoc99_sscanf" IsLiteralLabel
| `-NoThrowAttr 0x1a28480 </usr/include/x86_64-linux-gnu/sys/cdefs.h:79:35>
|-FunctionDecl 0x1a28750 </usr/include/stdio.h:459:12> col:12 implicit vfscanf 'int (FILE *restrict, const char *restrict, struct __va_list_tag *)' extern
| |-ParmVarDecl 0x1a28848 <<invalid sloc>> <invalid sloc> 'FILE *restrict'
| |-ParmVarDecl 0x1a288b0 <<invalid sloc>> <invalid sloc> 'const char *restrict'
| |-ParmVarDecl 0x1a28918 <<invalid sloc>> <invalid sloc> 'struct __va_list_tag *'
| |-BuiltinAttr 0x1a287f0 <<invalid sloc>> Implicit 836
| `-FormatAttr 0x1a28998 <col:12> Implicit scanf 2 0
|-FunctionDecl 0x1a289d0 prev 0x1a28750 <col:1, line:461:51> line:459:12 vfscanf 'int (FILE *restrict, const char *restrict, struct __va_list_tag *)' extern
| |-ParmVarDecl 0x1a28518 <col:21, col:38> col:38 __s 'FILE *restrict'
| |-ParmVarDecl 0x1a28598 <col:43, col:66> col:66 __format 'const char *restrict'
| |-ParmVarDecl 0x1a28610 <line:460:7, col:22> col:22 __arg 'struct __va_list_tag *':'struct __va_list_tag *'
| |-BuiltinAttr 0x1a28af0 <<invalid sloc>> Inherited Implicit 836
| `-FormatAttr 0x1a28a88 <line:461:22, col:49> scanf 2 0
|-FunctionDecl 0x1a28cd8 <line:467:12> col:12 implicit vscanf 'int (const char *restrict, struct __va_list_tag *)' extern
| |-ParmVarDecl 0x1a28dd0 <<invalid sloc>> <invalid sloc> 'const char *restrict'
| |-ParmVarDecl 0x1a28e38 <<invalid sloc>> <invalid sloc> 'struct __va_list_tag *'
| |-BuiltinAttr 0x1a28d78 <<invalid sloc>> Implicit 835
| `-FormatAttr 0x1a28eb0 <col:12> Implicit scanf 1 0
|-FunctionDecl 0x1a28ee8 prev 0x1a28cd8 <col:1, line:468:51> line:467:12 vscanf 'int (const char *restrict, struct __va_list_tag *)' extern
| |-ParmVarDecl 0x1a28b30 <col:20, col:43> col:43 __format 'const char *restrict'
| |-ParmVarDecl 0x1a28ba8 <col:53, col:68> col:68 __arg 'struct __va_list_tag *':'struct __va_list_tag *'
| |-BuiltinAttr 0x1a29000 <<invalid sloc>> Inherited Implicit 835
| `-FormatAttr 0x1a28f98 <line:468:22, col:49> scanf 1 0
|-FunctionDecl 0x1a2a160 <line:471:12> col:12 implicit vsscanf 'int (const char *restrict, const char *restrict, struct __va_list_tag *)' extern
| |-ParmVarDecl 0x1a2a258 <<invalid sloc>> <invalid sloc> 'const char *restrict'
| |-ParmVarDecl 0x1a2a2c0 <<invalid sloc>> <invalid sloc> 'const char *restrict'
| |-ParmVarDecl 0x1a2a328 <<invalid sloc>> <invalid sloc> 'struct __va_list_tag *'
| |-BuiltinAttr 0x1a2a200 <<invalid sloc>> Implicit 837
| `-FormatAttr 0x1a2a3a8 <col:12> Implicit scanf 2 0
|-FunctionDecl 0x1a2a3e0 prev 0x1a2a160 <col:1, line:473:59> line:471:12 vsscanf 'int (const char *restrict, const char *restrict, struct __va_list_tag *)' extern
| |-ParmVarDecl 0x1a29eb0 <col:21, col:44> col:44 __s 'const char *restrict'
| |-ParmVarDecl 0x1a29f30 <line:472:7, col:30> col:30 __format 'const char *restrict'
| |-ParmVarDecl 0x1a29fa8 <col:40, col:55> col:55 __arg 'struct __va_list_tag *':'struct __va_list_tag *'
| |-BuiltinAttr 0x1a2a528 <<invalid sloc>> Inherited Implicit 837
| |-NoThrowAttr 0x1a2a498 </usr/include/x86_64-linux-gnu/sys/cdefs.h:79:35>
| `-FormatAttr 0x1a2a4f0 </usr/include/stdio.h:473:30, col:57> scanf 2 0
|-FunctionDecl 0x1a2a7b8 prev 0x1a289d0 <line:479:1, line:483:51> line:479:24 vfscanf 'int (FILE *restrict, const char *restrict, struct __va_list_tag *)' extern
| |-ParmVarDecl 0x1a2a560 <line:480:11, col:28> col:28 __s 'FILE *restrict'
| |-ParmVarDecl 0x1a2a5e0 <line:481:4, col:27> col:27 __format 'const char *restrict'
| |-ParmVarDecl 0x1a2a658 <col:37, col:52> col:52 __arg 'struct __va_list_tag *':'struct __va_list_tag *'
| |-BuiltinAttr 0x1a2a920 <<invalid sloc>> Inherited Implicit 836
| |-AsmLabelAttr 0x1a2a858 <<scratch space>:39:1> "__isoc99_vfscanf" IsLiteralLabel
| `-FormatAttr 0x1a2a8e8 </usr/include/stdio.h:483:22, col:49> scanf 2 0
|-FunctionDecl 0x1a2aaf8 prev 0x1a28ee8 <line:484:1, line:486:51> line:484:24 vscanf 'int (const char *restrict, struct __va_list_tag *)' extern
| |-ParmVarDecl 0x1a2a960 <col:33, col:56> col:56 __format 'const char *restrict'
| |-ParmVarDecl 0x1a2a9d8 <line:485:5, col:20> col:20 __arg 'struct __va_list_tag *':'struct __va_list_tag *'
| |-BuiltinAttr 0x1a2ac58 <<invalid sloc>> Inherited Implicit 835
| |-AsmLabelAttr 0x1a2ab98 <<scratch space>:41:1> "__isoc99_vscanf" IsLiteralLabel
| `-FormatAttr 0x1a2ac20 </usr/include/stdio.h:486:22, col:49> scanf 1 0
|-FunctionDecl 0x1a2af00 prev 0x1a2a3e0 <line:487:1, line:491:51> line:487:28 vsscanf 'int (const char *restrict, const char *restrict, struct __va_list_tag *)' extern
| |-ParmVarDecl 0x1a2ac98 <line:488:8, col:31> col:31 __s 'const char *restrict'
| |-ParmVarDecl 0x1a2ad18 <line:489:8, col:31> col:31 __format 'const char *restrict'
| |-ParmVarDecl 0x1a2ad90 <line:490:8, col:23> col:23 __arg 'struct __va_list_tag *':'struct __va_list_tag *'
| |-BuiltinAttr 0x1a2b090 <<invalid sloc>> Inherited Implicit 837
| |-AsmLabelAttr 0x1a2afa0 <<scratch space>:43:1> "__isoc99_vsscanf" IsLiteralLabel
| |-NoThrowAttr 0x1a2b030 </usr/include/x86_64-linux-gnu/sys/cdefs.h:79:35>
| `-FormatAttr 0x1a2b058 </usr/include/stdio.h:491:22, col:49> scanf 2 0
|-FunctionDecl 0x1a2b160 <line:513:1, col:33> col:12 fgetc 'int (FILE *)' extern
| `-ParmVarDecl 0x1a2b0c8 <col:19, col:25> col:25 __stream 'FILE *'
|-FunctionDecl 0x1a2b2b0 <line:514:1, col:32> col:12 getc 'int (FILE *)' extern
| `-ParmVarDecl 0x1a2b218 <col:18, col:24> col:24 __stream 'FILE *'
|-FunctionDecl 0x1a2b420 <line:520:1, col:25> col:12 getchar 'int (void)' extern
|-FunctionDecl 0x1a2b568 <line:527:1, col:41> col:12 getc_unlocked 'int (FILE *)' extern
| `-ParmVarDecl 0x1a2b4d0 <col:27, col:33> col:33 __stream 'FILE *'
|-FunctionDecl 0x1a2b6b0 <line:528:1, col:34> col:12 getchar_unlocked 'int (void)' extern
|-FunctionDecl 0x1a2b7f8 <line:538:1, col:42> col:12 fgetc_unlocked 'int (FILE *)' extern
| `-ParmVarDecl 0x1a2b760 <col:28, col:34> col:34 __stream 'FILE *'
|-FunctionDecl 0x1a2ba50 <line:549:1, col:42> col:12 fputc 'int (int, FILE *)' extern
| |-ParmVarDecl 0x1a2b8b8 <col:19, col:23> col:23 __c 'int'
| `-ParmVarDecl 0x1a2b930 <col:28, col:34> col:34 __stream 'FILE *'
|-FunctionDecl 0x1a2bc30 <line:550:1, col:41> col:12 putc 'int (int, FILE *)' extern
| |-ParmVarDecl 0x1a2bb18 <col:18, col:22> col:22 __c 'int'
| `-ParmVarDecl 0x1a2bb90 <col:27, col:33> col:33 __stream 'FILE *'
|-FunctionDecl 0x1a2bdc0 <line:556:1, col:28> col:12 putchar 'int (int)' extern
| `-ParmVarDecl 0x1a2bcf8 <col:21, col:25> col:25 __c 'int'
|-FunctionDecl 0x1a2bfe8 <line:565:1, col:51> col:12 fputc_unlocked 'int (int, FILE *)' extern
| |-ParmVarDecl 0x1a2bed0 <col:28, col:32> col:32 __c 'int'
| `-ParmVarDecl 0x1a2bf48 <col:37, col:43> col:43 __stream 'FILE *'
|-FunctionDecl 0x1a2c1c8 <line:573:1, col:50> col:12 putc_unlocked 'int (int, FILE *)' extern
| |-ParmVarDecl 0x1a2c0b0 <col:27, col:31> col:31 __c 'int'
| `-ParmVarDecl 0x1a2c128 <col:36, col:42> col:42 __stream 'FILE *'
|-FunctionDecl 0x1a2c328 <line:574:1, col:37> col:12 putchar_unlocked 'int (int)' extern
| `-ParmVarDecl 0x1a2c290 <col:30, col:34> col:34 __c 'int'
|-FunctionDecl 0x1a2c478 <line:581:1, col:32> col:12 getw 'int (FILE *)' extern
| `-ParmVarDecl 0x1a2c3e0 <col:18, col:24> col:24 __stream 'FILE *'
|-FunctionDecl 0x1a2c650 <line:584:1, col:41> col:12 putw 'int (int, FILE *)' extern
| |-ParmVarDecl 0x1a2c538 <col:18, col:22> col:22 __w 'int'
| `-ParmVarDecl 0x1a2c5b0 <col:27, col:33> col:33 __stream 'FILE *'
|-FunctionDecl 0x1a2c940 <line:592:1, col:77> col:14 fgets 'char *(char *restrict, int, FILE *restrict)' extern
| |-ParmVarDecl 0x1a2c718 <col:21, col:38> col:38 __s 'char *restrict'
| |-ParmVarDecl 0x1a2c798 <col:43, col:47> col:47 __n 'int'
| `-ParmVarDecl 0x1a2c810 <col:52, col:69> col:69 __stream 'FILE *restrict'
|-FunctionDecl 0x1a2ccc8 <line:632:1, line:634:55> line:632:18 __getdelim '__ssize_t (char **restrict, size_t *restrict, int, FILE *restrict)' extern
| |-ParmVarDecl 0x1a2ca10 <col:30, col:48> col:48 __lineptr 'char **restrict'
| |-ParmVarDecl 0x1a2ca88 <line:633:30, col:49> col:49 __n 'size_t *restrict'
| |-ParmVarDecl 0x1a2cb08 <col:54, col:58> col:58 __delimiter 'int'
| `-ParmVarDecl 0x1a2cb80 <line:634:30, col:47> col:47 __stream 'FILE *restrict'
|-FunctionDecl 0x1a2d000 <line:635:1, line:637:53> line:635:18 getdelim '__ssize_t (char **restrict, size_t *restrict, int, FILE *restrict)' extern
| |-ParmVarDecl 0x1a2cda0 <col:28, col:46> col:46 __lineptr 'char **restrict'
| |-ParmVarDecl 0x1a2ce18 <line:636:28, col:47> col:47 __n 'size_t *restrict'
| |-ParmVarDecl 0x1a2cee0 <col:52, col:56> col:56 __delimiter 'int'
| `-ParmVarDecl 0x1a2cf58 <line:637:28, col:45> col:45 __stream 'FILE *restrict'
|-FunctionDecl 0x1a2d2e8 <line:645:1, line:647:52> line:645:18 getline '__ssize_t (char **restrict, size_t *restrict, FILE *restrict)' extern
| |-ParmVarDecl 0x1a2d0d8 <col:27, col:45> col:45 __lineptr 'char **restrict'
| |-ParmVarDecl 0x1a2d150 <line:646:27, col:46> col:46 __n 'size_t *restrict'
| `-ParmVarDecl 0x1a2d1c8 <line:647:27, col:44> col:44 __stream 'FILE *restrict'
|-FunctionDecl 0x1a2d550 <line:655:1, col:72> col:12 fputs 'int (const char *restrict, FILE *restrict)' extern
| |-ParmVarDecl 0x1a2d3b8 <col:19, col:42> col:42 __s 'const char *restrict'
| `-ParmVarDecl 0x1a2d430 <col:47, col:64> col:64 __stream 'FILE *restrict'
|-FunctionDecl 0x1a2d6b0 <line:661:1, col:33> col:12 puts 'int (const char *)' extern
| `-ParmVarDecl 0x1a2d618 <col:18, col:30> col:30 __s 'const char *'
|-FunctionDecl 0x1a2d888 <line:668:1, col:43> col:12 ungetc 'int (int, FILE *)' extern
| |-ParmVarDecl 0x1a2d770 <col:20, col:24> col:24 __c 'int'
| `-ParmVarDecl 0x1a2d7e8 <col:29, col:35> col:35 __stream 'FILE *'
|-FunctionDecl 0x1a2dc48 <line:675:15> col:15 implicit fread 'unsigned long (void *, unsigned long, unsigned long, FILE *)' extern
| |-ParmVarDecl 0x1a2dd40 <<invalid sloc>> <invalid sloc> 'void *'
| |-ParmVarDecl 0x1a2dda8 <<invalid sloc>> <invalid sloc> 'unsigned long'
| |-ParmVarDecl 0x1a2de10 <<invalid sloc>> <invalid sloc> 'unsigned long'
| |-ParmVarDecl 0x1a2de78 <<invalid sloc>> <invalid sloc> 'FILE *'
| `-BuiltinAttr 0x1a2dce8 <<invalid sloc>> Implicit 839
|-FunctionDecl 0x1a2df10 prev 0x1a2dc48 <col:1, line:676:45> line:675:15 fread 'unsigned long (void *, unsigned long, unsigned long, FILE *)' extern
| |-ParmVarDecl 0x1a2d950 <col:22, col:39> col:39 __ptr 'void *restrict'
| |-ParmVarDecl 0x1a2d9c8 <col:46, col:53> col:53 __size 'size_t':'unsigned long'
| |-ParmVarDecl 0x1a2da40 <line:676:8, col:15> col:15 __n 'size_t':'unsigned long'
| |-ParmVarDecl 0x1a2dab8 <col:20, col:37> col:37 __stream 'FILE *restrict'
| `-BuiltinAttr 0x1a2e000 <<invalid sloc>> Inherited Implicit 839
|-FunctionDecl 0x1a2e368 <line:681:15> col:15 implicit fwrite 'unsigned long (const void *, unsigned long, unsigned long, FILE *)' extern
| |-ParmVarDecl 0x1a2e460 <<invalid sloc>> <invalid sloc> 'const void *'
| |-ParmVarDecl 0x1a2e4c8 <<invalid sloc>> <invalid sloc> 'unsigned long'
| |-ParmVarDecl 0x1a2e530 <<invalid sloc>> <invalid sloc> 'unsigned long'
| |-ParmVarDecl 0x1a2e598 <<invalid sloc>> <invalid sloc> 'FILE *'
| `-BuiltinAttr 0x1a2e408 <<invalid sloc>> Implicit 840
|-FunctionDecl 0x1a2e620 prev 0x1a2e368 <col:1, line:682:41> line:681:15 fwrite 'unsigned long (const void *, unsigned long, unsigned long, FILE *)' extern
| |-ParmVarDecl 0x1a2e070 <col:23, col:46> col:46 __ptr 'const void *restrict'
| |-ParmVarDecl 0x1a2e0e8 <col:53, col:60> col:60 __size 'size_t':'unsigned long'
| |-ParmVarDecl 0x1a2e160 <line:682:9, col:16> col:16 __n 'size_t':'unsigned long'
| |-ParmVarDecl 0x1a2e1d8 <col:21, col:38> col:38 __s 'FILE *restrict'
| `-BuiltinAttr 0x1a2e710 <<invalid sloc>> Inherited Implicit 840
|-FunctionDecl 0x1a2e960 <line:702:1, line:703:47> line:702:15 fread_unlocked 'size_t (void *restrict, size_t, size_t, FILE *restrict)' extern
| |-ParmVarDecl 0x1a2e750 <col:31, col:48> col:48 __ptr 'void *restrict'
| |-ParmVarDecl 0x1a2e7c8 <col:55, col:62> col:62 __size 'size_t':'unsigned long'
| |-ParmVarDecl 0x1a2e840 <line:703:10, col:17> col:17 __n 'size_t':'unsigned long'
| `-ParmVarDecl 0x1a2e8b8 <col:22, col:39> col:39 __stream 'FILE *restrict'
|-FunctionDecl 0x1a2ec48 <line:704:1, line:705:48> line:704:15 fwrite_unlocked 'size_t (const void *restrict, size_t, size_t, FILE *restrict)' extern
| |-ParmVarDecl 0x1a2ea38 <col:32, col:55> col:55 __ptr 'const void *restrict'
| |-ParmVarDecl 0x1a2eab0 <col:62, col:69> col:69 __size 'size_t':'unsigned long'
| |-ParmVarDecl 0x1a2eb28 <line:705:11, col:18> col:18 __n 'size_t':'unsigned long'
| `-ParmVarDecl 0x1a2eba0 <col:23, col:40> col:40 __stream 'FILE *restrict'
|-FunctionDecl 0x1a2ef80 <line:713:1, col:63> col:12 fseek 'int (FILE *, long, int)' extern
| |-ParmVarDecl 0x1a2ed18 <col:19, col:25> col:25 __stream 'FILE *'
| |-ParmVarDecl 0x1a2ed98 <col:35, col:44> col:44 __off 'long'
| `-ParmVarDecl 0x1a2ee18 <col:51, col:55> col:55 __whence 'int'
|-FunctionDecl 0x1a2f140 <line:718:1, col:38> col:17 ftell 'long (FILE *)' extern
| `-ParmVarDecl 0x1a2f048 <col:24, col:30> col:30 __stream 'FILE *'
|-FunctionDecl 0x1a2f288 <line:723:1, col:35> col:13 rewind 'void (FILE *)' extern
| `-ParmVarDecl 0x1a2f1f8 <col:21, col:27> col:27 __stream 'FILE *'
|-FunctionDecl 0x1a2f520 <line:736:1, col:63> col:12 fseeko 'int (FILE *, __off_t, int)' extern
| |-ParmVarDecl 0x1a2f340 <col:20, col:26> col:26 __stream 'FILE *'
| |-ParmVarDecl 0x1a2f3b8 <col:36, col:44> col:44 __off '__off_t':'long'
| `-ParmVarDecl 0x1a2f438 <col:51, col:55> col:55 __whence 'int'
|-FunctionDecl 0x1a2f6a8 <line:741:1, col:38> col:16 ftello '__off_t (FILE *)' extern
| `-ParmVarDecl 0x1a2f5e8 <col:24, col:30> col:30 __stream 'FILE *'
|-FunctionDecl 0x1a2f970 <line:760:1, col:72> col:12 fgetpos 'int (FILE *restrict, fpos_t *restrict)' extern
| |-ParmVarDecl 0x1a2f760 <col:21, col:38> col:38 __stream 'FILE *restrict'
| `-ParmVarDecl 0x1a2f858 <col:48, col:67> col:67 __pos 'fpos_t *restrict'
|-FunctionDecl 0x1a2fc20 <line:765:1, col:56> col:12 fsetpos 'int (FILE *, const fpos_t *)' extern
| |-ParmVarDecl 0x1a2fa30 <col:21, col:27> col:27 __stream 'FILE *'
| `-ParmVarDecl 0x1a2fb08 <col:37, col:51> col:51 __pos 'const fpos_t *'
|-FunctionDecl 0x1a2fd70 <line:786:1, /usr/include/x86_64-linux-gnu/sys/cdefs.h:79:54> /usr/include/stdio.h:786:13 clearerr 'void (FILE *)' extern
| |-ParmVarDecl 0x1a2fce0 <col:23, col:29> col:29 __stream 'FILE *'
| `-NoThrowAttr 0x1a2fe18 </usr/include/x86_64-linux-gnu/sys/cdefs.h:79:35>
|-FunctionDecl 0x1a2ff40 </usr/include/stdio.h:788:1, /usr/include/x86_64-linux-gnu/sys/cdefs.h:79:54> /usr/include/stdio.h:788:12 feof 'int (FILE *)' extern
| |-ParmVarDecl 0x1a2fe80 <col:18, col:24> col:24 __stream 'FILE *'
| `-NoThrowAttr 0x1a2ffe8 </usr/include/x86_64-linux-gnu/sys/cdefs.h:79:35>
|-FunctionDecl 0x1a300e8 </usr/include/stdio.h:790:1, /usr/include/x86_64-linux-gnu/sys/cdefs.h:79:54> /usr/include/stdio.h:790:12 ferror 'int (FILE *)' extern
| |-ParmVarDecl 0x1a30050 <col:20, col:26> col:26 __stream 'FILE *'
| `-NoThrowAttr 0x1a30190 </usr/include/x86_64-linux-gnu/sys/cdefs.h:79:35>
|-FunctionDecl 0x1a30288 </usr/include/stdio.h:794:1, /usr/include/x86_64-linux-gnu/sys/cdefs.h:79:54> /usr/include/stdio.h:794:13 clearerr_unlocked 'void (FILE *)' extern
| |-ParmVarDecl 0x1a301f8 <col:32, col:38> col:38 __stream 'FILE *'
| `-NoThrowAttr 0x1a30330 </usr/include/x86_64-linux-gnu/sys/cdefs.h:79:35>
|-FunctionDecl 0x1a30430 </usr/include/stdio.h:795:1, /usr/include/x86_64-linux-gnu/sys/cdefs.h:79:54> /usr/include/stdio.h:795:12 feof_unlocked 'int (FILE *)' extern
| |-ParmVarDecl 0x1a30398 <col:27, col:33> col:33 __stream 'FILE *'
| `-NoThrowAttr 0x1a304d8 </usr/include/x86_64-linux-gnu/sys/cdefs.h:79:35>
|-FunctionDecl 0x1a305d8 </usr/include/stdio.h:796:1, /usr/include/x86_64-linux-gnu/sys/cdefs.h:79:54> /usr/include/stdio.h:796:12 ferror_unlocked 'int (FILE *)' extern
| |-ParmVarDecl 0x1a30540 <col:29, col:35> col:35 __stream 'FILE *'
| `-NoThrowAttr 0x1a30680 </usr/include/x86_64-linux-gnu/sys/cdefs.h:79:35>
|-FunctionDecl 0x1a307b8 </usr/include/stdio.h:804:1, col:36> col:13 perror 'void (const char *)' extern
| `-ParmVarDecl 0x1a306f0 <col:21, col:33> col:33 __s 'const char *'
|-FunctionDecl 0x1a30908 <line:809:1, /usr/include/x86_64-linux-gnu/sys/cdefs.h:79:54> /usr/include/stdio.h:809:12 fileno 'int (FILE *)' extern
| |-ParmVarDecl 0x1a30870 <col:20, col:26> col:26 __stream 'FILE *'
| `-NoThrowAttr 0x1a309b0 </usr/include/x86_64-linux-gnu/sys/cdefs.h:79:35>
|-FunctionDecl 0x1a30ab0 </usr/include/stdio.h:814:1, /usr/include/x86_64-linux-gnu/sys/cdefs.h:79:54> /usr/include/stdio.h:814:12 fileno_unlocked 'int (FILE *)' extern
| |-ParmVarDecl 0x1a30a18 <col:29, col:35> col:35 __stream 'FILE *'
| `-NoThrowAttr 0x1a30b58 </usr/include/x86_64-linux-gnu/sys/cdefs.h:79:35>
|-FunctionDecl 0x1a30c58 </usr/include/stdio.h:823:1, col:34> col:12 pclose 'int (FILE *)' extern
| `-ParmVarDecl 0x1a30bc0 <col:20, col:26> col:26 __stream 'FILE *'
|-FunctionDecl 0x1a30e30 <line:829:1, /usr/include/x86_64-linux-gnu/sys/cdefs.h:281:58> /usr/include/stdio.h:829:14 popen 'FILE *(const char *, const char *)' extern
| |-ParmVarDecl 0x1a30d18 <col:21, col:33> col:33 __command 'const char *'
| |-ParmVarDecl 0x1a30d98 <col:44, col:56> col:56 __modes 'const char *'
| `-RestrictAttr 0x1a30ee0 </usr/include/x86_64-linux-gnu/sys/cdefs.h:281:47> malloc
|-FunctionDecl 0x1a32010 </usr/include/stdio.h:837:1, /usr/include/x86_64-linux-gnu/sys/cdefs.h:79:54> /usr/include/stdio.h:837:14 ctermid 'char *(char *)' extern
| |-ParmVarDecl 0x1a31f78 <col:23, col:29> col:29 __s 'char *'
| `-NoThrowAttr 0x1a320b8 </usr/include/x86_64-linux-gnu/sys/cdefs.h:79:35>
|-FunctionDecl 0x1a321b0 </usr/include/stdio.h:867:1, /usr/include/x86_64-linux-gnu/sys/cdefs.h:79:54> /usr/include/stdio.h:867:13 flockfile 'void (FILE *)' extern
| |-ParmVarDecl 0x1a32120 <col:24, col:30> col:30 __stream 'FILE *'
| `-NoThrowAttr 0x1a32258 </usr/include/x86_64-linux-gnu/sys/cdefs.h:79:35>
|-FunctionDecl 0x1a32358 </usr/include/stdio.h:871:1, /usr/include/x86_64-linux-gnu/sys/cdefs.h:79:54> /usr/include/stdio.h:871:12 ftrylockfile 'int (FILE *)' extern
| |-ParmVarDecl 0x1a322c0 <col:26, col:32> col:32 __stream 'FILE *'
| `-NoThrowAttr 0x1a32400 </usr/include/x86_64-linux-gnu/sys/cdefs.h:79:35>
|-FunctionDecl 0x1a324f8 </usr/include/stdio.h:874:1, /usr/include/x86_64-linux-gnu/sys/cdefs.h:79:54> /usr/include/stdio.h:874:13 funlockfile 'void (FILE *)' extern
| |-ParmVarDecl 0x1a32468 <col:26, col:32> col:32 __stream 'FILE *'
| `-NoThrowAttr 0x1a325a0 </usr/include/x86_64-linux-gnu/sys/cdefs.h:79:35>
|-FunctionDecl 0x1a326a0 </usr/include/stdio.h:885:1, col:27> col:12 __uflow 'int (FILE *)' extern
| `-ParmVarDecl 0x1a32608 <col:21, col:26> col:27 'FILE *'
|-FunctionDecl 0x1a328f0 <line:886:1, col:35> col:12 __overflow 'int (FILE *, int)' extern
| |-ParmVarDecl 0x1a32758 <col:24, col:29> col:30 'FILE *'
| `-ParmVarDecl 0x1a327d8 <col:32> col:35 'int'
`-FunctionDecl 0x1a329f0 <1.c:3:1, line:19:1> line:3:5 main 'int ()'
  `-CompoundStmt 0x1a33be8 <col:12, line:19:1>
    |-DeclStmt 0x1a32d40 <line:4:9, col:26>
    | |-VarDecl 0x1a32aa8 <col:9, col:13> col:13 used a 'int'
    | |-VarDecl 0x1a32b28 <col:9, col:16> col:16 used b 'int'
    | |-VarDecl 0x1a32ba8 <col:9, col:19> col:19 used i 'int'
    | |-VarDecl 0x1a32c28 <col:9, col:22> col:22 used t 'int'
    | `-VarDecl 0x1a32ca8 <col:9, col:25> col:25 used n 'int'
    |-BinaryOperator 0x1a32d98 <line:5:2, col:6> 'int' '='
    | |-DeclRefExpr 0x1a32d58 <col:2> 'int' lvalue Var 0x1a32aa8 'a' 'int'
    | `-IntegerLiteral 0x1a32d78 <col:6> 'int' 0
    |-BinaryOperator 0x1a32df8 <line:6:2, col:6> 'int' '='
    | |-DeclRefExpr 0x1a32db8 <col:2> 'int' lvalue Var 0x1a32b28 'b' 'int'
    | `-IntegerLiteral 0x1a32dd8 <col:6> 'int' 1
    |-BinaryOperator 0x1a32e58 <line:7:2, col:6> 'int' '='
    | |-DeclRefExpr 0x1a32e18 <col:2> 'int' lvalue Var 0x1a32ba8 'i' 'int'
    | `-IntegerLiteral 0x1a32e38 <col:6> 'int' 1
    |-CallExpr 0x1a334e0 <line:8:2, col:15> 'int'
    | |-ImplicitCastExpr 0x1a334c8 <col:2> 'int (*)(const char *restrict, ...)' <FunctionToPointerDecay>
    | | `-DeclRefExpr 0x1a32e78 <col:2> 'int (const char *restrict, ...)' Function 0x1a28070 'scanf' 'int (const char *restrict, ...)'
    | |-ImplicitCastExpr 0x1a33528 <col:8> 'const char *' <NoOp>
    | | `-ImplicitCastExpr 0x1a33510 <col:8> 'char *' <ArrayToPointerDecay>
    | |   `-StringLiteral 0x1a32ed8 <col:8> 'char[3]' lvalue "%d"
    | `-UnaryOperator 0x1a33438 <col:13, col:14> 'int *' prefix '&' cannot overflow
    |   `-DeclRefExpr 0x1a32ef8 <col:14> 'int' lvalue Var 0x1a32ca8 'n' 'int'
    |-CallExpr 0x1a335d0 <line:9:2, col:17> 'int'
    | |-ImplicitCastExpr 0x1a335b8 <col:2> 'int (*)(const char *, ...)' <FunctionToPointerDecay>
    | | `-DeclRefExpr 0x1a33540 <col:2> 'int (const char *, ...)' Function 0x1a17a28 'printf' 'int (const char *, ...)'
    | |-ImplicitCastExpr 0x1a33618 <col:9> 'const char *' <NoOp>
    | | `-ImplicitCastExpr 0x1a33600 <col:9> 'char *' <ArrayToPointerDecay>
    | |   `-StringLiteral 0x1a33560 <col:9> 'char[4]' lvalue "%d\n"
    | `-ImplicitCastExpr 0x1a33630 <col:16> 'int' <LValueToRValue>
    |   `-DeclRefExpr 0x1a33580 <col:16> 'int' lvalue Var 0x1a32aa8 'a' 'int'
    |-CallExpr 0x1a336d8 <line:10:2, col:17> 'int'
    | |-ImplicitCastExpr 0x1a336c0 <col:2> 'int (*)(const char *, ...)' <FunctionToPointerDecay>
    | | `-DeclRefExpr 0x1a33648 <col:2> 'int (const char *, ...)' Function 0x1a17a28 'printf' 'int (const char *, ...)'
    | |-ImplicitCastExpr 0x1a33720 <col:9> 'const char *' <NoOp>
    | | `-ImplicitCastExpr 0x1a33708 <col:9> 'char *' <ArrayToPointerDecay>
    | |   `-StringLiteral 0x1a33668 <col:9> 'char[4]' lvalue "%d\n"
    | `-ImplicitCastExpr 0x1a33738 <col:16> 'int' <LValueToRValue>
    |   `-DeclRefExpr 0x1a33688 <col:16> 'int' lvalue Var 0x1a32b28 'b' 'int'
    |-WhileStmt 0x1a33b98 <line:11:2, line:17:2>
    | |-BinaryOperator 0x1a337c0 <line:11:9, col:13> 'int' '<'
    | | |-ImplicitCastExpr 0x1a33790 <col:9> 'int' <LValueToRValue>
    | | | `-DeclRefExpr 0x1a33750 <col:9> 'int' lvalue Var 0x1a32ba8 'i' 'int'
    | | `-ImplicitCastExpr 0x1a337a8 <col:13> 'int' <LValueToRValue>
    | |   `-DeclRefExpr 0x1a33770 <col:13> 'int' lvalue Var 0x1a32ca8 'n' 'int'
    | `-CompoundStmt 0x1a33b60 <col:15, line:17:2>
    |   |-BinaryOperator 0x1a33838 <line:12:3, col:7> 'int' '='
    |   | |-DeclRefExpr 0x1a337e0 <col:3> 'int' lvalue Var 0x1a32c28 't' 'int'
    |   | `-ImplicitCastExpr 0x1a33820 <col:7> 'int' <LValueToRValue>
    |   |   `-DeclRefExpr 0x1a33800 <col:7> 'int' lvalue Var 0x1a32b28 'b' 'int'
    |   |-BinaryOperator 0x1a33908 <line:13:3, col:11> 'int' '='
    |   | |-DeclRefExpr 0x1a33858 <col:3> 'int' lvalue Var 0x1a32b28 'b' 'int'
    |   | `-BinaryOperator 0x1a338e8 <col:7, col:11> 'int' '+'
    |   |   |-ImplicitCastExpr 0x1a338b8 <col:7> 'int' <LValueToRValue>
    |   |   | `-DeclRefExpr 0x1a33878 <col:7> 'int' lvalue Var 0x1a32aa8 'a' 'int'
    |   |   `-ImplicitCastExpr 0x1a338d0 <col:11> 'int' <LValueToRValue>
    |   |     `-DeclRefExpr 0x1a33898 <col:11> 'int' lvalue Var 0x1a32b28 'b' 'int'
    |   |-CallExpr 0x1a339b8 <line:14:3, col:18> 'int'
    |   | |-ImplicitCastExpr 0x1a339a0 <col:3> 'int (*)(const char *, ...)' <FunctionToPointerDecay>
    |   | | `-DeclRefExpr 0x1a33928 <col:3> 'int (const char *, ...)' Function 0x1a17a28 'printf' 'int (const char *, ...)'
    |   | |-ImplicitCastExpr 0x1a33a00 <col:10> 'const char *' <NoOp>
    |   | | `-ImplicitCastExpr 0x1a339e8 <col:10> 'char *' <ArrayToPointerDecay>
    |   | |   `-StringLiteral 0x1a33948 <col:10> 'char[4]' lvalue "%d\n"
    |   | `-ImplicitCastExpr 0x1a33a18 <col:17> 'int' <LValueToRValue>
    |   |   `-DeclRefExpr 0x1a33968 <col:17> 'int' lvalue Var 0x1a32b28 'b' 'int'
    |   |-BinaryOperator 0x1a33a88 <line:15:3, col:7> 'int' '='
    |   | |-DeclRefExpr 0x1a33a30 <col:3> 'int' lvalue Var 0x1a32aa8 'a' 'int'
    |   | `-ImplicitCastExpr 0x1a33a70 <col:7> 'int' <LValueToRValue>
    |   |   `-DeclRefExpr 0x1a33a50 <col:7> 'int' lvalue Var 0x1a32c28 't' 'int'
    |   `-BinaryOperator 0x1a33b40 <line:16:3, col:11> 'int' '='
    |     |-DeclRefExpr 0x1a33aa8 <col:3> 'int' lvalue Var 0x1a32ba8 'i' 'int'
    |     `-BinaryOperator 0x1a33b20 <col:7, col:11> 'int' '+'
    |       |-ImplicitCastExpr 0x1a33b08 <col:7> 'int' <LValueToRValue>
    |       | `-DeclRefExpr 0x1a33ac8 <col:7> 'int' lvalue Var 0x1a32ba8 'i' 'int'
    |       `-IntegerLiteral 0x1a33ae8 <col:11> 'int' 1
    `-ReturnStmt 0x1a33bd8 <line:18:2, col:9>
      `-IntegerLiteral 0x1a33bb8 <col:9> 'int' 0
