5.c:12:31: error: expected ';' after expression
        printf("a[2]=%d c=%f",a[2],c)
                                     ^
                                     ;
TranslationUnitDecl 0x2437518 <<invalid sloc>> <invalid sloc>
|-TypedefDecl 0x2437d40 <<invalid sloc>> <invalid sloc> implicit __int128_t '__int128'
| `-BuiltinType 0x2437ae0 '__int128'
|-TypedefDecl 0x2437db0 <<invalid sloc>> <invalid sloc> implicit __uint128_t 'unsigned __int128'
| `-BuiltinType 0x2437b00 'unsigned __int128'
|-TypedefDecl 0x24380b8 <<invalid sloc>> <invalid sloc> implicit __NSConstantString 'struct __NSConstantString_tag'
| `-RecordType 0x2437e90 'struct __NSConstantString_tag'
|   `-Record 0x2437e08 '__NSConstantString_tag'
|-TypedefDecl 0x2438150 <<invalid sloc>> <invalid sloc> implicit __builtin_ms_va_list 'char *'
| `-PointerType 0x2438110 'char *'
|   `-BuiltinType 0x24375c0 'char'
|-TypedefDecl 0x2438448 <<invalid sloc>> <invalid sloc> implicit referenced __builtin_va_list 'struct __va_list_tag[1]'
| `-ConstantArrayType 0x24383f0 'struct __va_list_tag[1]' 1 
|   `-RecordType 0x2438230 'struct __va_list_tag'
|     `-Record 0x24381a8 '__va_list_tag'
|-TypedefDecl 0x24384b8 </usr/lib/llvm-14/lib/clang/14.0.0/include/stddef.h:46:1, col:23> col:23 referenced size_t 'unsigned long'
| `-BuiltinType 0x24376e0 'unsigned long'
|-TypedefDecl 0x24c0a10 </usr/lib/llvm-14/lib/clang/14.0.0/include/stdarg.h:14:1, col:27> col:27 va_list '__builtin_va_list':'struct __va_list_tag[1]'
| `-TypedefType 0x24c09e0 '__builtin_va_list' sugar
|   |-Typedef 0x2438448 '__builtin_va_list'
|   `-ConstantArrayType 0x24383f0 'struct __va_list_tag[1]' 1 
|     `-RecordType 0x2438230 'struct __va_list_tag'
|       `-Record 0x24381a8 '__va_list_tag'
|-TypedefDecl 0x24c0a78 <line:32:1, col:27> col:27 referenced __gnuc_va_list '__builtin_va_list':'struct __va_list_tag[1]'
| `-TypedefType 0x24c09e0 '__builtin_va_list' sugar
|   |-Typedef 0x2438448 '__builtin_va_list'
|   `-ConstantArrayType 0x24383f0 'struct __va_list_tag[1]' 1 
|     `-RecordType 0x2438230 'struct __va_list_tag'
|       `-Record 0x24381a8 '__va_list_tag'
|-TypedefDecl 0x24c0ae8 </usr/include/x86_64-linux-gnu/bits/types.h:31:1, col:23> col:23 __u_char 'unsigned char'
| `-BuiltinType 0x2437680 'unsigned char'
|-TypedefDecl 0x24c0b58 <line:32:1, col:28> col:28 __u_short 'unsigned short'
| `-BuiltinType 0x24376a0 'unsigned short'
|-TypedefDecl 0x24c0bc8 <line:33:1, col:22> col:22 __u_int 'unsigned int'
| `-BuiltinType 0x24376c0 'unsigned int'
|-TypedefDecl 0x24c0c38 <line:34:1, col:27> col:27 __u_long 'unsigned long'
| `-BuiltinType 0x24376e0 'unsigned long'
|-TypedefDecl 0x24c0ca8 <line:37:1, col:21> col:21 referenced __int8_t 'signed char'
| `-BuiltinType 0x24375e0 'signed char'
|-TypedefDecl 0x24c0d18 <line:38:1, col:23> col:23 referenced __uint8_t 'unsigned char'
| `-BuiltinType 0x2437680 'unsigned char'
|-TypedefDecl 0x24c0d88 <line:39:1, col:26> col:26 referenced __int16_t 'short'
| `-BuiltinType 0x2437600 'short'
|-TypedefDecl 0x24c0df8 <line:40:1, col:28> col:28 referenced __uint16_t 'unsigned short'
| `-BuiltinType 0x24376a0 'unsigned short'
|-TypedefDecl 0x24c0e68 <line:41:1, col:20> col:20 referenced __int32_t 'int'
| `-BuiltinType 0x2437620 'int'
|-TypedefDecl 0x24c0ed8 <line:42:1, col:22> col:22 referenced __uint32_t 'unsigned int'
| `-BuiltinType 0x24376c0 'unsigned int'
|-TypedefDecl 0x24c0f48 <line:44:1, col:25> col:25 referenced __int64_t 'long'
| `-BuiltinType 0x2437640 'long'
|-TypedefDecl 0x24c0fb8 <line:45:1, col:27> col:27 referenced __uint64_t 'unsigned long'
| `-BuiltinType 0x24376e0 'unsigned long'
|-TypedefDecl 0x24c1040 <line:52:1, col:18> col:18 __int_least8_t '__int8_t':'signed char'
| `-TypedefType 0x24c1010 '__int8_t' sugar
|   |-Typedef 0x24c0ca8 '__int8_t'
|   `-BuiltinType 0x24375e0 'signed char'
|-TypedefDecl 0x24c10d0 <line:53:1, col:19> col:19 __uint_least8_t '__uint8_t':'unsigned char'
| `-TypedefType 0x24c10a0 '__uint8_t' sugar
|   |-Typedef 0x24c0d18 '__uint8_t'
|   `-BuiltinType 0x2437680 'unsigned char'
|-TypedefDecl 0x24c1160 <line:54:1, col:19> col:19 __int_least16_t '__int16_t':'short'
| `-TypedefType 0x24c1130 '__int16_t' sugar
|   |-Typedef 0x24c0d88 '__int16_t'
|   `-BuiltinType 0x2437600 'short'
|-TypedefDecl 0x24c11f0 <line:55:1, col:20> col:20 __uint_least16_t '__uint16_t':'unsigned short'
| `-TypedefType 0x24c11c0 '__uint16_t' sugar
|   |-Typedef 0x24c0df8 '__uint16_t'
|   `-BuiltinType 0x24376a0 'unsigned short'
|-TypedefDecl 0x24c1280 <line:56:1, col:19> col:19 __int_least32_t '__int32_t':'int'
| `-TypedefType 0x24c1250 '__int32_t' sugar
|   |-Typedef 0x24c0e68 '__int32_t'
|   `-BuiltinType 0x2437620 'int'
|-TypedefDecl 0x24c1310 <line:57:1, col:20> col:20 __uint_least32_t '__uint32_t':'unsigned int'
| `-TypedefType 0x24c12e0 '__uint32_t' sugar
|   |-Typedef 0x24c0ed8 '__uint32_t'
|   `-BuiltinType 0x24376c0 'unsigned int'
|-TypedefDecl 0x24c13a0 <line:58:1, col:19> col:19 __int_least64_t '__int64_t':'long'
| `-TypedefType 0x24c1370 '__int64_t' sugar
|   |-Typedef 0x24c0f48 '__int64_t'
|   `-BuiltinType 0x2437640 'long'
|-TypedefDecl 0x24c1430 <line:59:1, col:20> col:20 __uint_least64_t '__uint64_t':'unsigned long'
| `-TypedefType 0x24c1400 '__uint64_t' sugar
|   |-Typedef 0x24c0fb8 '__uint64_t'
|   `-BuiltinType 0x24376e0 'unsigned long'
|-TypedefDecl 0x24c14a0 <line:63:1, col:18> col:18 __quad_t 'long'
| `-BuiltinType 0x2437640 'long'
|-TypedefDecl 0x24c1510 <line:64:1, col:27> col:27 __u_quad_t 'unsigned long'
| `-BuiltinType 0x24376e0 'unsigned long'
|-TypedefDecl 0x24c1580 <line:72:1, col:18> col:18 __intmax_t 'long'
| `-BuiltinType 0x2437640 'long'
|-TypedefDecl 0x24c15f0 <line:73:1, col:27> col:27 __uintmax_t 'unsigned long'
| `-BuiltinType 0x24376e0 'unsigned long'
|-TypedefDecl 0x24c1660 <line:137:22, line:145:25> col:25 __dev_t 'unsigned long'
| `-BuiltinType 0x24376e0 'unsigned long'
|-TypedefDecl 0x24c16d0 <line:137:22, line:146:25> col:25 __uid_t 'unsigned int'
| `-BuiltinType 0x24376c0 'unsigned int'
|-TypedefDecl 0x24c1740 <line:137:22, line:147:25> col:25 __gid_t 'unsigned int'
| `-BuiltinType 0x24376c0 'unsigned int'
|-TypedefDecl 0x24c17b0 <line:137:22, line:148:25> col:25 __ino_t 'unsigned long'
| `-BuiltinType 0x24376e0 'unsigned long'
|-TypedefDecl 0x24c1820 <line:137:22, line:149:27> col:27 __ino64_t 'unsigned long'
| `-BuiltinType 0x24376e0 'unsigned long'
|-TypedefDecl 0x24c1890 <line:137:22, line:150:26> col:26 __mode_t 'unsigned int'
| `-BuiltinType 0x24376c0 'unsigned int'
|-TypedefDecl 0x24c1900 <line:137:22, line:151:27> col:27 __nlink_t 'unsigned long'
| `-BuiltinType 0x24376e0 'unsigned long'
|-TypedefDecl 0x24c1970 <line:137:22, line:152:25> col:25 referenced __off_t 'long'
| `-BuiltinType 0x2437640 'long'
|-TypedefDecl 0x24ce750 <line:137:22, line:153:27> col:27 referenced __off64_t 'long'
| `-BuiltinType 0x2437640 'long'
|-TypedefDecl 0x24ce7c0 <line:137:22, line:154:25> col:25 __pid_t 'int'
| `-BuiltinType 0x2437620 'int'
|-RecordDecl 0x24ce818 </usr/include/x86_64-linux-gnu/bits/typesizes.h:73:24, col:47> col:24 struct definition
| `-FieldDecl 0x24ce960 <col:33, col:44> col:37 __val 'int[2]'
|-TypedefDecl 0x24cea08 </usr/include/x86_64-linux-gnu/bits/types.h:137:22, line:155:26> col:26 __fsid_t 'struct __fsid_t':'__fsid_t'
| `-ElaboratedType 0x24ce9b0 'struct __fsid_t' sugar
|   `-RecordType 0x24ce8a0 '__fsid_t'
|     `-Record 0x24ce818 ''
|-TypedefDecl 0x24cea90 <line:137:22, line:156:27> col:27 __clock_t 'long'
| `-BuiltinType 0x2437640 'long'
|-TypedefDecl 0x24ceb00 <line:137:22, line:157:26> col:26 __rlim_t 'unsigned long'
| `-BuiltinType 0x24376e0 'unsigned long'
|-TypedefDecl 0x24ceb70 <line:137:22, line:158:28> col:28 __rlim64_t 'unsigned long'
| `-BuiltinType 0x24376e0 'unsigned long'
|-TypedefDecl 0x24cebe0 <line:137:22, line:159:24> col:24 __id_t 'unsigned int'
| `-BuiltinType 0x24376c0 'unsigned int'
|-TypedefDecl 0x24cec50 <line:137:22, line:160:26> col:26 __time_t 'long'
| `-BuiltinType 0x2437640 'long'
|-TypedefDecl 0x24cecc0 <line:137:22, line:161:30> col:30 __useconds_t 'unsigned int'
| `-BuiltinType 0x24376c0 'unsigned int'
|-TypedefDecl 0x24ced30 <line:137:22, line:162:31> col:31 __suseconds_t 'long'
| `-BuiltinType 0x2437640 'long'
|-TypedefDecl 0x24ceda0 <line:137:22, line:163:33> col:33 __suseconds64_t 'long'
| `-BuiltinType 0x2437640 'long'
|-TypedefDecl 0x24cee10 <line:137:22, line:165:27> col:27 __daddr_t 'int'
| `-BuiltinType 0x2437620 'int'
|-TypedefDecl 0x24cee80 <line:137:22, line:166:25> col:25 __key_t 'int'
| `-BuiltinType 0x2437620 'int'
|-TypedefDecl 0x24ceef0 <line:137:22, line:169:29> col:29 __clockid_t 'int'
| `-BuiltinType 0x2437620 'int'
|-TypedefDecl 0x24cef60 <line:137:22, line:172:27> col:27 __timer_t 'void *'
| `-PointerType 0x2437ca0 'void *'
|   `-BuiltinType 0x2437580 'void'
|-TypedefDecl 0x24cefd0 <line:137:22, line:175:29> col:29 __blksize_t 'long'
| `-BuiltinType 0x2437640 'long'
|-TypedefDecl 0x24cf040 <line:137:22, line:180:28> col:28 __blkcnt_t 'long'
| `-BuiltinType 0x2437640 'long'
|-TypedefDecl 0x24cf0b0 <line:137:22, line:181:30> col:30 __blkcnt64_t 'long'
| `-BuiltinType 0x2437640 'long'
|-TypedefDecl 0x24cf120 <line:137:22, line:184:30> col:30 __fsblkcnt_t 'unsigned long'
| `-BuiltinType 0x24376e0 'unsigned long'
|-TypedefDecl 0x24cf190 <line:137:22, line:185:32> col:32 __fsblkcnt64_t 'unsigned long'
| `-BuiltinType 0x24376e0 'unsigned long'
|-TypedefDecl 0x24cf200 <line:137:22, line:188:30> col:30 __fsfilcnt_t 'unsigned long'
| `-BuiltinType 0x24376e0 'unsigned long'
|-TypedefDecl 0x24cf270 <line:137:22, line:189:32> col:32 __fsfilcnt64_t 'unsigned long'
| `-BuiltinType 0x24376e0 'unsigned long'
|-TypedefDecl 0x24cf2e0 <line:137:22, line:192:28> col:28 __fsword_t 'long'
| `-BuiltinType 0x2437640 'long'
|-TypedefDecl 0x24cf350 <line:137:22, line:194:27> col:27 referenced __ssize_t 'long'
| `-BuiltinType 0x2437640 'long'
|-TypedefDecl 0x24cf3c0 <line:137:22, line:197:33> col:33 __syscall_slong_t 'long'
| `-BuiltinType 0x2437640 'long'
|-TypedefDecl 0x24cf430 <line:137:22, line:199:33> col:33 __syscall_ulong_t 'unsigned long'
| `-BuiltinType 0x24376e0 'unsigned long'
|-TypedefDecl 0x24cf4c0 <line:203:1, col:19> col:19 __loff_t '__off64_t':'long'
| `-TypedefType 0x24cf490 '__off64_t' sugar
|   |-Typedef 0x24ce750 '__off64_t'
|   `-BuiltinType 0x2437640 'long'
|-TypedefDecl 0x24cf530 <line:204:1, col:15> col:15 __caddr_t 'char *'
| `-PointerType 0x2438110 'char *'
|   `-BuiltinType 0x24375c0 'char'
|-TypedefDecl 0x24cf5a0 <line:137:22, line:207:25> col:25 __intptr_t 'long'
| `-BuiltinType 0x2437640 'long'
|-TypedefDecl 0x24cf610 <line:137:22, line:210:23> col:23 __socklen_t 'unsigned int'
| `-BuiltinType 0x24376c0 'unsigned int'
|-TypedefDecl 0x24cf680 <line:215:1, col:13> col:13 __sig_atomic_t 'int'
| `-BuiltinType 0x2437620 'int'
|-RecordDecl 0x24d0770 </usr/include/x86_64-linux-gnu/bits/types/__mbstate_t.h:13:9, line:21:1> line:13:9 struct definition
| |-FieldDecl 0x24d0828 <line:15:3, col:7> col:7 __count 'int'
| |-RecordDecl 0x24d0878 <line:16:3, line:20:3> line:16:3 union definition
| | |-FieldDecl 0x24d0938 <<built-in>:98:23, /usr/include/x86_64-linux-gnu/bits/types/__mbstate_t.h:18:19> col:19 __wch 'unsigned int'
| | `-FieldDecl 0x24d0a28 <line:19:5, col:18> col:10 __wchb 'char[4]'
| `-FieldDecl 0x24d0ad8 <line:16:3, line:20:5> col:5 __value 'union (unnamed union at /usr/include/x86_64-linux-gnu/bits/types/__mbstate_t.h:16:3)':'union __mbstate_t::(unnamed at /usr/include/x86_64-linux-gnu/bits/types/__mbstate_t.h:16:3)'
|-TypedefDecl 0x24d0b88 <line:13:1, line:21:3> col:3 referenced __mbstate_t 'struct __mbstate_t':'__mbstate_t'
| `-ElaboratedType 0x24d0b30 'struct __mbstate_t' sugar
|   `-RecordType 0x24d07f0 '__mbstate_t'
|     `-Record 0x24d0770 ''
|-RecordDecl 0x24d0bf8 </usr/include/x86_64-linux-gnu/bits/types/__fpos_t.h:10:9, line:14:1> line:10:16 struct _G_fpos_t definition
| |-FieldDecl 0x24d0cd0 <line:12:3, col:11> col:11 __pos '__off_t':'long'
| `-FieldDecl 0x24d0d50 <line:13:3, col:15> col:15 __state '__mbstate_t':'__mbstate_t'
|-TypedefDecl 0x24d0df8 <line:10:1, line:14:3> col:3 referenced __fpos_t 'struct _G_fpos_t':'struct _G_fpos_t'
| `-ElaboratedType 0x24d0da0 'struct _G_fpos_t' sugar
|   `-RecordType 0x24d0c80 'struct _G_fpos_t'
|     `-Record 0x24d0bf8 '_G_fpos_t'
|-RecordDecl 0x24d0e68 </usr/include/x86_64-linux-gnu/bits/types/__fpos64_t.h:10:9, line:14:1> line:10:16 struct _G_fpos64_t definition
| |-FieldDecl 0x24d0f20 <line:12:3, col:13> col:13 __pos '__off64_t':'long'
| `-FieldDecl 0x24d0f80 <line:13:3, col:15> col:15 __state '__mbstate_t':'__mbstate_t'
|-TypedefDecl 0x24d1028 <line:10:1, line:14:3> col:3 __fpos64_t 'struct _G_fpos64_t':'struct _G_fpos64_t'
| `-ElaboratedType 0x24d0fd0 'struct _G_fpos64_t' sugar
|   `-RecordType 0x24d0ef0 'struct _G_fpos64_t'
|     `-Record 0x24d0e68 '_G_fpos64_t'
|-RecordDecl 0x24d1098 </usr/include/x86_64-linux-gnu/bits/types/__FILE.h:4:1, col:8> col:8 struct _IO_FILE
|-TypedefDecl 0x24d1190 <line:5:1, col:25> col:25 __FILE 'struct _IO_FILE':'struct _IO_FILE'
| `-ElaboratedType 0x24d1140 'struct _IO_FILE' sugar
|   `-RecordType 0x24d1120 'struct _IO_FILE'
|     `-Record 0x24d15a8 '_IO_FILE'
|-RecordDecl 0x24d11e8 prev 0x24d1098 </usr/include/x86_64-linux-gnu/bits/types/FILE.h:4:1, col:8> col:8 struct _IO_FILE
|-TypedefDecl 0x24d1288 <line:7:1, col:25> col:25 referenced FILE 'struct _IO_FILE':'struct _IO_FILE'
| `-ElaboratedType 0x24d1140 'struct _IO_FILE' sugar
|   `-RecordType 0x24d1120 'struct _IO_FILE'
|     `-Record 0x24d15a8 '_IO_FILE'
|-RecordDecl 0x24d12e0 prev 0x24d11e8 </usr/include/x86_64-linux-gnu/bits/types/struct_FILE.h:35:1, col:8> col:8 struct _IO_FILE
|-RecordDecl 0x24d1360 <line:36:1, col:8> col:8 struct _IO_marker
|-RecordDecl 0x24d1400 <line:37:1, col:8> col:8 struct _IO_codecvt
|-RecordDecl 0x24d14a0 <line:38:1, col:8> col:8 struct _IO_wide_data
|-TypedefDecl 0x24d1550 <line:43:1, col:14> col:14 referenced _IO_lock_t 'void'
| `-BuiltinType 0x2437580 'void'
|-RecordDecl 0x24d15a8 prev 0x24d12e0 <line:49:1, line:99:1> line:49:8 struct _IO_FILE definition
| |-FieldDecl 0x24d1640 <line:51:3, col:7> col:7 _flags 'int'
| |-FieldDecl 0x24d16a8 <line:54:3, col:9> col:9 _IO_read_ptr 'char *'
| |-FieldDecl 0x24d1710 <line:55:3, col:9> col:9 _IO_read_end 'char *'
| |-FieldDecl 0x24d4828 <line:56:3, col:9> col:9 _IO_read_base 'char *'
| |-FieldDecl 0x24d4890 <line:57:3, col:9> col:9 _IO_write_base 'char *'
| |-FieldDecl 0x24d48f8 <line:58:3, col:9> col:9 _IO_write_ptr 'char *'
| |-FieldDecl 0x24d4960 <line:59:3, col:9> col:9 _IO_write_end 'char *'
| |-FieldDecl 0x24d49c8 <line:60:3, col:9> col:9 _IO_buf_base 'char *'
| |-FieldDecl 0x24d4a30 <line:61:3, col:9> col:9 _IO_buf_end 'char *'
| |-FieldDecl 0x24d4a98 <line:64:3, col:9> col:9 _IO_save_base 'char *'
| |-FieldDecl 0x24d4b00 <line:65:3, col:9> col:9 _IO_backup_base 'char *'
| |-FieldDecl 0x24d4b68 <line:66:3, col:9> col:9 _IO_save_end 'char *'
| |-FieldDecl 0x24d4c70 <line:68:3, col:22> col:22 _markers 'struct _IO_marker *'
| |-FieldDecl 0x24d4d40 <line:70:3, col:20> col:20 _chain 'struct _IO_FILE *'
| |-FieldDecl 0x24d4da8 <line:72:3, col:7> col:7 _fileno 'int'
| |-FieldDecl 0x24d4e10 <line:73:3, col:7> col:7 _flags2 'int'
| |-FieldDecl 0x24d4e70 <line:74:3, col:11> col:11 _old_offset '__off_t':'long'
| |-FieldDecl 0x24d4ed8 <line:77:3, col:18> col:18 _cur_column 'unsigned short'
| |-FieldDecl 0x24d4f40 <line:78:3, col:15> col:15 _vtable_offset 'signed char'
| |-FieldDecl 0x24d5028 <line:79:3, col:19> col:8 _shortbuf 'char[1]'
| |-FieldDecl 0x24d50d8 <line:81:3, col:15> col:15 _lock '_IO_lock_t *'
| |-FieldDecl 0x24d5138 <line:89:3, col:13> col:13 _offset '__off64_t':'long'
| |-FieldDecl 0x24d5240 <line:91:3, col:23> col:23 _codecvt 'struct _IO_codecvt *'
| |-FieldDecl 0x24d5340 <line:92:3, col:25> col:25 _wide_data 'struct _IO_wide_data *'
| |-FieldDecl 0x24d53b8 <line:93:3, col:20> col:20 _freeres_list 'struct _IO_FILE *'
| |-FieldDecl 0x24d5420 <line:94:3, col:9> col:9 _freeres_buf 'void *'
| |-FieldDecl 0x24d54a0 <line:95:3, col:10> col:10 __pad5 'size_t':'unsigned long'
| |-FieldDecl 0x24d5508 <line:96:3, col:7> col:7 _mode 'int'
| `-FieldDecl 0x24d5768 <line:98:3, col:74> col:8 _unused2 'char[20]'
|-TypedefDecl 0x24d73d0 prev 0x24c0a10 </usr/include/stdio.h:52:1, col:24> col:24 va_list '__gnuc_va_list':'struct __va_list_tag[1]'
| `-TypedefType 0x24d57c0 '__gnuc_va_list' sugar
|   |-Typedef 0x24c0a78 '__gnuc_va_list'
|   `-TypedefType 0x24c09e0 '__builtin_va_list' sugar
|     |-Typedef 0x2438448 '__builtin_va_list'
|     `-ConstantArrayType 0x24383f0 'struct __va_list_tag[1]' 1 
|       `-RecordType 0x2438230 'struct __va_list_tag'
|         `-Record 0x24381a8 '__va_list_tag'
|-TypedefDecl 0x24d7438 <line:63:1, col:17> col:17 off_t '__off_t':'long'
| `-TypedefType 0x24d0ca0 '__off_t' sugar
|   |-Typedef 0x24c1970 '__off_t'
|   `-BuiltinType 0x2437640 'long'
|-TypedefDecl 0x24d74c0 <line:77:1, col:19> col:19 ssize_t '__ssize_t':'long'
| `-TypedefType 0x24d7490 '__ssize_t' sugar
|   |-Typedef 0x24cf350 '__ssize_t'
|   `-BuiltinType 0x2437640 'long'
|-TypedefDecl 0x24d7550 <line:84:1, col:18> col:18 referenced fpos_t '__fpos_t':'struct _G_fpos_t'
| `-TypedefType 0x24d7520 '__fpos_t' sugar
|   |-Typedef 0x24d0df8 '__fpos_t'
|   `-ElaboratedType 0x24d0da0 'struct _G_fpos_t' sugar
|     `-RecordType 0x24d0c80 'struct _G_fpos_t'
|       `-Record 0x24d0bf8 '_G_fpos_t'
|-VarDecl 0x24d7608 <line:143:1, col:14> col:14 stdin 'FILE *' extern
|-VarDecl 0x24d76c8 <line:144:1, col:14> col:14 stdout 'FILE *' extern
|-VarDecl 0x24d7740 <line:145:1, col:14> col:14 stderr 'FILE *' extern
|-FunctionDecl 0x24d7890 <line:152:1, /usr/include/x86_64-linux-gnu/sys/cdefs.h:79:54> /usr/include/stdio.h:152:12 remove 'int (const char *)' extern
| |-ParmVarDecl 0x24d77c0 <col:20, col:32> col:32 __filename 'const char *'
| `-NoThrowAttr 0x24d7938 </usr/include/x86_64-linux-gnu/sys/cdefs.h:79:35>
|-FunctionDecl 0x24d7b00 </usr/include/stdio.h:154:1, /usr/include/x86_64-linux-gnu/sys/cdefs.h:79:54> /usr/include/stdio.h:154:12 rename 'int (const char *, const char *)' extern
| |-ParmVarDecl 0x24d79a8 <col:20, col:32> col:32 __old 'const char *'
| |-ParmVarDecl 0x24d7a28 <col:39, col:51> col:51 __new 'const char *'
| `-NoThrowAttr 0x24d7bb0 </usr/include/x86_64-linux-gnu/sys/cdefs.h:79:35>
|-FunctionDecl 0x24d7ea0 </usr/include/stdio.h:158:1, /usr/include/x86_64-linux-gnu/sys/cdefs.h:79:54> /usr/include/stdio.h:158:12 renameat 'int (int, const char *, int, const char *)' extern
| |-ParmVarDecl 0x24d7c20 <col:22, col:26> col:26 __oldfd 'int'
| |-ParmVarDecl 0x24d7ca0 <col:35, col:47> col:47 __old 'const char *'
| |-ParmVarDecl 0x24d7d20 <col:54, col:58> col:58 __newfd 'int'
| |-ParmVarDecl 0x24d7da0 <line:159:8, col:20> col:20 __new 'const char *'
| `-NoThrowAttr 0x24d7f60 </usr/include/x86_64-linux-gnu/sys/cdefs.h:79:35>
|-FunctionDecl 0x24d80c0 </usr/include/stdio.h:178:1, col:34> col:12 fclose 'int (FILE *)' extern
| `-ParmVarDecl 0x24d7fc8 <col:20, col:26> col:26 __stream 'FILE *'
|-FunctionDecl 0x24d8258 <line:188:1, /usr/include/x86_64-linux-gnu/sys/cdefs.h:281:58> /usr/include/stdio.h:188:14 tmpfile 'FILE *(void)' extern
| `-RestrictAttr 0x24d82f8 </usr/include/x86_64-linux-gnu/sys/cdefs.h:281:47> malloc
|-FunctionDecl 0x24dcab0 </usr/include/stdio.h:205:1, /usr/include/x86_64-linux-gnu/sys/cdefs.h:79:54> /usr/include/stdio.h:205:14 tmpnam 'char *(char *)' extern
| |-ParmVarDecl 0x24dc9b0 <col:22, col:35> col:26 'char *':'char *'
| `-NoThrowAttr 0x24dcb58 </usr/include/x86_64-linux-gnu/sys/cdefs.h:79:35>
|-FunctionDecl 0x24dcca8 </usr/include/stdio.h:210:1, /usr/include/x86_64-linux-gnu/sys/cdefs.h:79:54> /usr/include/stdio.h:210:14 tmpnam_r 'char *(char *)' extern
| |-ParmVarDecl 0x24dcc10 <col:24, col:41> col:29 __s 'char *':'char *'
| `-NoThrowAttr 0x24dcd50 </usr/include/x86_64-linux-gnu/sys/cdefs.h:79:35>
|-FunctionDecl 0x24dcf20 </usr/include/stdio.h:222:1, /usr/include/x86_64-linux-gnu/sys/cdefs.h:281:58> /usr/include/stdio.h:222:14 tempnam 'char *(const char *, const char *)' extern
| |-ParmVarDecl 0x24dcdc0 <col:23, col:35> col:35 __dir 'const char *'
| |-ParmVarDecl 0x24dce40 <col:42, col:54> col:54 __pfx 'const char *'
| |-NoThrowAttr 0x24dcfd0 </usr/include/x86_64-linux-gnu/sys/cdefs.h:79:35>
| `-RestrictAttr 0x24dd028 <line:281:47> malloc
|-FunctionDecl 0x24dd0f8 </usr/include/stdio.h:230:1, col:34> col:12 fflush 'int (FILE *)' extern
| `-ParmVarDecl 0x24dd060 <col:20, col:26> col:26 __stream 'FILE *'
|-FunctionDecl 0x24dd248 <line:239:1, col:43> col:12 fflush_unlocked 'int (FILE *)' extern
| `-ParmVarDecl 0x24dd1b0 <col:29, col:35> col:35 __stream 'FILE *'
|-FunctionDecl 0x24dd4d8 <line:258:14> col:14 implicit fopen 'FILE *(const char *, const char *)' extern
| |-ParmVarDecl 0x24dd5d0 <<invalid sloc>> <invalid sloc> 'const char *'
| |-ParmVarDecl 0x24dd638 <<invalid sloc>> <invalid sloc> 'const char *'
| `-BuiltinAttr 0x24dd578 <<invalid sloc>> Implicit 838
|-FunctionDecl 0x24dd6b0 prev 0x24dd4d8 <col:1, /usr/include/x86_64-linux-gnu/sys/cdefs.h:281:58> /usr/include/stdio.h:258:14 fopen 'FILE *(const char *, const char *)' extern
| |-ParmVarDecl 0x24dd308 <col:21, col:44> col:44 __filename 'const char *restrict'
| |-ParmVarDecl 0x24dd388 <line:259:7, col:30> col:30 __modes 'const char *restrict'
| |-BuiltinAttr 0x24dd7b8 <<invalid sloc>> Inherited Implicit 838
| `-RestrictAttr 0x24dd760 </usr/include/x86_64-linux-gnu/sys/cdefs.h:281:47> malloc
|-FunctionDecl 0x24dfab8 </usr/include/stdio.h:265:1, line:267:34> line:265:14 freopen 'FILE *(const char *restrict, const char *restrict, FILE *restrict)' extern
| |-ParmVarDecl 0x24dd7f8 <col:23, col:46> col:46 __filename 'const char *restrict'
| |-ParmVarDecl 0x24dd878 <line:266:9, col:32> col:32 __modes 'const char *restrict'
| `-ParmVarDecl 0x24dd8f0 <line:267:9, col:26> col:26 __stream 'FILE *restrict'
|-FunctionDecl 0x24dfd18 <line:293:1, /usr/include/x86_64-linux-gnu/sys/cdefs.h:281:58> /usr/include/stdio.h:293:14 fdopen 'FILE *(int, const char *)' extern
| |-ParmVarDecl 0x24dfb88 <col:22, col:26> col:26 __fd 'int'
| |-ParmVarDecl 0x24dfc08 <col:32, col:44> col:44 __modes 'const char *'
| |-NoThrowAttr 0x24dfdc8 </usr/include/x86_64-linux-gnu/sys/cdefs.h:79:35>
| `-RestrictAttr 0x24dfe20 <line:281:47> malloc
|-FunctionDecl 0x24e0078 </usr/include/stdio.h:308:1, /usr/include/x86_64-linux-gnu/sys/cdefs.h:281:58> /usr/include/stdio.h:308:14 fmemopen 'FILE *(void *, size_t, const char *)' extern
| |-ParmVarDecl 0x24dfe60 <col:24, col:30> col:30 __s 'void *'
| |-ParmVarDecl 0x24dfed8 <col:35, col:42> col:42 __len 'size_t':'unsigned long'
| |-ParmVarDecl 0x24dff58 <col:49, col:61> col:61 __modes 'const char *'
| |-NoThrowAttr 0x24e0130 </usr/include/x86_64-linux-gnu/sys/cdefs.h:79:35>
| `-RestrictAttr 0x24e0188 <line:281:47> malloc
|-FunctionDecl 0x24e03d8 </usr/include/stdio.h:314:1, /usr/include/x86_64-linux-gnu/sys/cdefs.h:281:58> /usr/include/stdio.h:314:14 open_memstream 'FILE *(char **, size_t *)' extern
| |-ParmVarDecl 0x24e01f0 <col:30, col:37> col:37 __bufloc 'char **'
| |-ParmVarDecl 0x24e02c8 <col:47, col:55> col:55 __sizeloc 'size_t *'
| |-NoThrowAttr 0x24e0488 </usr/include/x86_64-linux-gnu/sys/cdefs.h:79:35>
| `-RestrictAttr 0x24e04e0 <line:281:47> malloc
|-FunctionDecl 0x24e06a8 </usr/include/stdio.h:328:1, /usr/include/x86_64-linux-gnu/sys/cdefs.h:79:54> /usr/include/stdio.h:328:13 setbuf 'void (FILE *restrict, char *restrict)' extern
| |-ParmVarDecl 0x24e0518 <col:21, col:38> col:38 __stream 'FILE *restrict'
| |-ParmVarDecl 0x24e0598 <col:48, col:65> col:65 __buf 'char *restrict'
| `-NoThrowAttr 0x24e0758 </usr/include/x86_64-linux-gnu/sys/cdefs.h:79:35>
|-FunctionDecl 0x24e0aa0 </usr/include/stdio.h:332:1, /usr/include/x86_64-linux-gnu/sys/cdefs.h:79:54> /usr/include/stdio.h:332:12 setvbuf 'int (FILE *restrict, char *restrict, int, size_t)' extern
| |-ParmVarDecl 0x24e07c0 <col:21, col:38> col:38 __stream 'FILE *restrict'
| |-ParmVarDecl 0x24e0840 <col:48, col:65> col:65 __buf 'char *restrict'
| |-ParmVarDecl 0x24e08c0 <line:333:7, col:11> col:11 __modes 'int'
| |-ParmVarDecl 0x24e0938 <col:20, col:27> col:27 __n 'size_t':'unsigned long'
| `-NoThrowAttr 0x24e0b60 </usr/include/x86_64-linux-gnu/sys/cdefs.h:79:35>
|-FunctionDecl 0x24e0de8 </usr/include/stdio.h:338:1, /usr/include/x86_64-linux-gnu/sys/cdefs.h:79:54> /usr/include/stdio.h:338:13 setbuffer 'void (FILE *restrict, char *restrict, size_t)' extern
| |-ParmVarDecl 0x24e0bc8 <col:24, col:41> col:41 __stream 'FILE *restrict'
| |-ParmVarDecl 0x24e0c48 <col:51, col:68> col:68 __buf 'char *restrict'
| |-ParmVarDecl 0x24e0cc0 <line:339:10, col:17> col:17 __size 'size_t':'unsigned long'
| `-NoThrowAttr 0x24e0ea0 </usr/include/x86_64-linux-gnu/sys/cdefs.h:79:35>
|-FunctionDecl 0x24e0ff8 </usr/include/stdio.h:342:1, /usr/include/x86_64-linux-gnu/sys/cdefs.h:79:54> /usr/include/stdio.h:342:13 setlinebuf 'void (FILE *)' extern
| |-ParmVarDecl 0x24e0f08 <col:25, col:31> col:31 __stream 'FILE *'
| `-NoThrowAttr 0x24e10a0 </usr/include/x86_64-linux-gnu/sys/cdefs.h:79:35>
|-FunctionDecl 0x24e12f0 </usr/include/stdio.h:350:12> col:12 implicit fprintf 'int (FILE *, const char *, ...)' extern
| |-ParmVarDecl 0x24e13e8 <<invalid sloc>> <invalid sloc> 'FILE *'
| |-ParmVarDecl 0x24e1450 <<invalid sloc>> <invalid sloc> 'const char *'
| |-BuiltinAttr 0x24e1390 <<invalid sloc>> Implicit 825
| `-FormatAttr 0x24e14c8 <col:12> Implicit printf 2 3
|-FunctionDecl 0x24e1500 prev 0x24e12f0 <col:1, line:351:43> line:350:12 fprintf 'int (FILE *, const char *, ...)' extern
| |-ParmVarDecl 0x24e1108 <col:21, col:38> col:38 __stream 'FILE *restrict'
| |-ParmVarDecl 0x24e1188 <line:351:7, col:30> col:30 __format 'const char *restrict'
| |-BuiltinAttr 0x24e15e0 <<invalid sloc>> Inherited Implicit 825
| `-FormatAttr 0x24e1608 <line:350:12> Inherited printf 2 3
|-FunctionDecl 0x24e1768 <line:356:12> col:12 implicit used printf 'int (const char *, ...)' extern
| |-ParmVarDecl 0x24e1860 <<invalid sloc>> <invalid sloc> 'const char *'
| |-BuiltinAttr 0x24e1808 <<invalid sloc>> Implicit 824
| `-FormatAttr 0x24e18d0 <col:12> Implicit printf 1 2
|-FunctionDecl 0x24e1908 prev 0x24e1768 <col:1, col:56> col:12 used printf 'int (const char *, ...)' extern
| |-ParmVarDecl 0x24e1658 <col:20, col:43> col:43 __format 'const char *restrict'
| |-BuiltinAttr 0x24e19e0 <<invalid sloc>> Inherited Implicit 824
| `-FormatAttr 0x24e1a20 <col:12> Inherited printf 1 2
|-FunctionDecl 0x24e1c18 <line:358:12> col:12 implicit sprintf 'int (char *, const char *, ...)' extern
| |-ParmVarDecl 0x24e1d10 <<invalid sloc>> <invalid sloc> 'char *'
| |-ParmVarDecl 0x24e1d78 <<invalid sloc>> <invalid sloc> 'const char *'
| |-BuiltinAttr 0x24e1cb8 <<invalid sloc>> Implicit 827
| `-FormatAttr 0x24e1df0 <col:12> Implicit printf 2 3
|-FunctionDecl 0x24e1e28 prev 0x24e1c18 <col:1, /usr/include/x86_64-linux-gnu/sys/cdefs.h:80:49> /usr/include/stdio.h:358:12 sprintf 'int (char *, const char *, ...)' extern
| |-ParmVarDecl 0x24e1a70 <col:21, col:38> col:38 __s 'char *restrict'
| |-ParmVarDecl 0x24e1af0 <line:359:7, col:30> col:30 __format 'const char *restrict'
| |-BuiltinAttr 0x24e1f30 <<invalid sloc>> Inherited Implicit 827
| |-FormatAttr 0x24e1f58 <line:358:12> Inherited printf 2 3
| `-NoThrowAttr 0x24e1ed8 </usr/include/x86_64-linux-gnu/sys/cdefs.h:80:37>
|-FunctionDecl 0x24e2270 </usr/include/stdio.h:365:12> col:12 implicit vfprintf 'int (FILE *, const char *, struct __va_list_tag *)' extern
| |-ParmVarDecl 0x24e2368 <<invalid sloc>> <invalid sloc> 'FILE *'
| |-ParmVarDecl 0x24e23d0 <<invalid sloc>> <invalid sloc> 'const char *'
| |-ParmVarDecl 0x24e2438 <<invalid sloc>> <invalid sloc> 'struct __va_list_tag *'
| |-BuiltinAttr 0x24e2310 <<invalid sloc>> Implicit 829
| `-FormatAttr 0x24e24b8 <col:12> Implicit printf 2 0
|-FunctionDecl 0x24e24f0 prev 0x24e2270 <col:1, line:366:28> line:365:12 vfprintf 'int (FILE *, const char *, struct __va_list_tag *)' extern
| |-ParmVarDecl 0x24e1fa0 <col:22, col:39> col:39 __s 'FILE *restrict'
| |-ParmVarDecl 0x24e2020 <col:44, col:67> col:67 __format 'const char *restrict'
| |-ParmVarDecl 0x24e2100 <line:366:8, col:23> col:23 __arg 'struct __va_list_tag *':'struct __va_list_tag *'
| |-BuiltinAttr 0x24e25d8 <<invalid sloc>> Inherited Implicit 829
| `-FormatAttr 0x24e2600 <line:365:12> Inherited printf 2 0
|-FunctionDecl 0x24e27e0 <line:371:12> col:12 implicit vprintf 'int (const char *, struct __va_list_tag *)' extern
| |-ParmVarDecl 0x24e28d8 <<invalid sloc>> <invalid sloc> 'const char *'
| |-ParmVarDecl 0x24e2940 <<invalid sloc>> <invalid sloc> 'struct __va_list_tag *'
| |-BuiltinAttr 0x24e2880 <<invalid sloc>> Implicit 828
| `-FormatAttr 0x24e29b8 <col:12> Implicit printf 1 0
|-FunctionDecl 0x24e2ad0 prev 0x24e27e0 <col:1, col:74> col:12 vprintf 'int (const char *, struct __va_list_tag *)' extern
| |-ParmVarDecl 0x24e2650 <col:21, col:44> col:44 __format 'const char *restrict'
| |-ParmVarDecl 0x24e26c8 <col:54, col:69> col:69 __arg 'struct __va_list_tag *':'struct __va_list_tag *'
| |-BuiltinAttr 0x24e2bb0 <<invalid sloc>> Inherited Implicit 828
| `-FormatAttr 0x24e2bd8 <col:12> Inherited printf 1 0
|-FunctionDecl 0x24e2e50 <line:373:12> col:12 implicit vsprintf 'int (char *, const char *, struct __va_list_tag *)' extern
| |-ParmVarDecl 0x24e2f48 <<invalid sloc>> <invalid sloc> 'char *'
| |-ParmVarDecl 0x24e2fb0 <<invalid sloc>> <invalid sloc> 'const char *'
| |-ParmVarDecl 0x24e3018 <<invalid sloc>> <invalid sloc> 'struct __va_list_tag *'
| |-BuiltinAttr 0x24e2ef0 <<invalid sloc>> Implicit 831
| `-FormatAttr 0x24e3098 <col:12> Implicit printf 2 0
|-FunctionDecl 0x24e30d0 prev 0x24e2e50 <col:1, /usr/include/x86_64-linux-gnu/sys/cdefs.h:80:49> /usr/include/stdio.h:373:12 vsprintf 'int (char *, const char *, struct __va_list_tag *)' extern
| |-ParmVarDecl 0x24e2c28 <col:22, col:39> col:39 __s 'char *restrict'
| |-ParmVarDecl 0x24e2ca8 <col:44, col:67> col:67 __format 'const char *restrict'
| |-ParmVarDecl 0x24e2d20 <line:374:8, col:23> col:23 __arg 'struct __va_list_tag *':'struct __va_list_tag *'
| |-BuiltinAttr 0x24e31e0 <<invalid sloc>> Inherited Implicit 831
| |-FormatAttr 0x24e3208 <line:373:12> Inherited printf 2 0
| `-NoThrowAttr 0x24e3188 </usr/include/x86_64-linux-gnu/sys/cdefs.h:80:37>
|-FunctionDecl 0x24e34e8 </usr/include/stdio.h:378:12> col:12 implicit snprintf 'int (char *, unsigned long, const char *, ...)' extern
| |-ParmVarDecl 0x24e35e0 <<invalid sloc>> <invalid sloc> 'char *'
| |-ParmVarDecl 0x24e3648 <<invalid sloc>> <invalid sloc> 'unsigned long'
| |-ParmVarDecl 0x24e36b0 <<invalid sloc>> <invalid sloc> 'const char *'
| |-BuiltinAttr 0x24e3588 <<invalid sloc>> Implicit 826
| `-FormatAttr 0x24e3730 <col:12> Implicit printf 3 4
|-FunctionDecl 0x24e3768 prev 0x24e34e8 <col:1, line:380:62> line:378:12 snprintf 'int (char *, unsigned long, const char *, ...)' extern
| |-ParmVarDecl 0x24e3258 <col:22, col:39> col:39 __s 'char *restrict'
| |-ParmVarDecl 0x24e32d0 <col:44, col:51> col:51 __maxlen 'size_t':'unsigned long'
| |-ParmVarDecl 0x24e3350 <line:379:8, col:31> col:31 __format 'const char *restrict'
| |-BuiltinAttr 0x24e38b0 <<invalid sloc>> Inherited Implicit 826
| |-NoThrowAttr 0x24e3820 </usr/include/x86_64-linux-gnu/sys/cdefs.h:80:37>
| `-FormatAttr 0x24e3878 </usr/include/stdio.h:380:32, col:60> printf 3 4
|-FunctionDecl 0x24e3c10 <line:382:12> col:12 implicit vsnprintf 'int (char *, unsigned long, const char *, struct __va_list_tag *)' extern
| |-ParmVarDecl 0x24e3d08 <<invalid sloc>> <invalid sloc> 'char *'
| |-ParmVarDecl 0x24e3d70 <<invalid sloc>> <invalid sloc> 'unsigned long'
| |-ParmVarDecl 0x24e3dd8 <<invalid sloc>> <invalid sloc> 'const char *'
| |-ParmVarDecl 0x24e3e40 <<invalid sloc>> <invalid sloc> 'struct __va_list_tag *'
| |-BuiltinAttr 0x24e3cb0 <<invalid sloc>> Implicit 830
| `-FormatAttr 0x24e3ec8 <col:12> Implicit printf 3 0
|-FunctionDecl 0x24e3f00 prev 0x24e3c10 <col:1, line:384:62> line:382:12 vsnprintf 'int (char *, unsigned long, const char *, struct __va_list_tag *)' extern
| |-ParmVarDecl 0x24e38f0 <col:23, col:40> col:40 __s 'char *restrict'
| |-ParmVarDecl 0x24e3968 <col:45, col:52> col:52 __maxlen 'size_t':'unsigned long'
| |-ParmVarDecl 0x24e39e8 <line:383:9, col:32> col:32 __format 'const char *restrict'
| |-ParmVarDecl 0x24e3a60 <col:42, col:57> col:57 __arg 'struct __va_list_tag *':'struct __va_list_tag *'
| |-BuiltinAttr 0x24e4050 <<invalid sloc>> Inherited Implicit 830
| |-NoThrowAttr 0x24e3fc0 </usr/include/x86_64-linux-gnu/sys/cdefs.h:80:37>
| `-FormatAttr 0x24e4018 </usr/include/stdio.h:384:32, col:60> printf 3 0
|-FunctionDecl 0x24e4300 <line:403:1, line:405:52> line:403:12 vdprintf 'int (int, const char *restrict, struct __va_list_tag *)' extern
| |-ParmVarDecl 0x24e4090 <col:22, col:26> col:26 __fd 'int'
| |-ParmVarDecl 0x24e4110 <col:32, col:55> col:55 __fmt 'const char *restrict'
| |-ParmVarDecl 0x24e4188 <line:404:8, col:23> col:23 __arg 'struct __va_list_tag *':'struct __va_list_tag *'
| `-FormatAttr 0x24e43b8 <line:405:22, col:50> printf 2 0
|-FunctionDecl 0x24e4628 <line:406:1, line:407:52> line:406:12 dprintf 'int (int, const char *restrict, ...)' extern
| |-ParmVarDecl 0x24e4438 <col:21, col:25> col:25 __fd 'int'
| |-ParmVarDecl 0x24e44b8 <col:31, col:54> col:54 __fmt 'const char *restrict'
| `-FormatAttr 0x24e46d8 <line:407:22, col:50> printf 2 3
|-FunctionDecl 0x24e4870 <line:415:12> col:12 implicit fscanf 'int (FILE *restrict, const char *restrict, ...)' extern
| |-ParmVarDecl 0x24e4968 <<invalid sloc>> <invalid sloc> 'FILE *restrict'
| |-ParmVarDecl 0x24e49d0 <<invalid sloc>> <invalid sloc> 'const char *restrict'
| |-BuiltinAttr 0x24e4910 <<invalid sloc>> Implicit 833
| `-FormatAttr 0x24e4a48 <col:12> Implicit scanf 2 3
|-FunctionDecl 0x24e5b10 prev 0x24e4870 <col:1, line:416:42> line:415:12 fscanf 'int (FILE *restrict, const char *restrict, ...)' extern
| |-ParmVarDecl 0x24e4750 <col:20, col:37> col:37 __stream 'FILE *restrict'
| |-ParmVarDecl 0x24e47d0 <line:416:6, col:29> col:29 __format 'const char *restrict'
| |-BuiltinAttr 0x24e5bf0 <<invalid sloc>> Inherited Implicit 833
| `-FormatAttr 0x24e5c18 <line:415:12> Inherited scanf 2 3
|-FunctionDecl 0x24e5d00 <line:421:12> col:12 implicit scanf 'int (const char *restrict, ...)' extern
| |-ParmVarDecl 0x24e5df8 <<invalid sloc>> <invalid sloc> 'const char *restrict'
| |-BuiltinAttr 0x24e5da0 <<invalid sloc>> Implicit 832
| `-FormatAttr 0x24e5e68 <col:12> Implicit scanf 1 2
|-FunctionDecl 0x24e5ea0 prev 0x24e5d00 <col:1, col:55> col:12 scanf 'int (const char *restrict, ...)' extern
| |-ParmVarDecl 0x24e5c68 <col:19, col:42> col:42 __format 'const char *restrict'
| |-BuiltinAttr 0x24e5f78 <<invalid sloc>> Inherited Implicit 832
| `-FormatAttr 0x24e5fa0 <col:12> Inherited scanf 1 2
|-FunctionDecl 0x24e6198 <line:423:12> col:12 implicit sscanf 'int (const char *restrict, const char *restrict, ...)' extern
| |-ParmVarDecl 0x24e6290 <<invalid sloc>> <invalid sloc> 'const char *restrict'
| |-ParmVarDecl 0x24e62f8 <<invalid sloc>> <invalid sloc> 'const char *restrict'
| |-BuiltinAttr 0x24e6238 <<invalid sloc>> Implicit 834
| `-FormatAttr 0x24e6370 <col:12> Implicit scanf 2 3
|-FunctionDecl 0x24e63a8 prev 0x24e6198 <col:1, /usr/include/x86_64-linux-gnu/sys/cdefs.h:79:54> /usr/include/stdio.h:423:12 sscanf 'int (const char *restrict, const char *restrict, ...)' extern
| |-ParmVarDecl 0x24e5ff0 <col:20, col:43> col:43 __s 'const char *restrict'
| |-ParmVarDecl 0x24e6070 <line:424:6, col:29> col:29 __format 'const char *restrict'
| |-BuiltinAttr 0x24e64b0 <<invalid sloc>> Inherited Implicit 834
| |-FormatAttr 0x24e64d8 <line:423:12> Inherited scanf 2 3
| `-NoThrowAttr 0x24e6458 </usr/include/x86_64-linux-gnu/sys/cdefs.h:79:35>
|-TypedefDecl 0x24e6528 </usr/include/x86_64-linux-gnu/bits/floatn-common.h:214:1, col:15> col:15 _Float32 'float'
| `-BuiltinType 0x2437720 'float'
|-TypedefDecl 0x24e6598 <line:251:1, col:16> col:16 _Float64 'double'
| `-BuiltinType 0x2437740 'double'
|-TypedefDecl 0x24e6608 <line:268:1, col:16> col:16 _Float32x 'double'
| `-BuiltinType 0x2437740 'double'
|-TypedefDecl 0x24e6678 <line:285:1, col:21> col:21 _Float64x 'long double'
| `-BuiltinType 0x2437760 'long double'
|-FunctionDecl 0x24e6870 prev 0x24e5b10 </usr/include/stdio.h:434:1, /usr/include/x86_64-linux-gnu/sys/cdefs.h:247:79> /usr/include/stdio.h:434:24 fscanf 'int (FILE *restrict, const char *restrict, ...)' extern
| |-ParmVarDecl 0x24e66e0 <col:33, col:50> col:50 __stream 'FILE *restrict'
| |-ParmVarDecl 0x24e6760 <line:435:5, col:28> col:28 __format 'const char *restrict'
| |-BuiltinAttr 0x24e6998 <<invalid sloc>> Inherited Implicit 833
| |-FormatAttr 0x24e69c0 <line:415:12> Inherited scanf 2 3
| `-AsmLabelAttr 0x24e6910 <<scratch space>:32:1> "__isoc99_fscanf" IsLiteralLabel
|-FunctionDecl 0x24f1f50 prev 0x24e5ea0 </usr/include/stdio.h:437:1, /usr/include/x86_64-linux-gnu/sys/cdefs.h:247:79> /usr/include/stdio.h:437:24 scanf 'int (const char *restrict, ...)' extern
| |-ParmVarDecl 0x24e6a10 <col:32, col:55> col:55 __format 'const char *restrict'
| |-BuiltinAttr 0x24f2070 <<invalid sloc>> Inherited Implicit 832
| |-FormatAttr 0x24f2098 <line:421:12> Inherited scanf 1 2
| `-AsmLabelAttr 0x24f1ff0 <<scratch space>:34:1> "__isoc99_scanf" IsLiteralLabel
|-FunctionDecl 0x24f2238 prev 0x24e63a8 </usr/include/stdio.h:439:1, /usr/include/x86_64-linux-gnu/sys/cdefs.h:79:54> /usr/include/stdio.h:439:28 sscanf 'int (const char *restrict, const char *restrict, ...)' extern
| |-ParmVarDecl 0x24f20e8 <col:37, col:60> col:60 __s 'const char *restrict'
| |-ParmVarDecl 0x24f2168 <line:440:9, col:32> col:32 __format 'const char *restrict'
| |-BuiltinAttr 0x24f2388 <<invalid sloc>> Inherited Implicit 834
| |-FormatAttr 0x24f23b0 <line:423:12> Inherited scanf 2 3
| |-AsmLabelAttr 0x24f22d8 <<scratch space>:36:1> "__isoc99_sscanf" IsLiteralLabel
| `-NoThrowAttr 0x24f2360 </usr/include/x86_64-linux-gnu/sys/cdefs.h:79:35>
|-FunctionDecl 0x24f2630 </usr/include/stdio.h:459:12> col:12 implicit vfscanf 'int (FILE *restrict, const char *restrict, struct __va_list_tag *)' extern
| |-ParmVarDecl 0x24f2728 <<invalid sloc>> <invalid sloc> 'FILE *restrict'
| |-ParmVarDecl 0x24f2790 <<invalid sloc>> <invalid sloc> 'const char *restrict'
| |-ParmVarDecl 0x24f27f8 <<invalid sloc>> <invalid sloc> 'struct __va_list_tag *'
| |-BuiltinAttr 0x24f26d0 <<invalid sloc>> Implicit 836
| `-FormatAttr 0x24f2878 <col:12> Implicit scanf 2 0
|-FunctionDecl 0x24f28b0 prev 0x24f2630 <col:1, line:461:51> line:459:12 vfscanf 'int (FILE *restrict, const char *restrict, struct __va_list_tag *)' extern
| |-ParmVarDecl 0x24f23f8 <col:21, col:38> col:38 __s 'FILE *restrict'
| |-ParmVarDecl 0x24f2478 <col:43, col:66> col:66 __format 'const char *restrict'
| |-ParmVarDecl 0x24f24f0 <line:460:7, col:22> col:22 __arg 'struct __va_list_tag *':'struct __va_list_tag *'
| |-BuiltinAttr 0x24f29d0 <<invalid sloc>> Inherited Implicit 836
| `-FormatAttr 0x24f2968 <line:461:22, col:49> scanf 2 0
|-FunctionDecl 0x24f2bb8 <line:467:12> col:12 implicit vscanf 'int (const char *restrict, struct __va_list_tag *)' extern
| |-ParmVarDecl 0x24f2cb0 <<invalid sloc>> <invalid sloc> 'const char *restrict'
| |-ParmVarDecl 0x24f2d18 <<invalid sloc>> <invalid sloc> 'struct __va_list_tag *'
| |-BuiltinAttr 0x24f2c58 <<invalid sloc>> Implicit 835
| `-FormatAttr 0x24f2d90 <col:12> Implicit scanf 1 0
|-FunctionDecl 0x24f2dc8 prev 0x24f2bb8 <col:1, line:468:51> line:467:12 vscanf 'int (const char *restrict, struct __va_list_tag *)' extern
| |-ParmVarDecl 0x24f2a10 <col:20, col:43> col:43 __format 'const char *restrict'
| |-ParmVarDecl 0x24f2a88 <col:53, col:68> col:68 __arg 'struct __va_list_tag *':'struct __va_list_tag *'
| |-BuiltinAttr 0x24f2ee0 <<invalid sloc>> Inherited Implicit 835
| `-FormatAttr 0x24f2e78 <line:468:22, col:49> scanf 1 0
|-FunctionDecl 0x24f4040 <line:471:12> col:12 implicit vsscanf 'int (const char *restrict, const char *restrict, struct __va_list_tag *)' extern
| |-ParmVarDecl 0x24f4138 <<invalid sloc>> <invalid sloc> 'const char *restrict'
| |-ParmVarDecl 0x24f41a0 <<invalid sloc>> <invalid sloc> 'const char *restrict'
| |-ParmVarDecl 0x24f4208 <<invalid sloc>> <invalid sloc> 'struct __va_list_tag *'
| |-BuiltinAttr 0x24f40e0 <<invalid sloc>> Implicit 837
| `-FormatAttr 0x24f4288 <col:12> Implicit scanf 2 0
|-FunctionDecl 0x24f42c0 prev 0x24f4040 <col:1, line:473:59> line:471:12 vsscanf 'int (const char *restrict, const char *restrict, struct __va_list_tag *)' extern
| |-ParmVarDecl 0x24f3d90 <col:21, col:44> col:44 __s 'const char *restrict'
| |-ParmVarDecl 0x24f3e10 <line:472:7, col:30> col:30 __format 'const char *restrict'
| |-ParmVarDecl 0x24f3e88 <col:40, col:55> col:55 __arg 'struct __va_list_tag *':'struct __va_list_tag *'
| |-BuiltinAttr 0x24f4408 <<invalid sloc>> Inherited Implicit 837
| |-NoThrowAttr 0x24f4378 </usr/include/x86_64-linux-gnu/sys/cdefs.h:79:35>
| `-FormatAttr 0x24f43d0 </usr/include/stdio.h:473:30, col:57> scanf 2 0
|-FunctionDecl 0x24f4698 prev 0x24f28b0 <line:479:1, line:483:51> line:479:24 vfscanf 'int (FILE *restrict, const char *restrict, struct __va_list_tag *)' extern
| |-ParmVarDecl 0x24f4440 <line:480:11, col:28> col:28 __s 'FILE *restrict'
| |-ParmVarDecl 0x24f44c0 <line:481:4, col:27> col:27 __format 'const char *restrict'
| |-ParmVarDecl 0x24f4538 <col:37, col:52> col:52 __arg 'struct __va_list_tag *':'struct __va_list_tag *'
| |-BuiltinAttr 0x24f4800 <<invalid sloc>> Inherited Implicit 836
| |-AsmLabelAttr 0x24f4738 <<scratch space>:39:1> "__isoc99_vfscanf" IsLiteralLabel
| `-FormatAttr 0x24f47c8 </usr/include/stdio.h:483:22, col:49> scanf 2 0
|-FunctionDecl 0x24f49d8 prev 0x24f2dc8 <line:484:1, line:486:51> line:484:24 vscanf 'int (const char *restrict, struct __va_list_tag *)' extern
| |-ParmVarDecl 0x24f4840 <col:33, col:56> col:56 __format 'const char *restrict'
| |-ParmVarDecl 0x24f48b8 <line:485:5, col:20> col:20 __arg 'struct __va_list_tag *':'struct __va_list_tag *'
| |-BuiltinAttr 0x24f4b38 <<invalid sloc>> Inherited Implicit 835
| |-AsmLabelAttr 0x24f4a78 <<scratch space>:41:1> "__isoc99_vscanf" IsLiteralLabel
| `-FormatAttr 0x24f4b00 </usr/include/stdio.h:486:22, col:49> scanf 1 0
|-FunctionDecl 0x24f4de0 prev 0x24f42c0 <line:487:1, line:491:51> line:487:28 vsscanf 'int (const char *restrict, const char *restrict, struct __va_list_tag *)' extern
| |-ParmVarDecl 0x24f4b78 <line:488:8, col:31> col:31 __s 'const char *restrict'
| |-ParmVarDecl 0x24f4bf8 <line:489:8, col:31> col:31 __format 'const char *restrict'
| |-ParmVarDecl 0x24f4c70 <line:490:8, col:23> col:23 __arg 'struct __va_list_tag *':'struct __va_list_tag *'
| |-BuiltinAttr 0x24f4f70 <<invalid sloc>> Inherited Implicit 837
| |-AsmLabelAttr 0x24f4e80 <<scratch space>:43:1> "__isoc99_vsscanf" IsLiteralLabel
| |-NoThrowAttr 0x24f4f10 </usr/include/x86_64-linux-gnu/sys/cdefs.h:79:35>
| `-FormatAttr 0x24f4f38 </usr/include/stdio.h:491:22, col:49> scanf 2 0
|-FunctionDecl 0x24f5040 <line:513:1, col:33> col:12 fgetc 'int (FILE *)' extern
| `-ParmVarDecl 0x24f4fa8 <col:19, col:25> col:25 __stream 'FILE *'
|-FunctionDecl 0x24f5190 <line:514:1, col:32> col:12 getc 'int (FILE *)' extern
| `-ParmVarDecl 0x24f50f8 <col:18, col:24> col:24 __stream 'FILE *'
|-FunctionDecl 0x24f5300 <line:520:1, col:25> col:12 getchar 'int (void)' extern
|-FunctionDecl 0x24f5448 <line:527:1, col:41> col:12 getc_unlocked 'int (FILE *)' extern
| `-ParmVarDecl 0x24f53b0 <col:27, col:33> col:33 __stream 'FILE *'
|-FunctionDecl 0x24f5590 <line:528:1, col:34> col:12 getchar_unlocked 'int (void)' extern
|-FunctionDecl 0x24f56d8 <line:538:1, col:42> col:12 fgetc_unlocked 'int (FILE *)' extern
| `-ParmVarDecl 0x24f5640 <col:28, col:34> col:34 __stream 'FILE *'
|-FunctionDecl 0x24f5930 <line:549:1, col:42> col:12 fputc 'int (int, FILE *)' extern
| |-ParmVarDecl 0x24f5798 <col:19, col:23> col:23 __c 'int'
| `-ParmVarDecl 0x24f5810 <col:28, col:34> col:34 __stream 'FILE *'
|-FunctionDecl 0x24f5b10 <line:550:1, col:41> col:12 putc 'int (int, FILE *)' extern
| |-ParmVarDecl 0x24f59f8 <col:18, col:22> col:22 __c 'int'
| `-ParmVarDecl 0x24f5a70 <col:27, col:33> col:33 __stream 'FILE *'
|-FunctionDecl 0x24f5ca0 <line:556:1, col:28> col:12 putchar 'int (int)' extern
| `-ParmVarDecl 0x24f5bd8 <col:21, col:25> col:25 __c 'int'
|-FunctionDecl 0x24f5ec8 <line:565:1, col:51> col:12 fputc_unlocked 'int (int, FILE *)' extern
| |-ParmVarDecl 0x24f5db0 <col:28, col:32> col:32 __c 'int'
| `-ParmVarDecl 0x24f5e28 <col:37, col:43> col:43 __stream 'FILE *'
|-FunctionDecl 0x24f60a8 <line:573:1, col:50> col:12 putc_unlocked 'int (int, FILE *)' extern
| |-ParmVarDecl 0x24f5f90 <col:27, col:31> col:31 __c 'int'
| `-ParmVarDecl 0x24f6008 <col:36, col:42> col:42 __stream 'FILE *'
|-FunctionDecl 0x24f6208 <line:574:1, col:37> col:12 putchar_unlocked 'int (int)' extern
| `-ParmVarDecl 0x24f6170 <col:30, col:34> col:34 __c 'int'
|-FunctionDecl 0x24f6358 <line:581:1, col:32> col:12 getw 'int (FILE *)' extern
| `-ParmVarDecl 0x24f62c0 <col:18, col:24> col:24 __stream 'FILE *'
|-FunctionDecl 0x24f6530 <line:584:1, col:41> col:12 putw 'int (int, FILE *)' extern
| |-ParmVarDecl 0x24f6418 <col:18, col:22> col:22 __w 'int'
| `-ParmVarDecl 0x24f6490 <col:27, col:33> col:33 __stream 'FILE *'
|-FunctionDecl 0x24f6820 <line:592:1, col:77> col:14 fgets 'char *(char *restrict, int, FILE *restrict)' extern
| |-ParmVarDecl 0x24f65f8 <col:21, col:38> col:38 __s 'char *restrict'
| |-ParmVarDecl 0x24f6678 <col:43, col:47> col:47 __n 'int'
| `-ParmVarDecl 0x24f66f0 <col:52, col:69> col:69 __stream 'FILE *restrict'
|-FunctionDecl 0x24f6ba8 <line:632:1, line:634:55> line:632:18 __getdelim '__ssize_t (char **restrict, size_t *restrict, int, FILE *restrict)' extern
| |-ParmVarDecl 0x24f68f0 <col:30, col:48> col:48 __lineptr 'char **restrict'
| |-ParmVarDecl 0x24f6968 <line:633:30, col:49> col:49 __n 'size_t *restrict'
| |-ParmVarDecl 0x24f69e8 <col:54, col:58> col:58 __delimiter 'int'
| `-ParmVarDecl 0x24f6a60 <line:634:30, col:47> col:47 __stream 'FILE *restrict'
|-FunctionDecl 0x24f6ee0 <line:635:1, line:637:53> line:635:18 getdelim '__ssize_t (char **restrict, size_t *restrict, int, FILE *restrict)' extern
| |-ParmVarDecl 0x24f6c80 <col:28, col:46> col:46 __lineptr 'char **restrict'
| |-ParmVarDecl 0x24f6cf8 <line:636:28, col:47> col:47 __n 'size_t *restrict'
| |-ParmVarDecl 0x24f6dc0 <col:52, col:56> col:56 __delimiter 'int'
| `-ParmVarDecl 0x24f6e38 <line:637:28, col:45> col:45 __stream 'FILE *restrict'
|-FunctionDecl 0x24f71c8 <line:645:1, line:647:52> line:645:18 getline '__ssize_t (char **restrict, size_t *restrict, FILE *restrict)' extern
| |-ParmVarDecl 0x24f6fb8 <col:27, col:45> col:45 __lineptr 'char **restrict'
| |-ParmVarDecl 0x24f7030 <line:646:27, col:46> col:46 __n 'size_t *restrict'
| `-ParmVarDecl 0x24f70a8 <line:647:27, col:44> col:44 __stream 'FILE *restrict'
|-FunctionDecl 0x24f7430 <line:655:1, col:72> col:12 fputs 'int (const char *restrict, FILE *restrict)' extern
| |-ParmVarDecl 0x24f7298 <col:19, col:42> col:42 __s 'const char *restrict'
| `-ParmVarDecl 0x24f7310 <col:47, col:64> col:64 __stream 'FILE *restrict'
|-FunctionDecl 0x24f7590 <line:661:1, col:33> col:12 puts 'int (const char *)' extern
| `-ParmVarDecl 0x24f74f8 <col:18, col:30> col:30 __s 'const char *'
|-FunctionDecl 0x24f7768 <line:668:1, col:43> col:12 ungetc 'int (int, FILE *)' extern
| |-ParmVarDecl 0x24f7650 <col:20, col:24> col:24 __c 'int'
| `-ParmVarDecl 0x24f76c8 <col:29, col:35> col:35 __stream 'FILE *'
|-FunctionDecl 0x24f7b28 <line:675:15> col:15 implicit fread 'unsigned long (void *, unsigned long, unsigned long, FILE *)' extern
| |-ParmVarDecl 0x24f7c20 <<invalid sloc>> <invalid sloc> 'void *'
| |-ParmVarDecl 0x24f7c88 <<invalid sloc>> <invalid sloc> 'unsigned long'
| |-ParmVarDecl 0x24f7cf0 <<invalid sloc>> <invalid sloc> 'unsigned long'
| |-ParmVarDecl 0x24f7d58 <<invalid sloc>> <invalid sloc> 'FILE *'
| `-BuiltinAttr 0x24f7bc8 <<invalid sloc>> Implicit 839
|-FunctionDecl 0x24f7df0 prev 0x24f7b28 <col:1, line:676:45> line:675:15 fread 'unsigned long (void *, unsigned long, unsigned long, FILE *)' extern
| |-ParmVarDecl 0x24f7830 <col:22, col:39> col:39 __ptr 'void *restrict'
| |-ParmVarDecl 0x24f78a8 <col:46, col:53> col:53 __size 'size_t':'unsigned long'
| |-ParmVarDecl 0x24f7920 <line:676:8, col:15> col:15 __n 'size_t':'unsigned long'
| |-ParmVarDecl 0x24f7998 <col:20, col:37> col:37 __stream 'FILE *restrict'
| `-BuiltinAttr 0x24f7ee0 <<invalid sloc>> Inherited Implicit 839
|-FunctionDecl 0x24f8248 <line:681:15> col:15 implicit fwrite 'unsigned long (const void *, unsigned long, unsigned long, FILE *)' extern
| |-ParmVarDecl 0x24f8340 <<invalid sloc>> <invalid sloc> 'const void *'
| |-ParmVarDecl 0x24f83a8 <<invalid sloc>> <invalid sloc> 'unsigned long'
| |-ParmVarDecl 0x24f8410 <<invalid sloc>> <invalid sloc> 'unsigned long'
| |-ParmVarDecl 0x24f8478 <<invalid sloc>> <invalid sloc> 'FILE *'
| `-BuiltinAttr 0x24f82e8 <<invalid sloc>> Implicit 840
|-FunctionDecl 0x24f8500 prev 0x24f8248 <col:1, line:682:41> line:681:15 fwrite 'unsigned long (const void *, unsigned long, unsigned long, FILE *)' extern
| |-ParmVarDecl 0x24f7f50 <col:23, col:46> col:46 __ptr 'const void *restrict'
| |-ParmVarDecl 0x24f7fc8 <col:53, col:60> col:60 __size 'size_t':'unsigned long'
| |-ParmVarDecl 0x24f8040 <line:682:9, col:16> col:16 __n 'size_t':'unsigned long'
| |-ParmVarDecl 0x24f80b8 <col:21, col:38> col:38 __s 'FILE *restrict'
| `-BuiltinAttr 0x24f85f0 <<invalid sloc>> Inherited Implicit 840
|-FunctionDecl 0x24f8840 <line:702:1, line:703:47> line:702:15 fread_unlocked 'size_t (void *restrict, size_t, size_t, FILE *restrict)' extern
| |-ParmVarDecl 0x24f8630 <col:31, col:48> col:48 __ptr 'void *restrict'
| |-ParmVarDecl 0x24f86a8 <col:55, col:62> col:62 __size 'size_t':'unsigned long'
| |-ParmVarDecl 0x24f8720 <line:703:10, col:17> col:17 __n 'size_t':'unsigned long'
| `-ParmVarDecl 0x24f8798 <col:22, col:39> col:39 __stream 'FILE *restrict'
|-FunctionDecl 0x24f8b28 <line:704:1, line:705:48> line:704:15 fwrite_unlocked 'size_t (const void *restrict, size_t, size_t, FILE *restrict)' extern
| |-ParmVarDecl 0x24f8918 <col:32, col:55> col:55 __ptr 'const void *restrict'
| |-ParmVarDecl 0x24f8990 <col:62, col:69> col:69 __size 'size_t':'unsigned long'
| |-ParmVarDecl 0x24f8a08 <line:705:11, col:18> col:18 __n 'size_t':'unsigned long'
| `-ParmVarDecl 0x24f8a80 <col:23, col:40> col:40 __stream 'FILE *restrict'
|-FunctionDecl 0x24f8e60 <line:713:1, col:63> col:12 fseek 'int (FILE *, long, int)' extern
| |-ParmVarDecl 0x24f8bf8 <col:19, col:25> col:25 __stream 'FILE *'
| |-ParmVarDecl 0x24f8c78 <col:35, col:44> col:44 __off 'long'
| `-ParmVarDecl 0x24f8cf8 <col:51, col:55> col:55 __whence 'int'
|-FunctionDecl 0x24f9020 <line:718:1, col:38> col:17 ftell 'long (FILE *)' extern
| `-ParmVarDecl 0x24f8f28 <col:24, col:30> col:30 __stream 'FILE *'
|-FunctionDecl 0x24f9168 <line:723:1, col:35> col:13 rewind 'void (FILE *)' extern
| `-ParmVarDecl 0x24f90d8 <col:21, col:27> col:27 __stream 'FILE *'
|-FunctionDecl 0x24f9400 <line:736:1, col:63> col:12 fseeko 'int (FILE *, __off_t, int)' extern
| |-ParmVarDecl 0x24f9220 <col:20, col:26> col:26 __stream 'FILE *'
| |-ParmVarDecl 0x24f9298 <col:36, col:44> col:44 __off '__off_t':'long'
| `-ParmVarDecl 0x24f9318 <col:51, col:55> col:55 __whence 'int'
|-FunctionDecl 0x24f9588 <line:741:1, col:38> col:16 ftello '__off_t (FILE *)' extern
| `-ParmVarDecl 0x24f94c8 <col:24, col:30> col:30 __stream 'FILE *'
|-FunctionDecl 0x24f9850 <line:760:1, col:72> col:12 fgetpos 'int (FILE *restrict, fpos_t *restrict)' extern
| |-ParmVarDecl 0x24f9640 <col:21, col:38> col:38 __stream 'FILE *restrict'
| `-ParmVarDecl 0x24f9738 <col:48, col:67> col:67 __pos 'fpos_t *restrict'
|-FunctionDecl 0x24f9b00 <line:765:1, col:56> col:12 fsetpos 'int (FILE *, const fpos_t *)' extern
| |-ParmVarDecl 0x24f9910 <col:21, col:27> col:27 __stream 'FILE *'
| `-ParmVarDecl 0x24f99e8 <col:37, col:51> col:51 __pos 'const fpos_t *'
|-FunctionDecl 0x24f9c50 <line:786:1, /usr/include/x86_64-linux-gnu/sys/cdefs.h:79:54> /usr/include/stdio.h:786:13 clearerr 'void (FILE *)' extern
| |-ParmVarDecl 0x24f9bc0 <col:23, col:29> col:29 __stream 'FILE *'
| `-NoThrowAttr 0x24f9cf8 </usr/include/x86_64-linux-gnu/sys/cdefs.h:79:35>
|-FunctionDecl 0x24f9e20 </usr/include/stdio.h:788:1, /usr/include/x86_64-linux-gnu/sys/cdefs.h:79:54> /usr/include/stdio.h:788:12 feof 'int (FILE *)' extern
| |-ParmVarDecl 0x24f9d60 <col:18, col:24> col:24 __stream 'FILE *'
| `-NoThrowAttr 0x24f9ec8 </usr/include/x86_64-linux-gnu/sys/cdefs.h:79:35>
|-FunctionDecl 0x24f9fc8 </usr/include/stdio.h:790:1, /usr/include/x86_64-linux-gnu/sys/cdefs.h:79:54> /usr/include/stdio.h:790:12 ferror 'int (FILE *)' extern
| |-ParmVarDecl 0x24f9f30 <col:20, col:26> col:26 __stream 'FILE *'
| `-NoThrowAttr 0x24fa070 </usr/include/x86_64-linux-gnu/sys/cdefs.h:79:35>
|-FunctionDecl 0x24fa168 </usr/include/stdio.h:794:1, /usr/include/x86_64-linux-gnu/sys/cdefs.h:79:54> /usr/include/stdio.h:794:13 clearerr_unlocked 'void (FILE *)' extern
| |-ParmVarDecl 0x24fa0d8 <col:32, col:38> col:38 __stream 'FILE *'
| `-NoThrowAttr 0x24fa210 </usr/include/x86_64-linux-gnu/sys/cdefs.h:79:35>
|-FunctionDecl 0x24fa310 </usr/include/stdio.h:795:1, /usr/include/x86_64-linux-gnu/sys/cdefs.h:79:54> /usr/include/stdio.h:795:12 feof_unlocked 'int (FILE *)' extern
| |-ParmVarDecl 0x24fa278 <col:27, col:33> col:33 __stream 'FILE *'
| `-NoThrowAttr 0x24fa3b8 </usr/include/x86_64-linux-gnu/sys/cdefs.h:79:35>
|-FunctionDecl 0x24fa4b8 </usr/include/stdio.h:796:1, /usr/include/x86_64-linux-gnu/sys/cdefs.h:79:54> /usr/include/stdio.h:796:12 ferror_unlocked 'int (FILE *)' extern
| |-ParmVarDecl 0x24fa420 <col:29, col:35> col:35 __stream 'FILE *'
| `-NoThrowAttr 0x24fa560 </usr/include/x86_64-linux-gnu/sys/cdefs.h:79:35>
|-FunctionDecl 0x24fa698 </usr/include/stdio.h:804:1, col:36> col:13 perror 'void (const char *)' extern
| `-ParmVarDecl 0x24fa5d0 <col:21, col:33> col:33 __s 'const char *'
|-FunctionDecl 0x24fa7e8 <line:809:1, /usr/include/x86_64-linux-gnu/sys/cdefs.h:79:54> /usr/include/stdio.h:809:12 fileno 'int (FILE *)' extern
| |-ParmVarDecl 0x24fa750 <col:20, col:26> col:26 __stream 'FILE *'
| `-NoThrowAttr 0x24fa890 </usr/include/x86_64-linux-gnu/sys/cdefs.h:79:35>
|-FunctionDecl 0x24fa990 </usr/include/stdio.h:814:1, /usr/include/x86_64-linux-gnu/sys/cdefs.h:79:54> /usr/include/stdio.h:814:12 fileno_unlocked 'int (FILE *)' extern
| |-ParmVarDecl 0x24fa8f8 <col:29, col:35> col:35 __stream 'FILE *'
| `-NoThrowAttr 0x24faa38 </usr/include/x86_64-linux-gnu/sys/cdefs.h:79:35>
|-FunctionDecl 0x24fab38 </usr/include/stdio.h:823:1, col:34> col:12 pclose 'int (FILE *)' extern
| `-ParmVarDecl 0x24faaa0 <col:20, col:26> col:26 __stream 'FILE *'
|-FunctionDecl 0x24fad10 <line:829:1, /usr/include/x86_64-linux-gnu/sys/cdefs.h:281:58> /usr/include/stdio.h:829:14 popen 'FILE *(const char *, const char *)' extern
| |-ParmVarDecl 0x24fabf8 <col:21, col:33> col:33 __command 'const char *'
| |-ParmVarDecl 0x24fac78 <col:44, col:56> col:56 __modes 'const char *'
| `-RestrictAttr 0x24fadc0 </usr/include/x86_64-linux-gnu/sys/cdefs.h:281:47> malloc
|-FunctionDecl 0x24fbef0 </usr/include/stdio.h:837:1, /usr/include/x86_64-linux-gnu/sys/cdefs.h:79:54> /usr/include/stdio.h:837:14 ctermid 'char *(char *)' extern
| |-ParmVarDecl 0x24fbe58 <col:23, col:29> col:29 __s 'char *'
| `-NoThrowAttr 0x24fbf98 </usr/include/x86_64-linux-gnu/sys/cdefs.h:79:35>
|-FunctionDecl 0x24fc090 </usr/include/stdio.h:867:1, /usr/include/x86_64-linux-gnu/sys/cdefs.h:79:54> /usr/include/stdio.h:867:13 flockfile 'void (FILE *)' extern
| |-ParmVarDecl 0x24fc000 <col:24, col:30> col:30 __stream 'FILE *'
| `-NoThrowAttr 0x24fc138 </usr/include/x86_64-linux-gnu/sys/cdefs.h:79:35>
|-FunctionDecl 0x24fc238 </usr/include/stdio.h:871:1, /usr/include/x86_64-linux-gnu/sys/cdefs.h:79:54> /usr/include/stdio.h:871:12 ftrylockfile 'int (FILE *)' extern
| |-ParmVarDecl 0x24fc1a0 <col:26, col:32> col:32 __stream 'FILE *'
| `-NoThrowAttr 0x24fc2e0 </usr/include/x86_64-linux-gnu/sys/cdefs.h:79:35>
|-FunctionDecl 0x24fc3d8 </usr/include/stdio.h:874:1, /usr/include/x86_64-linux-gnu/sys/cdefs.h:79:54> /usr/include/stdio.h:874:13 funlockfile 'void (FILE *)' extern
| |-ParmVarDecl 0x24fc348 <col:26, col:32> col:32 __stream 'FILE *'
| `-NoThrowAttr 0x24fc480 </usr/include/x86_64-linux-gnu/sys/cdefs.h:79:35>
|-FunctionDecl 0x24fc580 </usr/include/stdio.h:885:1, col:27> col:12 __uflow 'int (FILE *)' extern
| `-ParmVarDecl 0x24fc4e8 <col:21, col:26> col:27 'FILE *'
|-FunctionDecl 0x24fc7d0 <line:886:1, col:35> col:12 __overflow 'int (FILE *, int)' extern
| |-ParmVarDecl 0x24fc638 <col:24, col:29> col:30 'FILE *'
| `-ParmVarDecl 0x24fc6b8 <col:32> col:35 'int'
|-VarDecl 0x24fc898 <5.c:2:1, col:9> col:7 used c 'float' cinit
| `-ImplicitCastExpr 0x24fc920 <col:9> 'float' <FloatingCast>
|   `-FloatingLiteral 0x24fc900 <col:9> 'double' 3.880000e+00
`-FunctionDecl 0x24fc990 <line:3:1, line:14:1> line:3:5 main 'int ()'
  `-CompoundStmt 0x24fd940 <col:11, line:14:1>
    |-DeclStmt 0x24fcbf0 <line:4:2, col:14>
    | |-VarDecl 0x24fcad0 <col:2, col:9> col:6 used a 'int[3]'
    | `-VarDecl 0x24fcb50 <col:2, col:13> col:11 used b 'int' cinit
    |   `-IntegerLiteral 0x24fcbb8 <col:13> 'int' 2
    |-BinaryOperator 0x24fccd0 <line:5:2, col:7> 'int' '='
    | |-ArraySubscriptExpr 0x24fcc90 <col:2, col:5> 'int' lvalue
    | | |-ImplicitCastExpr 0x24fcc78 <col:2> 'int *' <ArrayToPointerDecay>
    | | | `-DeclRefExpr 0x24fcc08 <col:2> 'int[3]' lvalue Var 0x24fcad0 'a' 'int[3]'
    | | `-IntegerLiteral 0x1 error generated.
24fcc28 <col:4> 'int' 2
    | `-IntegerLiteral 0x24fccb0 <col:7> 'int' 1
    |-ForStmt 0x24fd6b0 <line:6:2, line:11:2>
    | |-DeclStmt 0x24fcd90 <line:6:6, col:13>
    | | `-VarDecl 0x24fcd08 <col:6, col:12> col:10 used i 'int' cinit
    | |   `-IntegerLiteral 0x24fcd70 <col:12> 'int' 0
    | |-<<<NULL>>>
    | |-BinaryOperator 0x24fd2f0 <col:14, col:16> 'int' '<'
    | | |-ImplicitCastExpr 0x24fcde8 <col:14> 'int' <LValueToRValue>
    | | | `-DeclRefExpr 0x24fcda8 <col:14> 'int' lvalue Var 0x24fcd08 'i' 'int'
    | | `-IntegerLiteral 0x24fcdc8 <col:16> 'int' 15
    | |-UnaryOperator 0x24fd330 <col:19, col:20> 'int' postfix '++'
    | | `-DeclRefExpr 0x24fd310 <col:19> 'int' lvalue Var 0x24fcd08 'i' 'int'
    | `-CompoundStmt 0x24fd680 <col:23, line:11:2>
    |   |-IfStmt 0x24fd3e0 <line:7:3, col:11>
    |   | |-BinaryOperator 0x24fd3b8 <col:6, col:9> 'int' '=='
    |   | | |-ImplicitCastExpr 0x24fd388 <col:6> 'float' <LValueToRValue>
    |   | | | `-DeclRefExpr 0x24fd348 <col:6> 'float' lvalue Var 0x24fc898 'c' 'float'
    |   | | `-ImplicitCastExpr 0x24fd3a0 <col:9> 'float' <IntegralToFloating>
    |   | |   `-IntegerLiteral 0x24fd368 <col:9> 'int' 1
    |   | `-BreakStmt 0x24fd3d8 <col:11>
    |   |-IfStmt 0x24fd4d8 <line:8:3, col:15>
    |   | |-BinaryOperator 0x24fd4b0 <col:6, col:12> 'int' '=='
    |   | | |-ImplicitCastExpr 0x24fd498 <col:6, col:9> 'int' <LValueToRValue>
    |   | | | `-ArraySubscriptExpr 0x24fd458 <col:6, col:9> 'int' lvalue
    |   | | |   |-ImplicitCastExpr 0x24fd440 <col:6> 'int *' <ArrayToPointerDecay>
    |   | | |   | `-DeclRefExpr 0x24fd400 <col:6> 'int[3]' lvalue Var 0x24fcad0 'a' 'int[3]'
    |   | | |   `-IntegerLiteral 0x24fd420 <col:8> 'int' 2
    |   | | `-IntegerLiteral 0x24fd478 <col:12> 'int' 10
    |   | `-ContinueStmt 0x24fd4d0 <col:15>
    |   |-UnaryOperator 0x24fd570 <line:9:3, col:7> 'int' postfix '++'
    |   | `-ArraySubscriptExpr 0x24fd550 <col:3, col:6> 'int' lvalue
    |   |   |-ImplicitCastExpr 0x24fd538 <col:3> 'int *' <ArrayToPointerDecay>
    |   |   | `-DeclRefExpr 0x24fd4f8 <col:3> 'int[3]' lvalue Var 0x24fcad0 'a' 'int[3]'
    |   |   `-IntegerLiteral 0x24fd518 <col:5> 'int' 2
    |   `-CompoundAssignOperator 0x24fd650 <line:10:3, col:8> 'float' '+=' ComputeLHSTy='float' ComputeResultTy='float'
    |     |-DeclRefExpr 0x24fd588 <col:3> 'float' lvalue Var 0x24fc898 'c' 'float'
    |     `-BinaryOperator 0x24fd630 <col:6, col:8> 'float' '/'
    |       |-ImplicitCastExpr 0x24fd5e8 <col:6> 'float' <LValueToRValue>
    |       | `-DeclRefExpr 0x24fd5a8 <col:6> 'float' lvalue Var 0x24fc898 'c' 'float'
    |       `-ImplicitCastExpr 0x24fd618 <col:8> 'float' <IntegralToFloating>
    |         `-ImplicitCastExpr 0x24fd600 <col:8> 'int' <LValueToRValue>
    |           `-DeclRefExpr 0x24fd5c8 <col:8> 'int' lvalue Var 0x24fcb50 'b' 'int'
    |-CallExpr 0x24fd860 <line:12:2, col:30> 'int'
    | |-ImplicitCastExpr 0x24fd848 <col:2> 'int (*)(const char *, ...)' <FunctionToPointerDecay>
    | | `-DeclRefExpr 0x24fd6e8 <col:2> 'int (const char *, ...)' Function 0x24e1908 'printf' 'int (const char *, ...)'
    | |-ImplicitCastExpr 0x24fd8b0 <col:9> 'const char *' <NoOp>
    | | `-ImplicitCastExpr 0x24fd898 <col:9> 'char *' <ArrayToPointerDecay>
    | |   `-StringLiteral 0x24fd748 <col:9> 'char[13]' lvalue "a[2]=%d c=%f"
    | |-ImplicitCastExpr 0x24fd8c8 <col:24, col:27> 'int' <LValueToRValue>
    | | `-ArraySubscriptExpr 0x24fd7c8 <col:24, col:27> 'int' lvalue
    | |   |-ImplicitCastExpr 0x24fd7b0 <col:24> 'int *' <ArrayToPointerDecay>
    | |   | `-DeclRefExpr 0x24fd770 <col:24> 'int[3]' lvalue Var 0x24fcad0 'a' 'int[3]'
    | |   `-IntegerLiteral 0x24fd790 <col:26> 'int' 2
    | `-ImplicitCastExpr 0x24fd8f8 <col:29> 'double' <FloatingCast>
    |   `-ImplicitCastExpr 0x24fd8e0 <col:29> 'float' <LValueToRValue>
    |     `-DeclRefExpr 0x24fd7e8 <col:29> 'float' lvalue Var 0x24fc898 'c' 'float'
    `-ReturnStmt 0x24fd930 <line:13:2, col:9>
      `-IntegerLiteral 0x24fd910 <col:9> 'int' 0
