TranslationUnitDecl 0xc5c518 <<invalid sloc>> <invalid sloc>
|-TypedefDecl 0xc5cd40 <<invalid sloc>> <invalid sloc> implicit __int128_t '__int128'
| `-BuiltinType 0xc5cae0 '__int128'
|-TypedefDecl 0xc5cdb0 <<invalid sloc>> <invalid sloc> implicit __uint128_t 'unsigned __int128'
| `-BuiltinType 0xc5cb00 'unsigned __int128'
|-TypedefDecl 0xc5d0b8 <<invalid sloc>> <invalid sloc> implicit __NSConstantString 'struct __NSConstantString_tag'
| `-RecordType 0xc5ce90 'struct __NSConstantString_tag'
|   `-Record 0xc5ce08 '__NSConstantString_tag'
|-TypedefDecl 0xc5d150 <<invalid sloc>> <invalid sloc> implicit __builtin_ms_va_list 'char *'
| `-PointerType 0xc5d110 'char *'
|   `-BuiltinType 0xc5c5c0 'char'
|-TypedefDecl 0xc5d448 <<invalid sloc>> <invalid sloc> implicit referenced __builtin_va_list 'struct __va_list_tag[1]'
| `-ConstantArrayType 0xc5d3f0 'struct __va_list_tag[1]' 1 
|   `-RecordType 0xc5d230 'struct __va_list_tag'
|     `-Record 0xc5d1a8 '__va_list_tag'
|-TypedefDecl 0xc5d4b8 </usr/lib/llvm-14/lib/clang/14.0.0/include/stddef.h:46:1, col:23> col:23 referenced size_t 'unsigned long'
| `-BuiltinType 0xc5c6e0 'unsigned long'
|-TypedefDecl 0xce5a10 </usr/lib/llvm-14/lib/clang/14.0.0/include/stdarg.h:14:1, col:27> col:27 va_list '__builtin_va_list':'struct __va_list_tag[1]'
| `-TypedefType 0xce59e0 '__builtin_va_list' sugar
|   |-Typedef 0xc5d448 '__builtin_va_list'
|   `-ConstantArrayType 0xc5d3f0 'struct __va_list_tag[1]' 1 
|     `-RecordType 0xc5d230 'struct __va_list_tag'
|       `-Record 0xc5d1a8 '__va_list_tag'
|-TypedefDecl 0xce5a78 <line:32:1, col:27> col:27 referenced __gnuc_va_list '__builtin_va_list':'struct __va_list_tag[1]'
| `-TypedefType 0xce59e0 '__builtin_va_list' sugar
|   |-Typedef 0xc5d448 '__builtin_va_list'
|   `-ConstantArrayType 0xc5d3f0 'struct __va_list_tag[1]' 1 
|     `-RecordType 0xc5d230 'struct __va_list_tag'
|       `-Record 0xc5d1a8 '__va_list_tag'
|-TypedefDecl 0xce5ae8 </usr/include/x86_64-linux-gnu/bits/types.h:31:1, col:23> col:23 __u_char 'unsigned char'
| `-BuiltinType 0xc5c680 'unsigned char'
|-TypedefDecl 0xce5b58 <line:32:1, col:28> col:28 __u_short 'unsigned short'
| `-BuiltinType 0xc5c6a0 'unsigned short'
|-TypedefDecl 0xce5bc8 <line:33:1, col:22> col:22 __u_int 'unsigned int'
| `-BuiltinType 0xc5c6c0 'unsigned int'
|-TypedefDecl 0xce5c38 <line:34:1, col:27> col:27 __u_long 'unsigned long'
| `-BuiltinType 0xc5c6e0 'unsigned long'
|-TypedefDecl 0xce5ca8 <line:37:1, col:21> col:21 referenced __int8_t 'signed char'
| `-BuiltinType 0xc5c5e0 'signed char'
|-TypedefDecl 0xce5d18 <line:38:1, col:23> col:23 referenced __uint8_t 'unsigned char'
| `-BuiltinType 0xc5c680 'unsigned char'
|-TypedefDecl 0xce5d88 <line:39:1, col:26> col:26 referenced __int16_t 'short'
| `-BuiltinType 0xc5c600 'short'
|-TypedefDecl 0xce5df8 <line:40:1, col:28> col:28 referenced __uint16_t 'unsigned short'
| `-BuiltinType 0xc5c6a0 'unsigned short'
|-TypedefDecl 0xce5e68 <line:41:1, col:20> col:20 referenced __int32_t 'int'
| `-BuiltinType 0xc5c620 'int'
|-TypedefDecl 0xce5ed8 <line:42:1, col:22> col:22 referenced __uint32_t 'unsigned int'
| `-BuiltinType 0xc5c6c0 'unsigned int'
|-TypedefDecl 0xce5f48 <line:44:1, col:25> col:25 referenced __int64_t 'long'
| `-BuiltinType 0xc5c640 'long'
|-TypedefDecl 0xce5fb8 <line:45:1, col:27> col:27 referenced __uint64_t 'unsigned long'
| `-BuiltinType 0xc5c6e0 'unsigned long'
|-TypedefDecl 0xce6040 <line:52:1, col:18> col:18 __int_least8_t '__int8_t':'signed char'
| `-TypedefType 0xce6010 '__int8_t' sugar
|   |-Typedef 0xce5ca8 '__int8_t'
|   `-BuiltinType 0xc5c5e0 'signed char'
|-TypedefDecl 0xce60d0 <line:53:1, col:19> col:19 __uint_least8_t '__uint8_t':'unsigned char'
| `-TypedefType 0xce60a0 '__uint8_t' sugar
|   |-Typedef 0xce5d18 '__uint8_t'
|   `-BuiltinType 0xc5c680 'unsigned char'
|-TypedefDecl 0xce6160 <line:54:1, col:19> col:19 __int_least16_t '__int16_t':'short'
| `-TypedefType 0xce6130 '__int16_t' sugar
|   |-Typedef 0xce5d88 '__int16_t'
|   `-BuiltinType 0xc5c600 'short'
|-TypedefDecl 0xce61f0 <line:55:1, col:20> col:20 __uint_least16_t '__uint16_t':'unsigned short'
| `-TypedefType 0xce61c0 '__uint16_t' sugar
|   |-Typedef 0xce5df8 '__uint16_t'
|   `-BuiltinType 0xc5c6a0 'unsigned short'
|-TypedefDecl 0xce6280 <line:56:1, col:19> col:19 __int_least32_t '__int32_t':'int'
| `-TypedefType 0xce6250 '__int32_t' sugar
|   |-Typedef 0xce5e68 '__int32_t'
|   `-BuiltinType 0xc5c620 'int'
|-TypedefDecl 0xce6310 <line:57:1, col:20> col:20 __uint_least32_t '__uint32_t':'unsigned int'
| `-TypedefType 0xce62e0 '__uint32_t' sugar
|   |-Typedef 0xce5ed8 '__uint32_t'
|   `-BuiltinType 0xc5c6c0 'unsigned int'
|-TypedefDecl 0xce63a0 <line:58:1, col:19> col:19 __int_least64_t '__int64_t':'long'
| `-TypedefType 0xce6370 '__int64_t' sugar
|   |-Typedef 0xce5f48 '__int64_t'
|   `-BuiltinType 0xc5c640 'long'
|-TypedefDecl 0xce6430 <line:59:1, col:20> col:20 __uint_least64_t '__uint64_t':'unsigned long'
| `-TypedefType 0xce6400 '__uint64_t' sugar
|   |-Typedef 0xce5fb8 '__uint64_t'
|   `-BuiltinType 0xc5c6e0 'unsigned long'
|-TypedefDecl 0xce64a0 <line:63:1, col:18> col:18 __quad_t 'long'
| `-BuiltinType 0xc5c640 'long'
|-TypedefDecl 0xce6510 <line:64:1, col:27> col:27 __u_quad_t 'unsigned long'
| `-BuiltinType 0xc5c6e0 'unsigned long'
|-TypedefDecl 0xce6580 <line:72:1, col:18> col:18 __intmax_t 'long'
| `-BuiltinType 0xc5c640 'long'
|-TypedefDecl 0xce65f0 <line:73:1, col:27> col:27 __uintmax_t 'unsigned long'
| `-BuiltinType 0xc5c6e0 'unsigned long'
|-TypedefDecl 0xce6660 <line:137:22, line:145:25> col:25 __dev_t 'unsigned long'
| `-BuiltinType 0xc5c6e0 'unsigned long'
|-TypedefDecl 0xce66d0 <line:137:22, line:146:25> col:25 __uid_t 'unsigned int'
| `-BuiltinType 0xc5c6c0 'unsigned int'
|-TypedefDecl 0xce6740 <line:137:22, line:147:25> col:25 __gid_t 'unsigned int'
| `-BuiltinType 0xc5c6c0 'unsigned int'
|-TypedefDecl 0xce67b0 <line:137:22, line:148:25> col:25 __ino_t 'unsigned long'
| `-BuiltinType 0xc5c6e0 'unsigned long'
|-TypedefDecl 0xce6820 <line:137:22, line:149:27> col:27 __ino64_t 'unsigned long'
| `-BuiltinType 0xc5c6e0 'unsigned long'
|-TypedefDecl 0xce6890 <line:137:22, line:150:26> col:26 __mode_t 'unsigned int'
| `-BuiltinType 0xc5c6c0 'unsigned int'
|-TypedefDecl 0xce6900 <line:137:22, line:151:27> col:27 __nlink_t 'unsigned long'
| `-BuiltinType 0xc5c6e0 'unsigned long'
|-TypedefDecl 0xce6970 <line:137:22, line:152:25> col:25 referenced __off_t 'long'
| `-BuiltinType 0xc5c640 'long'
|-TypedefDecl 0xcf3750 <line:137:22, line:153:27> col:27 referenced __off64_t 'long'
| `-BuiltinType 0xc5c640 'long'
|-TypedefDecl 0xcf37c0 <line:137:22, line:154:25> col:25 __pid_t 'int'
| `-BuiltinType 0xc5c620 'int'
|-RecordDecl 0xcf3818 </usr/include/x86_64-linux-gnu/bits/typesizes.h:73:24, col:47> col:24 struct definition
| `-FieldDecl 0xcf3960 <col:33, col:44> col:37 __val 'int[2]'
|-TypedefDecl 0xcf3a08 </usr/include/x86_64-linux-gnu/bits/types.h:137:22, line:155:26> col:26 __fsid_t 'struct __fsid_t':'__fsid_t'
| `-ElaboratedType 0xcf39b0 'struct __fsid_t' sugar
|   `-RecordType 0xcf38a0 '__fsid_t'
|     `-Record 0xcf3818 ''
|-TypedefDecl 0xcf3a90 <line:137:22, line:156:27> col:27 __clock_t 'long'
| `-BuiltinType 0xc5c640 'long'
|-TypedefDecl 0xcf3b00 <line:137:22, line:157:26> col:26 __rlim_t 'unsigned long'
| `-BuiltinType 0xc5c6e0 'unsigned long'
|-TypedefDecl 0xcf3b70 <line:137:22, line:158:28> col:28 __rlim64_t 'unsigned long'
| `-BuiltinType 0xc5c6e0 'unsigned long'
|-TypedefDecl 0xcf3be0 <line:137:22, line:159:24> col:24 __id_t 'unsigned int'
| `-BuiltinType 0xc5c6c0 'unsigned int'
|-TypedefDecl 0xcf3c50 <line:137:22, line:160:26> col:26 __time_t 'long'
| `-BuiltinType 0xc5c640 'long'
|-TypedefDecl 0xcf3cc0 <line:137:22, line:161:30> col:30 __useconds_t 'unsigned int'
| `-BuiltinType 0xc5c6c0 'unsigned int'
|-TypedefDecl 0xcf3d30 <line:137:22, line:162:31> col:31 __suseconds_t 'long'
| `-BuiltinType 0xc5c640 'long'
|-TypedefDecl 0xcf3da0 <line:137:22, line:163:33> col:33 __suseconds64_t 'long'
| `-BuiltinType 0xc5c640 'long'
|-TypedefDecl 0xcf3e10 <line:137:22, line:165:27> col:27 __daddr_t 'int'
| `-BuiltinType 0xc5c620 'int'
|-TypedefDecl 0xcf3e80 <line:137:22, line:166:25> col:25 __key_t 'int'
| `-BuiltinType 0xc5c620 'int'
|-TypedefDecl 0xcf3ef0 <line:137:22, line:169:29> col:29 __clockid_t 'int'
| `-BuiltinType 0xc5c620 'int'
|-TypedefDecl 0xcf3f60 <line:137:22, line:172:27> col:27 __timer_t 'void *'
| `-PointerType 0xc5cca0 'void *'
|   `-BuiltinType 0xc5c580 'void'
|-TypedefDecl 0xcf3fd0 <line:137:22, line:175:29> col:29 __blksize_t 'long'
| `-BuiltinType 0xc5c640 'long'
|-TypedefDecl 0xcf4040 <line:137:22, line:180:28> col:28 __blkcnt_t 'long'
| `-BuiltinType 0xc5c640 'long'
|-TypedefDecl 0xcf40b0 <line:137:22, line:181:30> col:30 __blkcnt64_t 'long'
| `-BuiltinType 0xc5c640 'long'
|-TypedefDecl 0xcf4120 <line:137:22, line:184:30> col:30 __fsblkcnt_t 'unsigned long'
| `-BuiltinType 0xc5c6e0 'unsigned long'
|-TypedefDecl 0xcf4190 <line:137:22, line:185:32> col:32 __fsblkcnt64_t 'unsigned long'
| `-BuiltinType 0xc5c6e0 'unsigned long'
|-TypedefDecl 0xcf4200 <line:137:22, line:188:30> col:30 __fsfilcnt_t 'unsigned long'
| `-BuiltinType 0xc5c6e0 'unsigned long'
|-TypedefDecl 0xcf4270 <line:137:22, line:189:32> col:32 __fsfilcnt64_t 'unsigned long'
| `-BuiltinType 0xc5c6e0 'unsigned long'
|-TypedefDecl 0xcf42e0 <line:137:22, line:192:28> col:28 __fsword_t 'long'
| `-BuiltinType 0xc5c640 'long'
|-TypedefDecl 0xcf4350 <line:137:22, line:194:27> col:27 referenced __ssize_t 'long'
| `-BuiltinType 0xc5c640 'long'
|-TypedefDecl 0xcf43c0 <line:137:22, line:197:33> col:33 __syscall_slong_t 'long'
| `-BuiltinType 0xc5c640 'long'
|-TypedefDecl 0xcf4430 <line:137:22, line:199:33> col:33 __syscall_ulong_t 'unsigned long'
| `-BuiltinType 0xc5c6e0 'unsigned long'
|-TypedefDecl 0xcf44c0 <line:203:1, col:19> col:19 __loff_t '__off64_t':'long'
| `-TypedefType 0xcf4490 '__off64_t' sugar
|   |-Typedef 0xcf3750 '__off64_t'
|   `-BuiltinType 0xc5c640 'long'
|-TypedefDecl 0xcf4530 <line:204:1, col:15> col:15 __caddr_t 'char *'
| `-PointerType 0xc5d110 'char *'
|   `-BuiltinType 0xc5c5c0 'char'
|-TypedefDecl 0xcf45a0 <line:137:22, line:207:25> col:25 __intptr_t 'long'
| `-BuiltinType 0xc5c640 'long'
|-TypedefDecl 0xcf4610 <line:137:22, line:210:23> col:23 __socklen_t 'unsigned int'
| `-BuiltinType 0xc5c6c0 'unsigned int'
|-TypedefDecl 0xcf4680 <line:215:1, col:13> col:13 __sig_atomic_t 'int'
| `-BuiltinType 0xc5c620 'int'
|-RecordDecl 0xcf5770 </usr/include/x86_64-linux-gnu/bits/types/__mbstate_t.h:13:9, line:21:1> line:13:9 struct definition
| |-FieldDecl 0xcf5828 <line:15:3, col:7> col:7 __count 'int'
| |-RecordDecl 0xcf5878 <line:16:3, line:20:3> line:16:3 union definition
| | |-FieldDecl 0xcf5938 <<built-in>:98:23, /usr/include/x86_64-linux-gnu/bits/types/__mbstate_t.h:18:19> col:19 __wch 'unsigned int'
| | `-FieldDecl 0xcf5a28 <line:19:5, col:18> col:10 __wchb 'char[4]'
| `-FieldDecl 0xcf5ad8 <line:16:3, line:20:5> col:5 __value 'union (unnamed union at /usr/include/x86_64-linux-gnu/bits/types/__mbstate_t.h:16:3)':'union __mbstate_t::(unnamed at /usr/include/x86_64-linux-gnu/bits/types/__mbstate_t.h:16:3)'
|-TypedefDecl 0xcf5b88 <line:13:1, line:21:3> col:3 referenced __mbstate_t 'struct __mbstate_t':'__mbstate_t'
| `-ElaboratedType 0xcf5b30 'struct __mbstate_t' sugar
|   `-RecordType 0xcf57f0 '__mbstate_t'
|     `-Record 0xcf5770 ''
|-RecordDecl 0xcf5bf8 </usr/include/x86_64-linux-gnu/bits/types/__fpos_t.h:10:9, line:14:1> line:10:16 struct _G_fpos_t definition
| |-FieldDecl 0xcf5cd0 <line:12:3, col:11> col:11 __pos '__off_t':'long'
| `-FieldDecl 0xcf5d50 <line:13:3, col:15> col:15 __state '__mbstate_t':'__mbstate_t'
|-TypedefDecl 0xcf5df8 <line:10:1, line:14:3> col:3 referenced __fpos_t 'struct _G_fpos_t':'struct _G_fpos_t'
| `-ElaboratedType 0xcf5da0 'struct _G_fpos_t' sugar
|   `-RecordType 0xcf5c80 'struct _G_fpos_t'
|     `-Record 0xcf5bf8 '_G_fpos_t'
|-RecordDecl 0xcf5e68 </usr/include/x86_64-linux-gnu/bits/types/__fpos64_t.h:10:9, line:14:1> line:10:16 struct _G_fpos64_t definition
| |-FieldDecl 0xcf5f20 <line:12:3, col:13> col:13 __pos '__off64_t':'long'
| `-FieldDecl 0xcf5f80 <line:13:3, col:15> col:15 __state '__mbstate_t':'__mbstate_t'
|-TypedefDecl 0xcf6028 <line:10:1, line:14:3> col:3 __fpos64_t 'struct _G_fpos64_t':'struct _G_fpos64_t'
| `-ElaboratedType 0xcf5fd0 'struct _G_fpos64_t' sugar
|   `-RecordType 0xcf5ef0 'struct _G_fpos64_t'
|     `-Record 0xcf5e68 '_G_fpos64_t'
|-RecordDecl 0xcf6098 </usr/include/x86_64-linux-gnu/bits/types/__FILE.h:4:1, col:8> col:8 struct _IO_FILE
|-TypedefDecl 0xcf6190 <line:5:1, col:25> col:25 __FILE 'struct _IO_FILE':'struct _IO_FILE'
| `-ElaboratedType 0xcf6140 'struct _IO_FILE' sugar
|   `-RecordType 0xcf6120 'struct _IO_FILE'
|     `-Record 0xcf65a8 '_IO_FILE'
|-RecordDecl 0xcf61e8 prev 0xcf6098 </usr/include/x86_64-linux-gnu/bits/types/FILE.h:4:1, col:8> col:8 struct _IO_FILE
|-TypedefDecl 0xcf6288 <line:7:1, col:25> col:25 referenced FILE 'struct _IO_FILE':'struct _IO_FILE'
| `-ElaboratedType 0xcf6140 'struct _IO_FILE' sugar
|   `-RecordType 0xcf6120 'struct _IO_FILE'
|     `-Record 0xcf65a8 '_IO_FILE'
|-RecordDecl 0xcf62e0 prev 0xcf61e8 </usr/include/x86_64-linux-gnu/bits/types/struct_FILE.h:35:1, col:8> col:8 struct _IO_FILE
|-RecordDecl 0xcf6360 <line:36:1, col:8> col:8 struct _IO_marker
|-RecordDecl 0xcf6400 <line:37:1, col:8> col:8 struct _IO_codecvt
|-RecordDecl 0xcf64a0 <line:38:1, col:8> col:8 struct _IO_wide_data
|-TypedefDecl 0xcf6550 <line:43:1, col:14> col:14 referenced _IO_lock_t 'void'
| `-BuiltinType 0xc5c580 'void'
|-RecordDecl 0xcf65a8 prev 0xcf62e0 <line:49:1, line:99:1> line:49:8 struct _IO_FILE definition
| |-FieldDecl 0xcf6640 <line:51:3, col:7> col:7 _flags 'int'
| |-FieldDecl 0xcf66a8 <line:54:3, col:9> col:9 _IO_read_ptr 'char *'
| |-FieldDecl 0xcf6710 <line:55:3, col:9> col:9 _IO_read_end 'char *'
| |-FieldDecl 0xcf9828 <line:56:3, col:9> col:9 _IO_read_base 'char *'
| |-FieldDecl 0xcf9890 <line:57:3, col:9> col:9 _IO_write_base 'char *'
| |-FieldDecl 0xcf98f8 <line:58:3, col:9> col:9 _IO_write_ptr 'char *'
| |-FieldDecl 0xcf9960 <line:59:3, col:9> col:9 _IO_write_end 'char *'
| |-FieldDecl 0xcf99c8 <line:60:3, col:9> col:9 _IO_buf_base 'char *'
| |-FieldDecl 0xcf9a30 <line:61:3, col:9> col:9 _IO_buf_end 'char *'
| |-FieldDecl 0xcf9a98 <line:64:3, col:9> col:9 _IO_save_base 'char *'
| |-FieldDecl 0xcf9b00 <line:65:3, col:9> col:9 _IO_backup_base 'char *'
| |-FieldDecl 0xcf9b68 <line:66:3, col:9> col:9 _IO_save_end 'char *'
| |-FieldDecl 0xcf9c70 <line:68:3, col:22> col:22 _markers 'struct _IO_marker *'
| |-FieldDecl 0xcf9d40 <line:70:3, col:20> col:20 _chain 'struct _IO_FILE *'
| |-FieldDecl 0xcf9da8 <line:72:3, col:7> col:7 _fileno 'int'
| |-FieldDecl 0xcf9e10 <line:73:3, col:7> col:7 _flags2 'int'
| |-FieldDecl 0xcf9e70 <line:74:3, col:11> col:11 _old_offset '__off_t':'long'
| |-FieldDecl 0xcf9ed8 <line:77:3, col:18> col:18 _cur_column 'unsigned short'
| |-FieldDecl 0xcf9f40 <line:78:3, col:15> col:15 _vtable_offset 'signed char'
| |-FieldDecl 0xcfa028 <line:79:3, col:19> col:8 _shortbuf 'char[1]'
| |-FieldDecl 0xcfa0d8 <line:81:3, col:15> col:15 _lock '_IO_lock_t *'
| |-FieldDecl 0xcfa138 <line:89:3, col:13> col:13 _offset '__off64_t':'long'
| |-FieldDecl 0xcfa240 <line:91:3, col:23> col:23 _codecvt 'struct _IO_codecvt *'
| |-FieldDecl 0xcfa340 <line:92:3, col:25> col:25 _wide_data 'struct _IO_wide_data *'
| |-FieldDecl 0xcfa3b8 <line:93:3, col:20> col:20 _freeres_list 'struct _IO_FILE *'
| |-FieldDecl 0xcfa420 <line:94:3, col:9> col:9 _freeres_buf 'void *'
| |-FieldDecl 0xcfa4a0 <line:95:3, col:10> col:10 __pad5 'size_t':'unsigned long'
| |-FieldDecl 0xcfa508 <line:96:3, col:7> col:7 _mode 'int'
| `-FieldDecl 0xcfa768 <line:98:3, col:74> col:8 _unused2 'char[20]'
|-TypedefDecl 0xcfc3d0 prev 0xce5a10 </usr/include/stdio.h:52:1, col:24> col:24 va_list '__gnuc_va_list':'struct __va_list_tag[1]'
| `-TypedefType 0xcfa7c0 '__gnuc_va_list' sugar
|   |-Typedef 0xce5a78 '__gnuc_va_list'
|   `-TypedefType 0xce59e0 '__builtin_va_list' sugar
|     |-Typedef 0xc5d448 '__builtin_va_list'
|     `-ConstantArrayType 0xc5d3f0 'struct __va_list_tag[1]' 1 
|       `-RecordType 0xc5d230 'struct __va_list_tag'
|         `-Record 0xc5d1a8 '__va_list_tag'
|-TypedefDecl 0xcfc438 <line:63:1, col:17> col:17 off_t '__off_t':'long'
| `-TypedefType 0xcf5ca0 '__off_t' sugar
|   |-Typedef 0xce6970 '__off_t'
|   `-BuiltinType 0xc5c640 'long'
|-TypedefDecl 0xcfc4c0 <line:77:1, col:19> col:19 ssize_t '__ssize_t':'long'
| `-TypedefType 0xcfc490 '__ssize_t' sugar
|   |-Typedef 0xcf4350 '__ssize_t'
|   `-BuiltinType 0xc5c640 'long'
|-TypedefDecl 0xcfc550 <line:84:1, col:18> col:18 referenced fpos_t '__fpos_t':'struct _G_fpos_t'
| `-TypedefType 0xcfc520 '__fpos_t' sugar
|   |-Typedef 0xcf5df8 '__fpos_t'
|   `-ElaboratedType 0xcf5da0 'struct _G_fpos_t' sugar
|     `-RecordType 0xcf5c80 'struct _G_fpos_t'
|       `-Record 0xcf5bf8 '_G_fpos_t'
|-VarDecl 0xcfc608 <line:143:1, col:14> col:14 stdin 'FILE *' extern
|-VarDecl 0xcfc6c8 <line:144:1, col:14> col:14 stdout 'FILE *' extern
|-VarDecl 0xcfc740 <line:145:1, col:14> col:14 stderr 'FILE *' extern
|-FunctionDecl 0xcfc890 <line:152:1, /usr/include/x86_64-linux-gnu/sys/cdefs.h:79:54> /usr/include/stdio.h:152:12 remove 'int (const char *)' extern
| |-ParmVarDecl 0xcfc7c0 <col:20, col:32> col:32 __filename 'const char *'
| `-NoThrowAttr 0xcfc938 </usr/include/x86_64-linux-gnu/sys/cdefs.h:79:35>
|-FunctionDecl 0xcfcb00 </usr/include/stdio.h:154:1, /usr/include/x86_64-linux-gnu/sys/cdefs.h:79:54> /usr/include/stdio.h:154:12 rename 'int (const char *, const char *)' extern
| |-ParmVarDecl 0xcfc9a8 <col:20, col:32> col:32 __old 'const char *'
| |-ParmVarDecl 0xcfca28 <col:39, col:51> col:51 __new 'const char *'
| `-NoThrowAttr 0xcfcbb0 </usr/include/x86_64-linux-gnu/sys/cdefs.h:79:35>
|-FunctionDecl 0xcfcea0 </usr/include/stdio.h:158:1, /usr/include/x86_64-linux-gnu/sys/cdefs.h:79:54> /usr/include/stdio.h:158:12 renameat 'int (int, const char *, int, const char *)' extern
| |-ParmVarDecl 0xcfcc20 <col:22, col:26> col:26 __oldfd 'int'
| |-ParmVarDecl 0xcfcca0 <col:35, col:47> col:47 __old 'const char *'
| |-ParmVarDecl 0xcfcd20 <col:54, col:58> col:58 __newfd 'int'
| |-ParmVarDecl 0xcfcda0 <line:159:8, col:20> col:20 __new 'const char *'
| `-NoThrowAttr 0xcfcf60 </usr/include/x86_64-linux-gnu/sys/cdefs.h:79:35>
|-FunctionDecl 0xcfd0c0 </usr/include/stdio.h:178:1, col:34> col:12 fclose 'int (FILE *)' extern
| `-ParmVarDecl 0xcfcfc8 <col:20, col:26> col:26 __stream 'FILE *'
|-FunctionDecl 0xcfd258 <line:188:1, /usr/include/x86_64-linux-gnu/sys/cdefs.h:281:58> /usr/include/stdio.h:188:14 tmpfile 'FILE *(void)' extern
| `-RestrictAttr 0xcfd2f8 </usr/include/x86_64-linux-gnu/sys/cdefs.h:281:47> malloc
|-FunctionDecl 0xd01ab0 </usr/include/stdio.h:205:1, /usr/include/x86_64-linux-gnu/sys/cdefs.h:79:54> /usr/include/stdio.h:205:14 tmpnam 'char *(char *)' extern
| |-ParmVarDecl 0xd019b0 <col:22, col:35> col:26 'char *':'char *'
| `-NoThrowAttr 0xd01b58 </usr/include/x86_64-linux-gnu/sys/cdefs.h:79:35>
|-FunctionDecl 0xd01ca8 </usr/include/stdio.h:210:1, /usr/include/x86_64-linux-gnu/sys/cdefs.h:79:54> /usr/include/stdio.h:210:14 tmpnam_r 'char *(char *)' extern
| |-ParmVarDecl 0xd01c10 <col:24, col:41> col:29 __s 'char *':'char *'
| `-NoThrowAttr 0xd01d50 </usr/include/x86_64-linux-gnu/sys/cdefs.h:79:35>
|-FunctionDecl 0xd01f20 </usr/include/stdio.h:222:1, /usr/include/x86_64-linux-gnu/sys/cdefs.h:281:58> /usr/include/stdio.h:222:14 tempnam 'char *(const char *, const char *)' extern
| |-ParmVarDecl 0xd01dc0 <col:23, col:35> col:35 __dir 'const char *'
| |-ParmVarDecl 0xd01e40 <col:42, col:54> col:54 __pfx 'const char *'
| |-NoThrowAttr 0xd01fd0 </usr/include/x86_64-linux-gnu/sys/cdefs.h:79:35>
| `-RestrictAttr 0xd02028 <line:281:47> malloc
|-FunctionDecl 0xd020f8 </usr/include/stdio.h:230:1, col:34> col:12 fflush 'int (FILE *)' extern
| `-ParmVarDecl 0xd02060 <col:20, col:26> col:26 __stream 'FILE *'
|-FunctionDecl 0xd02248 <line:239:1, col:43> col:12 fflush_unlocked 'int (FILE *)' extern
| `-ParmVarDecl 0xd021b0 <col:29, col:35> col:35 __stream 'FILE *'
|-FunctionDecl 0xd024d8 <line:258:14> col:14 implicit fopen 'FILE *(const char *, const char *)' extern
| |-ParmVarDecl 0xd025d0 <<invalid sloc>> <invalid sloc> 'const char *'
| |-ParmVarDecl 0xd02638 <<invalid sloc>> <invalid sloc> 'const char *'
| `-BuiltinAttr 0xd02578 <<invalid sloc>> Implicit 838
|-FunctionDecl 0xd026b0 prev 0xd024d8 <col:1, /usr/include/x86_64-linux-gnu/sys/cdefs.h:281:58> /usr/include/stdio.h:258:14 fopen 'FILE *(const char *, const char *)' extern
| |-ParmVarDecl 0xd02308 <col:21, col:44> col:44 __filename 'const char *restrict'
| |-ParmVarDecl 0xd02388 <line:259:7, col:30> col:30 __modes 'const char *restrict'
| |-BuiltinAttr 0xd027b8 <<invalid sloc>> Inherited Implicit 838
| `-RestrictAttr 0xd02760 </usr/include/x86_64-linux-gnu/sys/cdefs.h:281:47> malloc
|-FunctionDecl 0xd04ab8 </usr/include/stdio.h:265:1, line:267:34> line:265:14 freopen 'FILE *(const char *restrict, const char *restrict, FILE *restrict)' extern
| |-ParmVarDecl 0xd027f8 <col:23, col:46> col:46 __filename 'const char *restrict'
| |-ParmVarDecl 0xd02878 <line:266:9, col:32> col:32 __modes 'const char *restrict'
| `-ParmVarDecl 0xd028f0 <line:267:9, col:26> col:26 __stream 'FILE *restrict'
|-FunctionDecl 0xd04d18 <line:293:1, /usr/include/x86_64-linux-gnu/sys/cdefs.h:281:58> /usr/include/stdio.h:293:14 fdopen 'FILE *(int, const char *)' extern
| |-ParmVarDecl 0xd04b88 <col:22, col:26> col:26 __fd 'int'
| |-ParmVarDecl 0xd04c08 <col:32, col:44> col:44 __modes 'const char *'
| |-NoThrowAttr 0xd04dc8 </usr/include/x86_64-linux-gnu/sys/cdefs.h:79:35>
| `-RestrictAttr 0xd04e20 <line:281:47> malloc
|-FunctionDecl 0xd05078 </usr/include/stdio.h:308:1, /usr/include/x86_64-linux-gnu/sys/cdefs.h:281:58> /usr/include/stdio.h:308:14 fmemopen 'FILE *(void *, size_t, const char *)' extern
| |-ParmVarDecl 0xd04e60 <col:24, col:30> col:30 __s 'void *'
| |-ParmVarDecl 0xd04ed8 <col:35, col:42> col:42 __len 'size_t':'unsigned long'
| |-ParmVarDecl 0xd04f58 <col:49, col:61> col:61 __modes 'const char *'
| |-NoThrowAttr 0xd05130 </usr/include/x86_64-linux-gnu/sys/cdefs.h:79:35>
| `-RestrictAttr 0xd05188 <line:281:47> malloc
|-FunctionDecl 0xd053d8 </usr/include/stdio.h:314:1, /usr/include/x86_64-linux-gnu/sys/cdefs.h:281:58> /usr/include/stdio.h:314:14 open_memstream 'FILE *(char **, size_t *)' extern
| |-ParmVarDecl 0xd051f0 <col:30, col:37> col:37 __bufloc 'char **'
| |-ParmVarDecl 0xd052c8 <col:47, col:55> col:55 __sizeloc 'size_t *'
| |-NoThrowAttr 0xd05488 </usr/include/x86_64-linux-gnu/sys/cdefs.h:79:35>
| `-RestrictAttr 0xd054e0 <line:281:47> malloc
|-FunctionDecl 0xd056a8 </usr/include/stdio.h:328:1, /usr/include/x86_64-linux-gnu/sys/cdefs.h:79:54> /usr/include/stdio.h:328:13 setbuf 'void (FILE *restrict, char *restrict)' extern
| |-ParmVarDecl 0xd05518 <col:21, col:38> col:38 __stream 'FILE *restrict'
| |-ParmVarDecl 0xd05598 <col:48, col:65> col:65 __buf 'char *restrict'
| `-NoThrowAttr 0xd05758 </usr/include/x86_64-linux-gnu/sys/cdefs.h:79:35>
|-FunctionDecl 0xd05aa0 </usr/include/stdio.h:332:1, /usr/include/x86_64-linux-gnu/sys/cdefs.h:79:54> /usr/include/stdio.h:332:12 setvbuf 'int (FILE *restrict, char *restrict, int, size_t)' extern
| |-ParmVarDecl 0xd057c0 <col:21, col:38> col:38 __stream 'FILE *restrict'
| |-ParmVarDecl 0xd05840 <col:48, col:65> col:65 __buf 'char *restrict'
| |-ParmVarDecl 0xd058c0 <line:333:7, col:11> col:11 __modes 'int'
| |-ParmVarDecl 0xd05938 <col:20, col:27> col:27 __n 'size_t':'unsigned long'
| `-NoThrowAttr 0xd05b60 </usr/include/x86_64-linux-gnu/sys/cdefs.h:79:35>
|-FunctionDecl 0xd05de8 </usr/include/stdio.h:338:1, /usr/include/x86_64-linux-gnu/sys/cdefs.h:79:54> /usr/include/stdio.h:338:13 setbuffer 'void (FILE *restrict, char *restrict, size_t)' extern
| |-ParmVarDecl 0xd05bc8 <col:24, col:41> col:41 __stream 'FILE *restrict'
| |-ParmVarDecl 0xd05c48 <col:51, col:68> col:68 __buf 'char *restrict'
| |-ParmVarDecl 0xd05cc0 <line:339:10, col:17> col:17 __size 'size_t':'unsigned long'
| `-NoThrowAttr 0xd05ea0 </usr/include/x86_64-linux-gnu/sys/cdefs.h:79:35>
|-FunctionDecl 0xd05ff8 </usr/include/stdio.h:342:1, /usr/include/x86_64-linux-gnu/sys/cdefs.h:79:54> /usr/include/stdio.h:342:13 setlinebuf 'void (FILE *)' extern
| |-ParmVarDecl 0xd05f08 <col:25, col:31> col:31 __stream 'FILE *'
| `-NoThrowAttr 0xd060a0 </usr/include/x86_64-linux-gnu/sys/cdefs.h:79:35>
|-FunctionDecl 0xd062f0 </usr/include/stdio.h:350:12> col:12 implicit fprintf 'int (FILE *, const char *, ...)' extern
| |-ParmVarDecl 0xd063e8 <<invalid sloc>> <invalid sloc> 'FILE *'
| |-ParmVarDecl 0xd06450 <<invalid sloc>> <invalid sloc> 'const char *'
| |-BuiltinAttr 0xd06390 <<invalid sloc>> Implicit 825
| `-FormatAttr 0xd064c8 <col:12> Implicit printf 2 3
|-FunctionDecl 0xd06500 prev 0xd062f0 <col:1, line:351:43> line:350:12 fprintf 'int (FILE *, const char *, ...)' extern
| |-ParmVarDecl 0xd06108 <col:21, col:38> col:38 __stream 'FILE *restrict'
| |-ParmVarDecl 0xd06188 <line:351:7, col:30> col:30 __format 'const char *restrict'
| |-BuiltinAttr 0xd065e0 <<invalid sloc>> Inherited Implicit 825
| `-FormatAttr 0xd06608 <line:350:12> Inherited printf 2 3
|-FunctionDecl 0xd06768 <line:356:12> col:12 implicit used printf 'int (const char *, ...)' extern
| |-ParmVarDecl 0xd06860 <<invalid sloc>> <invalid sloc> 'const char *'
| |-BuiltinAttr 0xd06808 <<invalid sloc>> Implicit 824
| `-FormatAttr 0xd068d0 <col:12> Implicit printf 1 2
|-FunctionDecl 0xd06908 prev 0xd06768 <col:1, col:56> col:12 used printf 'int (const char *, ...)' extern
| |-ParmVarDecl 0xd06658 <col:20, col:43> col:43 __format 'const char *restrict'
| |-BuiltinAttr 0xd069e0 <<invalid sloc>> Inherited Implicit 824
| `-FormatAttr 0xd06a20 <col:12> Inherited printf 1 2
|-FunctionDecl 0xd06c18 <line:358:12> col:12 implicit sprintf 'int (char *, const char *, ...)' extern
| |-ParmVarDecl 0xd06d10 <<invalid sloc>> <invalid sloc> 'char *'
| |-ParmVarDecl 0xd06d78 <<invalid sloc>> <invalid sloc> 'const char *'
| |-BuiltinAttr 0xd06cb8 <<invalid sloc>> Implicit 827
| `-FormatAttr 0xd06df0 <col:12> Implicit printf 2 3
|-FunctionDecl 0xd06e28 prev 0xd06c18 <col:1, /usr/include/x86_64-linux-gnu/sys/cdefs.h:80:49> /usr/include/stdio.h:358:12 sprintf 'int (char *, const char *, ...)' extern
| |-ParmVarDecl 0xd06a70 <col:21, col:38> col:38 __s 'char *restrict'
| |-ParmVarDecl 0xd06af0 <line:359:7, col:30> col:30 __format 'const char *restrict'
| |-BuiltinAttr 0xd06f30 <<invalid sloc>> Inherited Implicit 827
| |-FormatAttr 0xd06f58 <line:358:12> Inherited printf 2 3
| `-NoThrowAttr 0xd06ed8 </usr/include/x86_64-linux-gnu/sys/cdefs.h:80:37>
|-FunctionDecl 0xd07270 </usr/include/stdio.h:365:12> col:12 implicit vfprintf 'int (FILE *, const char *, struct __va_list_tag *)' extern
| |-ParmVarDecl 0xd07368 <<invalid sloc>> <invalid sloc> 'FILE *'
| |-ParmVarDecl 0xd073d0 <<invalid sloc>> <invalid sloc> 'const char *'
| |-ParmVarDecl 0xd07438 <<invalid sloc>> <invalid sloc> 'struct __va_list_tag *'
| |-BuiltinAttr 0xd07310 <<invalid sloc>> Implicit 829
| `-FormatAttr 0xd074b8 <col:12> Implicit printf 2 0
|-FunctionDecl 0xd074f0 prev 0xd07270 <col:1, line:366:28> line:365:12 vfprintf 'int (FILE *, const char *, struct __va_list_tag *)' extern
| |-ParmVarDecl 0xd06fa0 <col:22, col:39> col:39 __s 'FILE *restrict'
| |-ParmVarDecl 0xd07020 <col:44, col:67> col:67 __format 'const char *restrict'
| |-ParmVarDecl 0xd07100 <line:366:8, col:23> col:23 __arg 'struct __va_list_tag *':'struct __va_list_tag *'
| |-BuiltinAttr 0xd075d8 <<invalid sloc>> Inherited Implicit 829
| `-FormatAttr 0xd07600 <line:365:12> Inherited printf 2 0
|-FunctionDecl 0xd077e0 <line:371:12> col:12 implicit vprintf 'int (const char *, struct __va_list_tag *)' extern
| |-ParmVarDecl 0xd078d8 <<invalid sloc>> <invalid sloc> 'const char *'
| |-ParmVarDecl 0xd07940 <<invalid sloc>> <invalid sloc> 'struct __va_list_tag *'
| |-BuiltinAttr 0xd07880 <<invalid sloc>> Implicit 828
| `-FormatAttr 0xd079b8 <col:12> Implicit printf 1 0
|-FunctionDecl 0xd07ad0 prev 0xd077e0 <col:1, col:74> col:12 vprintf 'int (const char *, struct __va_list_tag *)' extern
| |-ParmVarDecl 0xd07650 <col:21, col:44> col:44 __format 'const char *restrict'
| |-ParmVarDecl 0xd076c8 <col:54, col:69> col:69 __arg 'struct __va_list_tag *':'struct __va_list_tag *'
| |-BuiltinAttr 0xd07bb0 <<invalid sloc>> Inherited Implicit 828
| `-FormatAttr 0xd07bd8 <col:12> Inherited printf 1 0
|-FunctionDecl 0xd07e50 <line:373:12> col:12 implicit vsprintf 'int (char *, const char *, struct __va_list_tag *)' extern
| |-ParmVarDecl 0xd07f48 <<invalid sloc>> <invalid sloc> 'char *'
| |-ParmVarDecl 0xd07fb0 <<invalid sloc>> <invalid sloc> 'const char *'
| |-ParmVarDecl 0xd08018 <<invalid sloc>> <invalid sloc> 'struct __va_list_tag *'
| |-BuiltinAttr 0xd07ef0 <<invalid sloc>> Implicit 831
| `-FormatAttr 0xd08098 <col:12> Implicit printf 2 0
|-FunctionDecl 0xd080d0 prev 0xd07e50 <col:1, /usr/include/x86_64-linux-gnu/sys/cdefs.h:80:49> /usr/include/stdio.h:373:12 vsprintf 'int (char *, const char *, struct __va_list_tag *)' extern
| |-ParmVarDecl 0xd07c28 <col:22, col:39> col:39 __s 'char *restrict'
| |-ParmVarDecl 0xd07ca8 <col:44, col:67> col:67 __format 'const char *restrict'
| |-ParmVarDecl 0xd07d20 <line:374:8, col:23> col:23 __arg 'struct __va_list_tag *':'struct __va_list_tag *'
| |-BuiltinAttr 0xd081e0 <<invalid sloc>> Inherited Implicit 831
| |-FormatAttr 0xd08208 <line:373:12> Inherited printf 2 0
| `-NoThrowAttr 0xd08188 </usr/include/x86_64-linux-gnu/sys/cdefs.h:80:37>
|-FunctionDecl 0xd084e8 </usr/include/stdio.h:378:12> col:12 implicit snprintf 'int (char *, unsigned long, const char *, ...)' extern
| |-ParmVarDecl 0xd085e0 <<invalid sloc>> <invalid sloc> 'char *'
| |-ParmVarDecl 0xd08648 <<invalid sloc>> <invalid sloc> 'unsigned long'
| |-ParmVarDecl 0xd086b0 <<invalid sloc>> <invalid sloc> 'const char *'
| |-BuiltinAttr 0xd08588 <<invalid sloc>> Implicit 826
| `-FormatAttr 0xd08730 <col:12> Implicit printf 3 4
|-FunctionDecl 0xd08768 prev 0xd084e8 <col:1, line:380:62> line:378:12 snprintf 'int (char *, unsigned long, const char *, ...)' extern
| |-ParmVarDecl 0xd08258 <col:22, col:39> col:39 __s 'char *restrict'
| |-ParmVarDecl 0xd082d0 <col:44, col:51> col:51 __maxlen 'size_t':'unsigned long'
| |-ParmVarDecl 0xd08350 <line:379:8, col:31> col:31 __format 'const char *restrict'
| |-BuiltinAttr 0xd088b0 <<invalid sloc>> Inherited Implicit 826
| |-NoThrowAttr 0xd08820 </usr/include/x86_64-linux-gnu/sys/cdefs.h:80:37>
| `-FormatAttr 0xd08878 </usr/include/stdio.h:380:32, col:60> printf 3 4
|-FunctionDecl 0xd08c10 <line:382:12> col:12 implicit vsnprintf 'int (char *, unsigned long, const char *, struct __va_list_tag *)' extern
| |-ParmVarDecl 0xd08d08 <<invalid sloc>> <invalid sloc> 'char *'
| |-ParmVarDecl 0xd08d70 <<invalid sloc>> <invalid sloc> 'unsigned long'
| |-ParmVarDecl 0xd08dd8 <<invalid sloc>> <invalid sloc> 'const char *'
| |-ParmVarDecl 0xd08e40 <<invalid sloc>> <invalid sloc> 'struct __va_list_tag *'
| |-BuiltinAttr 0xd08cb0 <<invalid sloc>> Implicit 830
| `-FormatAttr 0xd08ec8 <col:12> Implicit printf 3 0
|-FunctionDecl 0xd08f00 prev 0xd08c10 <col:1, line:384:62> line:382:12 vsnprintf 'int (char *, unsigned long, const char *, struct __va_list_tag *)' extern
| |-ParmVarDecl 0xd088f0 <col:23, col:40> col:40 __s 'char *restrict'
| |-ParmVarDecl 0xd08968 <col:45, col:52> col:52 __maxlen 'size_t':'unsigned long'
| |-ParmVarDecl 0xd089e8 <line:383:9, col:32> col:32 __format 'const char *restrict'
| |-ParmVarDecl 0xd08a60 <col:42, col:57> col:57 __arg 'struct __va_list_tag *':'struct __va_list_tag *'
| |-BuiltinAttr 0xd09050 <<invalid sloc>> Inherited Implicit 830
| |-NoThrowAttr 0xd08fc0 </usr/include/x86_64-linux-gnu/sys/cdefs.h:80:37>
| `-FormatAttr 0xd09018 </usr/include/stdio.h:384:32, col:60> printf 3 0
|-FunctionDecl 0xd09300 <line:403:1, line:405:52> line:403:12 vdprintf 'int (int, const char *restrict, struct __va_list_tag *)' extern
| |-ParmVarDecl 0xd09090 <col:22, col:26> col:26 __fd 'int'
| |-ParmVarDecl 0xd09110 <col:32, col:55> col:55 __fmt 'const char *restrict'
| |-ParmVarDecl 0xd09188 <line:404:8, col:23> col:23 __arg 'struct __va_list_tag *':'struct __va_list_tag *'
| `-FormatAttr 0xd093b8 <line:405:22, col:50> printf 2 0
|-FunctionDecl 0xd09628 <line:406:1, line:407:52> line:406:12 dprintf 'int (int, const char *restrict, ...)' extern
| |-ParmVarDecl 0xd09438 <col:21, col:25> col:25 __fd 'int'
| |-ParmVarDecl 0xd094b8 <col:31, col:54> col:54 __fmt 'const char *restrict'
| `-FormatAttr 0xd096d8 <line:407:22, col:50> printf 2 3
|-FunctionDecl 0xd09870 <line:415:12> col:12 implicit fscanf 'int (FILE *restrict, const char *restrict, ...)' extern
| |-ParmVarDecl 0xd09968 <<invalid sloc>> <invalid sloc> 'FILE *restrict'
| |-ParmVarDecl 0xd099d0 <<invalid sloc>> <invalid sloc> 'const char *restrict'
| |-BuiltinAttr 0xd09910 <<invalid sloc>> Implicit 833
| `-FormatAttr 0xd09a48 <col:12> Implicit scanf 2 3
|-FunctionDecl 0xd0ab10 prev 0xd09870 <col:1, line:416:42> line:415:12 fscanf 'int (FILE *restrict, const char *restrict, ...)' extern
| |-ParmVarDecl 0xd09750 <col:20, col:37> col:37 __stream 'FILE *restrict'
| |-ParmVarDecl 0xd097d0 <line:416:6, col:29> col:29 __format 'const char *restrict'
| |-BuiltinAttr 0xd0abf0 <<invalid sloc>> Inherited Implicit 833
| `-FormatAttr 0xd0ac18 <line:415:12> Inherited scanf 2 3
|-FunctionDecl 0xd0ad00 <line:421:12> col:12 implicit scanf 'int (const char *restrict, ...)' extern
| |-ParmVarDecl 0xd0adf8 <<invalid sloc>> <invalid sloc> 'const char *restrict'
| |-BuiltinAttr 0xd0ada0 <<invalid sloc>> Implicit 832
| `-FormatAttr 0xd0ae68 <col:12> Implicit scanf 1 2
|-FunctionDecl 0xd0aea0 prev 0xd0ad00 <col:1, col:55> col:12 scanf 'int (const char *restrict, ...)' extern
| |-ParmVarDecl 0xd0ac68 <col:19, col:42> col:42 __format 'const char *restrict'
| |-BuiltinAttr 0xd0af78 <<invalid sloc>> Inherited Implicit 832
| `-FormatAttr 0xd0afa0 <col:12> Inherited scanf 1 2
|-FunctionDecl 0xd0b198 <line:423:12> col:12 implicit sscanf 'int (const char *restrict, const char *restrict, ...)' extern
| |-ParmVarDecl 0xd0b290 <<invalid sloc>> <invalid sloc> 'const char *restrict'
| |-ParmVarDecl 0xd0b2f8 <<invalid sloc>> <invalid sloc> 'const char *restrict'
| |-BuiltinAttr 0xd0b238 <<invalid sloc>> Implicit 834
| `-FormatAttr 0xd0b370 <col:12> Implicit scanf 2 3
|-FunctionDecl 0xd0b3a8 prev 0xd0b198 <col:1, /usr/include/x86_64-linux-gnu/sys/cdefs.h:79:54> /usr/include/stdio.h:423:12 sscanf 'int (const char *restrict, const char *restrict, ...)' extern
| |-ParmVarDecl 0xd0aff0 <col:20, col:43> col:43 __s 'const char *restrict'
| |-ParmVarDecl 0xd0b070 <line:424:6, col:29> col:29 __format 'const char *restrict'
| |-BuiltinAttr 0xd0b4b0 <<invalid sloc>> Inherited Implicit 834
| |-FormatAttr 0xd0b4d8 <line:423:12> Inherited scanf 2 3
| `-NoThrowAttr 0xd0b458 </usr/include/x86_64-linux-gnu/sys/cdefs.h:79:35>
|-TypedefDecl 0xd0b528 </usr/include/x86_64-linux-gnu/bits/floatn-common.h:214:1, col:15> col:15 _Float32 'float'
| `-BuiltinType 0xc5c720 'float'
|-TypedefDecl 0xd0b598 <line:251:1, col:16> col:16 _Float64 'double'
| `-BuiltinType 0xc5c740 'double'
|-TypedefDecl 0xd0b608 <line:268:1, col:16> col:16 _Float32x 'double'
| `-BuiltinType 0xc5c740 'double'
|-TypedefDecl 0xd0b678 <line:285:1, col:21> col:21 _Float64x 'long double'
| `-BuiltinType 0xc5c760 'long double'
|-FunctionDecl 0xd0b870 prev 0xd0ab10 </usr/include/stdio.h:434:1, /usr/include/x86_64-linux-gnu/sys/cdefs.h:247:79> /usr/include/stdio.h:434:24 fscanf 'int (FILE *restrict, const char *restrict, ...)' extern
| |-ParmVarDecl 0xd0b6e0 <col:33, col:50> col:50 __stream 'FILE *restrict'
| |-ParmVarDecl 0xd0b760 <line:435:5, col:28> col:28 __format 'const char *restrict'
| |-BuiltinAttr 0xd0b998 <<invalid sloc>> Inherited Implicit 833
| |-FormatAttr 0xd0b9c0 <line:415:12> Inherited scanf 2 3
| `-AsmLabelAttr 0xd0b910 <<scratch space>:32:1> "__isoc99_fscanf" IsLiteralLabel
|-FunctionDecl 0xd16f50 prev 0xd0aea0 </usr/include/stdio.h:437:1, /usr/include/x86_64-linux-gnu/sys/cdefs.h:247:79> /usr/include/stdio.h:437:24 scanf 'int (const char *restrict, ...)' extern
| |-ParmVarDecl 0xd0ba10 <col:32, col:55> col:55 __format 'const char *restrict'
| |-BuiltinAttr 0xd17070 <<invalid sloc>> Inherited Implicit 832
| |-FormatAttr 0xd17098 <line:421:12> Inherited scanf 1 2
| `-AsmLabelAttr 0xd16ff0 <<scratch space>:34:1> "__isoc99_scanf" IsLiteralLabel
|-FunctionDecl 0xd17238 prev 0xd0b3a8 </usr/include/stdio.h:439:1, /usr/include/x86_64-linux-gnu/sys/cdefs.h:79:54> /usr/include/stdio.h:439:28 sscanf 'int (const char *restrict, const char *restrict, ...)' extern
| |-ParmVarDecl 0xd170e8 <col:37, col:60> col:60 __s 'const char *restrict'
| |-ParmVarDecl 0xd17168 <line:440:9, col:32> col:32 __format 'const char *restrict'
| |-BuiltinAttr 0xd17388 <<invalid sloc>> Inherited Implicit 834
| |-FormatAttr 0xd173b0 <line:423:12> Inherited scanf 2 3
| |-AsmLabelAttr 0xd172d8 <<scratch space>:36:1> "__isoc99_sscanf" IsLiteralLabel
| `-NoThrowAttr 0xd17360 </usr/include/x86_64-linux-gnu/sys/cdefs.h:79:35>
|-FunctionDecl 0xd17630 </usr/include/stdio.h:459:12> col:12 implicit vfscanf 'int (FILE *restrict, const char *restrict, struct __va_list_tag *)' extern
| |-ParmVarDecl 0xd17728 <<invalid sloc>> <invalid sloc> 'FILE *restrict'
| |-ParmVarDecl 0xd17790 <<invalid sloc>> <invalid sloc> 'const char *restrict'
| |-ParmVarDecl 0xd177f8 <<invalid sloc>> <invalid sloc> 'struct __va_list_tag *'
| |-BuiltinAttr 0xd176d0 <<invalid sloc>> Implicit 836
| `-FormatAttr 0xd17878 <col:12> Implicit scanf 2 0
|-FunctionDecl 0xd178b0 prev 0xd17630 <col:1, line:461:51> line:459:12 vfscanf 'int (FILE *restrict, const char *restrict, struct __va_list_tag *)' extern
| |-ParmVarDecl 0xd173f8 <col:21, col:38> col:38 __s 'FILE *restrict'
| |-ParmVarDecl 0xd17478 <col:43, col:66> col:66 __format 'const char *restrict'
| |-ParmVarDecl 0xd174f0 <line:460:7, col:22> col:22 __arg 'struct __va_list_tag *':'struct __va_list_tag *'
| |-BuiltinAttr 0xd179d0 <<invalid sloc>> Inherited Implicit 836
| `-FormatAttr 0xd17968 <line:461:22, col:49> scanf 2 0
|-FunctionDecl 0xd17bb8 <line:467:12> col:12 implicit vscanf 'int (const char *restrict, struct __va_list_tag *)' extern
| |-ParmVarDecl 0xd17cb0 <<invalid sloc>> <invalid sloc> 'const char *restrict'
| |-ParmVarDecl 0xd17d18 <<invalid sloc>> <invalid sloc> 'struct __va_list_tag *'
| |-BuiltinAttr 0xd17c58 <<invalid sloc>> Implicit 835
| `-FormatAttr 0xd17d90 <col:12> Implicit scanf 1 0
|-FunctionDecl 0xd17dc8 prev 0xd17bb8 <col:1, line:468:51> line:467:12 vscanf 'int (const char *restrict, struct __va_list_tag *)' extern
| |-ParmVarDecl 0xd17a10 <col:20, col:43> col:43 __format 'const char *restrict'
| |-ParmVarDecl 0xd17a88 <col:53, col:68> col:68 __arg 'struct __va_list_tag *':'struct __va_list_tag *'
| |-BuiltinAttr 0xd17ee0 <<invalid sloc>> Inherited Implicit 835
| `-FormatAttr 0xd17e78 <line:468:22, col:49> scanf 1 0
|-FunctionDecl 0xd19040 <line:471:12> col:12 implicit vsscanf 'int (const char *restrict, const char *restrict, struct __va_list_tag *)' extern
| |-ParmVarDecl 0xd19138 <<invalid sloc>> <invalid sloc> 'const char *restrict'
| |-ParmVarDecl 0xd191a0 <<invalid sloc>> <invalid sloc> 'const char *restrict'
| |-ParmVarDecl 0xd19208 <<invalid sloc>> <invalid sloc> 'struct __va_list_tag *'
| |-BuiltinAttr 0xd190e0 <<invalid sloc>> Implicit 837
| `-FormatAttr 0xd19288 <col:12> Implicit scanf 2 0
|-FunctionDecl 0xd192c0 prev 0xd19040 <col:1, line:473:59> line:471:12 vsscanf 'int (const char *restrict, const char *restrict, struct __va_list_tag *)' extern
| |-ParmVarDecl 0xd18d90 <col:21, col:44> col:44 __s 'const char *restrict'
| |-ParmVarDecl 0xd18e10 <line:472:7, col:30> col:30 __format 'const char *restrict'
| |-ParmVarDecl 0xd18e88 <col:40, col:55> col:55 __arg 'struct __va_list_tag *':'struct __va_list_tag *'
| |-BuiltinAttr 0xd19408 <<invalid sloc>> Inherited Implicit 837
| |-NoThrowAttr 0xd19378 </usr/include/x86_64-linux-gnu/sys/cdefs.h:79:35>
| `-FormatAttr 0xd193d0 </usr/include/stdio.h:473:30, col:57> scanf 2 0
|-FunctionDecl 0xd19698 prev 0xd178b0 <line:479:1, line:483:51> line:479:24 vfscanf 'int (FILE *restrict, const char *restrict, struct __va_list_tag *)' extern
| |-ParmVarDecl 0xd19440 <line:480:11, col:28> col:28 __s 'FILE *restrict'
| |-ParmVarDecl 0xd194c0 <line:481:4, col:27> col:27 __format 'const char *restrict'
| |-ParmVarDecl 0xd19538 <col:37, col:52> col:52 __arg 'struct __va_list_tag *':'struct __va_list_tag *'
| |-BuiltinAttr 0xd19800 <<invalid sloc>> Inherited Implicit 836
| |-AsmLabelAttr 0xd19738 <<scratch space>:39:1> "__isoc99_vfscanf" IsLiteralLabel
| `-FormatAttr 0xd197c8 </usr/include/stdio.h:483:22, col:49> scanf 2 0
|-FunctionDecl 0xd199d8 prev 0xd17dc8 <line:484:1, line:486:51> line:484:24 vscanf 'int (const char *restrict, struct __va_list_tag *)' extern
| |-ParmVarDecl 0xd19840 <col:33, col:56> col:56 __format 'const char *restrict'
| |-ParmVarDecl 0xd198b8 <line:485:5, col:20> col:20 __arg 'struct __va_list_tag *':'struct __va_list_tag *'
| |-BuiltinAttr 0xd19b38 <<invalid sloc>> Inherited Implicit 835
| |-AsmLabelAttr 0xd19a78 <<scratch space>:41:1> "__isoc99_vscanf" IsLiteralLabel
| `-FormatAttr 0xd19b00 </usr/include/stdio.h:486:22, col:49> scanf 1 0
|-FunctionDecl 0xd19de0 prev 0xd192c0 <line:487:1, line:491:51> line:487:28 vsscanf 'int (const char *restrict, const char *restrict, struct __va_list_tag *)' extern
| |-ParmVarDecl 0xd19b78 <line:488:8, col:31> col:31 __s 'const char *restrict'
| |-ParmVarDecl 0xd19bf8 <line:489:8, col:31> col:31 __format 'const char *restrict'
| |-ParmVarDecl 0xd19c70 <line:490:8, col:23> col:23 __arg 'struct __va_list_tag *':'struct __va_list_tag *'
| |-BuiltinAttr 0xd19f70 <<invalid sloc>> Inherited Implicit 837
| |-AsmLabelAttr 0xd19e80 <<scratch space>:43:1> "__isoc99_vsscanf" IsLiteralLabel
| |-NoThrowAttr 0xd19f10 </usr/include/x86_64-linux-gnu/sys/cdefs.h:79:35>
| `-FormatAttr 0xd19f38 </usr/include/stdio.h:491:22, col:49> scanf 2 0
|-FunctionDecl 0xd1a040 <line:513:1, col:33> col:12 fgetc 'int (FILE *)' extern
| `-ParmVarDecl 0xd19fa8 <col:19, col:25> col:25 __stream 'FILE *'
|-FunctionDecl 0xd1a190 <line:514:1, col:32> col:12 getc 'int (FILE *)' extern
| `-ParmVarDecl 0xd1a0f8 <col:18, col:24> col:24 __stream 'FILE *'
|-FunctionDecl 0xd1a300 <line:520:1, col:25> col:12 getchar 'int (void)' extern
|-FunctionDecl 0xd1a448 <line:527:1, col:41> col:12 getc_unlocked 'int (FILE *)' extern
| `-ParmVarDecl 0xd1a3b0 <col:27, col:33> col:33 __stream 'FILE *'
|-FunctionDecl 0xd1a590 <line:528:1, col:34> col:12 getchar_unlocked 'int (void)' extern
|-FunctionDecl 0xd1a6d8 <line:538:1, col:42> col:12 fgetc_unlocked 'int (FILE *)' extern
| `-ParmVarDecl 0xd1a640 <col:28, col:34> col:34 __stream 'FILE *'
|-FunctionDecl 0xd1a930 <line:549:1, col:42> col:12 fputc 'int (int, FILE *)' extern
| |-ParmVarDecl 0xd1a798 <col:19, col:23> col:23 __c 'int'
| `-ParmVarDecl 0xd1a810 <col:28, col:34> col:34 __stream 'FILE *'
|-FunctionDecl 0xd1ab10 <line:550:1, col:41> col:12 putc 'int (int, FILE *)' extern
| |-ParmVarDecl 0xd1a9f8 <col:18, col:22> col:22 __c 'int'
| `-ParmVarDecl 0xd1aa70 <col:27, col:33> col:33 __stream 'FILE *'
|-FunctionDecl 0xd1aca0 <line:556:1, col:28> col:12 putchar 'int (int)' extern
| `-ParmVarDecl 0xd1abd8 <col:21, col:25> col:25 __c 'int'
|-FunctionDecl 0xd1aec8 <line:565:1, col:51> col:12 fputc_unlocked 'int (int, FILE *)' extern
| |-ParmVarDecl 0xd1adb0 <col:28, col:32> col:32 __c 'int'
| `-ParmVarDecl 0xd1ae28 <col:37, col:43> col:43 __stream 'FILE *'
|-FunctionDecl 0xd1b0a8 <line:573:1, col:50> col:12 putc_unlocked 'int (int, FILE *)' extern
| |-ParmVarDecl 0xd1af90 <col:27, col:31> col:31 __c 'int'
| `-ParmVarDecl 0xd1b008 <col:36, col:42> col:42 __stream 'FILE *'
|-FunctionDecl 0xd1b208 <line:574:1, col:37> col:12 putchar_unlocked 'int (int)' extern
| `-ParmVarDecl 0xd1b170 <col:30, col:34> col:34 __c 'int'
|-FunctionDecl 0xd1b358 <line:581:1, col:32> col:12 getw 'int (FILE *)' extern
| `-ParmVarDecl 0xd1b2c0 <col:18, col:24> col:24 __stream 'FILE *'
|-FunctionDecl 0xd1b530 <line:584:1, col:41> col:12 putw 'int (int, FILE *)' extern
| |-ParmVarDecl 0xd1b418 <col:18, col:22> col:22 __w 'int'
| `-ParmVarDecl 0xd1b490 <col:27, col:33> col:33 __stream 'FILE *'
|-FunctionDecl 0xd1b820 <line:592:1, col:77> col:14 fgets 'char *(char *restrict, int, FILE *restrict)' extern
| |-ParmVarDecl 0xd1b5f8 <col:21, col:38> col:38 __s 'char *restrict'
| |-ParmVarDecl 0xd1b678 <col:43, col:47> col:47 __n 'int'
| `-ParmVarDecl 0xd1b6f0 <col:52, col:69> col:69 __stream 'FILE *restrict'
|-FunctionDecl 0xd1bba8 <line:632:1, line:634:55> line:632:18 __getdelim '__ssize_t (char **restrict, size_t *restrict, int, FILE *restrict)' extern
| |-ParmVarDecl 0xd1b8f0 <col:30, col:48> col:48 __lineptr 'char **restrict'
| |-ParmVarDecl 0xd1b968 <line:633:30, col:49> col:49 __n 'size_t *restrict'
| |-ParmVarDecl 0xd1b9e8 <col:54, col:58> col:58 __delimiter 'int'
| `-ParmVarDecl 0xd1ba60 <line:634:30, col:47> col:47 __stream 'FILE *restrict'
|-FunctionDecl 0xd1bee0 <line:635:1, line:637:53> line:635:18 getdelim '__ssize_t (char **restrict, size_t *restrict, int, FILE *restrict)' extern
| |-ParmVarDecl 0xd1bc80 <col:28, col:46> col:46 __lineptr 'char **restrict'
| |-ParmVarDecl 0xd1bcf8 <line:636:28, col:47> col:47 __n 'size_t *restrict'
| |-ParmVarDecl 0xd1bdc0 <col:52, col:56> col:56 __delimiter 'int'
| `-ParmVarDecl 0xd1be38 <line:637:28, col:45> col:45 __stream 'FILE *restrict'
|-FunctionDecl 0xd1c1c8 <line:645:1, line:647:52> line:645:18 getline '__ssize_t (char **restrict, size_t *restrict, FILE *restrict)' extern
| |-ParmVarDecl 0xd1bfb8 <col:27, col:45> col:45 __lineptr 'char **restrict'
| |-ParmVarDecl 0xd1c030 <line:646:27, col:46> col:46 __n 'size_t *restrict'
| `-ParmVarDecl 0xd1c0a8 <line:647:27, col:44> col:44 __stream 'FILE *restrict'
|-FunctionDecl 0xd1c430 <line:655:1, col:72> col:12 fputs 'int (const char *restrict, FILE *restrict)' extern
| |-ParmVarDecl 0xd1c298 <col:19, col:42> col:42 __s 'const char *restrict'
| `-ParmVarDecl 0xd1c310 <col:47, col:64> col:64 __stream 'FILE *restrict'
|-FunctionDecl 0xd1c590 <line:661:1, col:33> col:12 puts 'int (const char *)' extern
| `-ParmVarDecl 0xd1c4f8 <col:18, col:30> col:30 __s 'const char *'
|-FunctionDecl 0xd1c768 <line:668:1, col:43> col:12 ungetc 'int (int, FILE *)' extern
| |-ParmVarDecl 0xd1c650 <col:20, col:24> col:24 __c 'int'
| `-ParmVarDecl 0xd1c6c8 <col:29, col:35> col:35 __stream 'FILE *'
|-FunctionDecl 0xd1cb28 <line:675:15> col:15 implicit fread 'unsigned long (void *, unsigned long, unsigned long, FILE *)' extern
| |-ParmVarDecl 0xd1cc20 <<invalid sloc>> <invalid sloc> 'void *'
| |-ParmVarDecl 0xd1cc88 <<invalid sloc>> <invalid sloc> 'unsigned long'
| |-ParmVarDecl 0xd1ccf0 <<invalid sloc>> <invalid sloc> 'unsigned long'
| |-ParmVarDecl 0xd1cd58 <<invalid sloc>> <invalid sloc> 'FILE *'
| `-BuiltinAttr 0xd1cbc8 <<invalid sloc>> Implicit 839
|-FunctionDecl 0xd1cdf0 prev 0xd1cb28 <col:1, line:676:45> line:675:15 fread 'unsigned long (void *, unsigned long, unsigned long, FILE *)' extern
| |-ParmVarDecl 0xd1c830 <col:22, col:39> col:39 __ptr 'void *restrict'
| |-ParmVarDecl 0xd1c8a8 <col:46, col:53> col:53 __size 'size_t':'unsigned long'
| |-ParmVarDecl 0xd1c920 <line:676:8, col:15> col:15 __n 'size_t':'unsigned long'
| |-ParmVarDecl 0xd1c998 <col:20, col:37> col:37 __stream 'FILE *restrict'
| `-BuiltinAttr 0xd1cee0 <<invalid sloc>> Inherited Implicit 839
|-FunctionDecl 0xd1d248 <line:681:15> col:15 implicit fwrite 'unsigned long (const void *, unsigned long, unsigned long, FILE *)' extern
| |-ParmVarDecl 0xd1d340 <<invalid sloc>> <invalid sloc> 'const void *'
| |-ParmVarDecl 0xd1d3a8 <<invalid sloc>> <invalid sloc> 'unsigned long'
| |-ParmVarDecl 0xd1d410 <<invalid sloc>> <invalid sloc> 'unsigned long'
| |-ParmVarDecl 0xd1d478 <<invalid sloc>> <invalid sloc> 'FILE *'
| `-BuiltinAttr 0xd1d2e8 <<invalid sloc>> Implicit 840
|-FunctionDecl 0xd1d500 prev 0xd1d248 <col:1, line:682:41> line:681:15 fwrite 'unsigned long (const void *, unsigned long, unsigned long, FILE *)' extern
| |-ParmVarDecl 0xd1cf50 <col:23, col:46> col:46 __ptr 'const void *restrict'
| |-ParmVarDecl 0xd1cfc8 <col:53, col:60> col:60 __size 'size_t':'unsigned long'
| |-ParmVarDecl 0xd1d040 <line:682:9, col:16> col:16 __n 'size_t':'unsigned long'
| |-ParmVarDecl 0xd1d0b8 <col:21, col:38> col:38 __s 'FILE *restrict'
| `-BuiltinAttr 0xd1d5f0 <<invalid sloc>> Inherited Implicit 840
|-FunctionDecl 0xd1d840 <line:702:1, line:703:47> line:702:15 fread_unlocked 'size_t (void *restrict, size_t, size_t, FILE *restrict)' extern
| |-ParmVarDecl 0xd1d630 <col:31, col:48> col:48 __ptr 'void *restrict'
| |-ParmVarDecl 0xd1d6a8 <col:55, col:62> col:62 __size 'size_t':'unsigned long'
| |-ParmVarDecl 0xd1d720 <line:703:10, col:17> col:17 __n 'size_t':'unsigned long'
| `-ParmVarDecl 0xd1d798 <col:22, col:39> col:39 __stream 'FILE *restrict'
|-FunctionDecl 0xd1db28 <line:704:1, line:705:48> line:704:15 fwrite_unlocked 'size_t (const void *restrict, size_t, size_t, FILE *restrict)' extern
| |-ParmVarDecl 0xd1d918 <col:32, col:55> col:55 __ptr 'const void *restrict'
| |-ParmVarDecl 0xd1d990 <col:62, col:69> col:69 __size 'size_t':'unsigned long'
| |-ParmVarDecl 0xd1da08 <line:705:11, col:18> col:18 __n 'size_t':'unsigned long'
| `-ParmVarDecl 0xd1da80 <col:23, col:40> col:40 __stream 'FILE *restrict'
|-FunctionDecl 0xd1de60 <line:713:1, col:63> col:12 fseek 'int (FILE *, long, int)' extern
| |-ParmVarDecl 0xd1dbf8 <col:19, col:25> col:25 __stream 'FILE *'
| |-ParmVarDecl 0xd1dc78 <col:35, col:44> col:44 __off 'long'
| `-ParmVarDecl 0xd1dcf8 <col:51, col:55> col:55 __whence 'int'
|-FunctionDecl 0xd1e020 <line:718:1, col:38> col:17 ftell 'long (FILE *)' extern
| `-ParmVarDecl 0xd1df28 <col:24, col:30> col:30 __stream 'FILE *'
|-FunctionDecl 0xd1e168 <line:723:1, col:35> col:13 rewind 'void (FILE *)' extern
| `-ParmVarDecl 0xd1e0d8 <col:21, col:27> col:27 __stream 'FILE *'
|-FunctionDecl 0xd1e400 <line:736:1, col:63> col:12 fseeko 'int (FILE *, __off_t, int)' extern
| |-ParmVarDecl 0xd1e220 <col:20, col:26> col:26 __stream 'FILE *'
| |-ParmVarDecl 0xd1e298 <col:36, col:44> col:44 __off '__off_t':'long'
| `-ParmVarDecl 0xd1e318 <col:51, col:55> col:55 __whence 'int'
|-FunctionDecl 0xd1e588 <line:741:1, col:38> col:16 ftello '__off_t (FILE *)' extern
| `-ParmVarDecl 0xd1e4c8 <col:24, col:30> col:30 __stream 'FILE *'
|-FunctionDecl 0xd1e850 <line:760:1, col:72> col:12 fgetpos 'int (FILE *restrict, fpos_t *restrict)' extern
| |-ParmVarDecl 0xd1e640 <col:21, col:38> col:38 __stream 'FILE *restrict'
| `-ParmVarDecl 0xd1e738 <col:48, col:67> col:67 __pos 'fpos_t *restrict'
|-FunctionDecl 0xd1eb00 <line:765:1, col:56> col:12 fsetpos 'int (FILE *, const fpos_t *)' extern
| |-ParmVarDecl 0xd1e910 <col:21, col:27> col:27 __stream 'FILE *'
| `-ParmVarDecl 0xd1e9e8 <col:37, col:51> col:51 __pos 'const fpos_t *'
|-FunctionDecl 0xd1ec50 <line:786:1, /usr/include/x86_64-linux-gnu/sys/cdefs.h:79:54> /usr/include/stdio.h:786:13 clearerr 'void (FILE *)' extern
| |-ParmVarDecl 0xd1ebc0 <col:23, col:29> col:29 __stream 'FILE *'
| `-NoThrowAttr 0xd1ecf8 </usr/include/x86_64-linux-gnu/sys/cdefs.h:79:35>
|-FunctionDecl 0xd1ee20 </usr/include/stdio.h:788:1, /usr/include/x86_64-linux-gnu/sys/cdefs.h:79:54> /usr/include/stdio.h:788:12 feof 'int (FILE *)' extern
| |-ParmVarDecl 0xd1ed60 <col:18, col:24> col:24 __stream 'FILE *'
| `-NoThrowAttr 0xd1eec8 </usr/include/x86_64-linux-gnu/sys/cdefs.h:79:35>
|-FunctionDecl 0xd1efc8 </usr/include/stdio.h:790:1, /usr/include/x86_64-linux-gnu/sys/cdefs.h:79:54> /usr/include/stdio.h:790:12 ferror 'int (FILE *)' extern
| |-ParmVarDecl 0xd1ef30 <col:20, col:26> col:26 __stream 'FILE *'
| `-NoThrowAttr 0xd1f070 </usr/include/x86_64-linux-gnu/sys/cdefs.h:79:35>
|-FunctionDecl 0xd1f168 </usr/include/stdio.h:794:1, /usr/include/x86_64-linux-gnu/sys/cdefs.h:79:54> /usr/include/stdio.h:794:13 clearerr_unlocked 'void (FILE *)' extern
| |-ParmVarDecl 0xd1f0d8 <col:32, col:38> col:38 __stream 'FILE *'
| `-NoThrowAttr 0xd1f210 </usr/include/x86_64-linux-gnu/sys/cdefs.h:79:35>
|-FunctionDecl 0xd1f310 </usr/include/stdio.h:795:1, /usr/include/x86_64-linux-gnu/sys/cdefs.h:79:54> /usr/include/stdio.h:795:12 feof_unlocked 'int (FILE *)' extern
| |-ParmVarDecl 0xd1f278 <col:27, col:33> col:33 __stream 'FILE *'
| `-NoThrowAttr 0xd1f3b8 </usr/include/x86_64-linux-gnu/sys/cdefs.h:79:35>
|-FunctionDecl 0xd1f4b8 </usr/include/stdio.h:796:1, /usr/include/x86_64-linux-gnu/sys/cdefs.h:79:54> /usr/include/stdio.h:796:12 ferror_unlocked 'int (FILE *)' extern
| |-ParmVarDecl 0xd1f420 <col:29, col:35> col:35 __stream 'FILE *'
| `-NoThrowAttr 0xd1f560 </usr/include/x86_64-linux-gnu/sys/cdefs.h:79:35>
|-FunctionDecl 0xd1f698 </usr/include/stdio.h:804:1, col:36> col:13 perror 'void (const char *)' extern
| `-ParmVarDecl 0xd1f5d0 <col:21, col:33> col:33 __s 'const char *'
|-FunctionDecl 0xd1f7e8 <line:809:1, /usr/include/x86_64-linux-gnu/sys/cdefs.h:79:54> /usr/include/stdio.h:809:12 fileno 'int (FILE *)' extern
| |-ParmVarDecl 0xd1f750 <col:20, col:26> col:26 __stream 'FILE *'
| `-NoThrowAttr 0xd1f890 </usr/include/x86_64-linux-gnu/sys/cdefs.h:79:35>
|-FunctionDecl 0xd1f990 </usr/include/stdio.h:814:1, /usr/include/x86_64-linux-gnu/sys/cdefs.h:79:54> /usr/include/stdio.h:814:12 fileno_unlocked 'int (FILE *)' extern
| |-ParmVarDecl 0xd1f8f8 <col:29, col:35> col:35 __stream 'FILE *'
| `-NoThrowAttr 0xd1fa38 </usr/include/x86_64-linux-gnu/sys/cdefs.h:79:35>
|-FunctionDecl 0xd1fb38 </usr/include/stdio.h:823:1, col:34> col:12 pclose 'int (FILE *)' extern
| `-ParmVarDecl 0xd1faa0 <col:20, col:26> col:26 __stream 'FILE *'
|-FunctionDecl 0xd1fd10 <line:829:1, /usr/include/x86_64-linux-gnu/sys/cdefs.h:281:58> /usr/include/stdio.h:829:14 popen 'FILE *(const char *, const char *)' extern
| |-ParmVarDecl 0xd1fbf8 <col:21, col:33> col:33 __command 'const char *'
| |-ParmVarDecl 0xd1fc78 <col:44, col:56> col:56 __modes 'const char *'
| `-RestrictAttr 0xd1fdc0 </usr/include/x86_64-linux-gnu/sys/cdefs.h:281:47> malloc
|-FunctionDecl 0xd20ef0 </usr/include/stdio.h:837:1, /usr/include/x86_64-linux-gnu/sys/cdefs.h:79:54> /usr/include/stdio.h:837:14 ctermid 'char *(char *)' extern
| |-ParmVarDecl 0xd20e58 <col:23, col:29> col:29 __s 'char *'
| `-NoThrowAttr 0xd20f98 </usr/include/x86_64-linux-gnu/sys/cdefs.h:79:35>
|-FunctionDecl 0xd21090 </usr/include/stdio.h:867:1, /usr/include/x86_64-linux-gnu/sys/cdefs.h:79:54> /usr/include/stdio.h:867:13 flockfile 'void (FILE *)' extern
| |-ParmVarDecl 0xd21000 <col:24, col:30> col:30 __stream 'FILE *'
| `-NoThrowAttr 0xd21138 </usr/include/x86_64-linux-gnu/sys/cdefs.h:79:35>
|-FunctionDecl 0xd21238 </usr/include/stdio.h:871:1, /usr/include/x86_64-linux-gnu/sys/cdefs.h:79:54> /usr/include/stdio.h:871:12 ftrylockfile 'int (FILE *)' extern
| |-ParmVarDecl 0xd211a0 <col:26, col:32> col:32 __stream 'FILE *'
| `-NoThrowAttr 0xd212e0 </usr/include/x86_64-linux-gnu/sys/cdefs.h:79:35>
|-FunctionDecl 0xd213d8 </usr/include/stdio.h:874:1, /usr/include/x86_64-linux-gnu/sys/cdefs.h:79:54> /usr/include/stdio.h:874:13 funlockfile 'void (FILE *)' extern
| |-ParmVarDecl 0xd21348 <col:26, col:32> col:32 __stream 'FILE *'
| `-NoThrowAttr 0xd21480 </usr/include/x86_64-linux-gnu/sys/cdefs.h:79:35>
|-FunctionDecl 0xd21580 </usr/include/stdio.h:885:1, col:27> col:12 __uflow 'int (FILE *)' extern
| `-ParmVarDecl 0xd214e8 <col:21, col:26> col:27 'FILE *'
|-FunctionDecl 0xd217d0 <line:886:1, col:35> col:12 __overflow 'int (FILE *, int)' extern
| |-ParmVarDecl 0xd21638 <col:24, col:29> col:30 'FILE *'
| `-ParmVarDecl 0xd216b8 <col:32> col:35 'int'
|-VarDecl 0xd21898 <6.c:2:1, col:9> col:7 used c 'float' cinit
| `-ImplicitCastExpr 0xd21920 <col:9> 'float' <FloatingCast>
|   `-FloatingLiteral 0xd21900 <col:9> 'double' 3.880000e+00
`-FunctionDecl 0xd21990 <line:3:1, line:14:1> line:3:5 main 'int ()'
  `-CompoundStmt 0xd22940 <col:11, line:14:1>
    |-DeclStmt 0xd21bf0 <line:4:2, col:14>
    | |-VarDecl 0xd21ad0 <col:2, col:9> col:6 used a 'int[3]'
    | `-VarDecl 0xd21b50 <col:2, col:13> col:11 used b 'int' cinit
    |   `-IntegerLiteral 0xd21bb8 <col:13> 'int' 2
    |-BinaryOperator 0xd21cd0 <line:5:2, col:7> 'int' '='
    | |-ArraySubscriptExpr 0xd21c90 <col:2, col:5> 'int' lvalue
    | | |-ImplicitCastExpr 0xd21c78 <col:2> 'int *' <ArrayToPointerDecay>
    | | | `-DeclRefExpr 0xd21c08 <col:2> 'int[3]' lvalue Var 0xd21ad0 'a' 'int[3]'
    | | `-IntegerLiteral 0xd21c28 <col:4> 'int' 2
    | `-IntegerLiteral 0xd21cb0 <col:7> 'int' 1
    |-ForStmt 0xd226b0 <line:6:2, line:11:2>
    | |-DeclStmt 0xd21d90 <line:6:6, col:13>
    | | `-VarDecl 0xd21d08 <col:6, col:12> col:10 used i 'int' cinit
    | |   `-IntegerLiteral 0xd21d70 <col:12> 'int' 0
    | |-<<<NULL>>>
    | |-BinaryOperator 0xd222f0 <col:14, col:16> 'int' '<'
    | | |-ImplicitCastExpr 0xd21de8 <col:14> 'int' <LValueToRValue>
    | | | `-DeclRefExpr 0xd21da8 <col:14> 'int' lvalue Var 0xd21d08 'i' 'int'
    | | `-IntegerLiteral 0xd21dc8 <col:16> 'int' 15
    | |-UnaryOperator 0xd22330 <col:19, col:20> 'int' postfix '++'
    | | `-DeclRefExpr 0xd22310 <col:19> 'int' lvalue Var 0xd21d08 'i' 'int'
    | `-CompoundStmt 0xd22680 <col:23, line:11:2>
    |   |-IfStmt 0xd223e0 <line:7:3, col:11>
    |   | |-BinaryOperator 0xd223b8 <col:6, col:9> 'int' '=='
    |   | | |-ImplicitCastExpr 0xd22388 <col:6> 'float' <LValueToRValue>
    |   | | | `-DeclRefExpr 0xd22348 <col:6> 'float' lvalue Var 0xd21898 'c' 'float'
    |   | | `-ImplicitCastExpr 0xd223a0 <col:9> 'float' <IntegralToFloating>
    |   | |   `-IntegerLiteral 0xd22368 <col:9> 'int' 1
    |   | `-BreakStmt 0xd223d8 <col:11>
    |   |-IfStmt 0xd224d8 <line:8:3, col:15>
    |   | |-BinaryOperator 0xd224b0 <col:6, col:12> 'int' '=='
    |   | | |-ImplicitCastExpr 0xd22498 <col:6, col:9> 'int' <LValueToRValue>
    |   | | | `-ArraySubscriptExpr 0xd22458 <col:6, col:9> 'int' lvalue
    |   | | |   |-ImplicitCastExpr 0xd22440 <col:6> 'int *' <ArrayToPointerDecay>
    |   | | |   | `-DeclRefExpr 0xd22400 <col:6> 'int[3]' lvalue Var 0xd21ad0 'a' 'int[3]'
    |   | | |   `-IntegerLiteral 0xd22420 <col:8> 'int' 2
    |   | | `-IntegerLiteral 0xd22478 <col:12> 'int' 10
    |   | `-ContinueStmt 0xd224d0 <col:15>
    |   |-UnaryOperator 0xd22570 <line:9:3, col:7> 'int' postfix '++'
    |   | `-ArraySubscriptExpr 0xd22550 <col:3, col:6> 'int' lvalue
    |   |   |-ImplicitCastExpr 0xd22538 <col:3> 'int *' <ArrayToPointerDecay>
    |   |   | `-DeclRefExpr 0xd224f8 <col:3> 'int[3]' lvalue Var 0xd21ad0 'a' 'int[3]'
    |   |   `-IntegerLiteral 0xd22518 <col:5> 'int' 2
    |   `-CompoundAssignOperator 0xd22650 <line:10:3, col:8> 'float' '+=' ComputeLHSTy='float' ComputeResultTy='float'
    |     |-DeclRefExpr 0xd22588 <col:3> 'float' lvalue Var 0xd21898 'c' 'float'
    |     `-BinaryOperator 0xd22630 <col:6, col:8> 'float' '/'
    |       |-ImplicitCastExpr 0xd225e8 <col:6> 'float' <LValueToRValue>
    |       | `-DeclRefExpr 0xd225a8 <col:6> 'float' lvalue Var 0xd21898 'c' 'float'
    |       `-ImplicitCastExpr 0xd22618 <col:8> 'float' <IntegralToFloating>
    |         `-ImplicitCastExpr 0xd22600 <col:8> 'int' <LValueToRValue>
    |           `-DeclRefExpr 0xd225c8 <col:8> 'int' lvalue Var 0xd21b50 'b' 'int'
    |-CallExpr 0xd22860 <line:12:2, col:30> 'int'
    | |-ImplicitCastExpr 0xd22848 <col:2> 'int (*)(const char *, ...)' <FunctionToPointerDecay>
    | | `-DeclRefExpr 0xd226e8 <col:2> 'int (const char *, ...)' Function 0xd06908 'printf' 'int (const char *, ...)'
    | |-ImplicitCastExpr 0xd228b0 <col:9> 'const char *' <NoOp>
    | | `-ImplicitCastExpr 0xd22898 <col:9> 'char *' <ArrayToPointerDecay>
    | |   `-StringLiteral 0xd22748 <col:9> 'char[13]' lvalue "a[2]=%d c=%f"
    | |-ImplicitCastExpr 0xd228c8 <col:24, col:27> 'int' <LValueToRValue>
    | | `-ArraySubscriptExpr 0xd227c8 <col:24, col:27> 'int' lvalue
    | |   |-ImplicitCastExpr 0xd227b0 <col:24> 'int *' <ArrayToPointerDecay>
    | |   | `-DeclRefExpr 0xd22770 <col:24> 'int[3]' lvalue Var 0xd21ad0 'a' 'int[3]'
    | |   `-IntegerLiteral 0xd22790 <col:26> 'int' 2
    | `-ImplicitCastExpr 0xd228f8 <col:29> 'double' <FloatingCast>
    |   `-ImplicitCastExpr 0xd228e0 <col:29> 'float' <LValueToRValue>
    |     `-DeclRefExpr 0xd227e8 <col:29> 'float' lvalue Var 0xd21898 'c' 'float'
    `-ReturnStmt 0xd22930 <line:13:2, col:9>
      `-IntegerLiteral 0xd22910 <col:9> 'int' 0
